#
# There is insufficient memory for the Java Runtime Environment to continue.
# Native memory allocation (malloc) failed to allocate 400016 bytes for Chunk::new
# Possible reasons:
#   The system is out of physical RAM or swap space
#   The process is running with CompressedOops enabled, and the Java Heap may be blocking the growth of the native heap
# Possible solutions:
#   Reduce memory load on the system
#   Increase physical memory or swap space
#   Check if swap backing store is full
#   Decrease Java heap size (-Xmx/-Xms)
#   Decrease number of Java threads
#   Decrease Java thread stack sizes (-Xss)
#   Set larger code cache with -XX:ReservedCodeCacheSize=
#   JVM is running with Zero Based Compressed Oops mode in which the Java heap is
#     placed in the first 32GB address space. The Java Heap base address is the
#     maximum limit for the native heap growth. Please use -XX:HeapBaseMinAddress
#     to set the Java Heap base and to place the Java Heap above 32GB virtual address.
# This output file may be truncated or incomplete.
#
#  Out of Memory Error (arena.cpp:189), pid=9068, tid=4924
#
# JRE version: Java(TM) SE Runtime Environment (17.0.10+11) (build 17.0.10+11-LTS-240)
# Java VM: Java HotSpot(TM) 64-Bit Server VM (17.0.10+11-LTS-240, mixed mode, sharing, tiered, compressed oops, compressed class ptrs, g1 gc, windows-amd64)
# No core dump will be written. Minidumps are not enabled by default on client versions of Windows
#

---------------  S U M M A R Y ------------

Command Line: -javaagent:C:\Program Files\JetBrains\IntelliJ IDEA Community Edition 2023.3.2\lib\idea_rt.jar=54944:C:\Program Files\JetBrains\IntelliJ IDEA Community Edition 2023.3.2\bin -Dfile.encoding=UTF-8 com.restaurant.restaurant_spring.RestaurantSpringApplication

Host: Intel(R) Core(TM) i7-10610U CPU @ 1.80GHz, 8 cores, 15G,  Windows 11 , 64 bit Build 22621 (10.0.22621.3527)
Time: Wed Jun 19 18:23:51 2024 Afr. centrale Ouest elapsed time: 0.631211 seconds (0d 0h 0m 0s)

---------------  T H R E A D  ---------------

Current thread (0x000001a2cc37ffd0):  JavaThread "C2 CompilerThread1" daemon [_thread_in_native, id=4924, stack(0x0000006dbfe00000,0x0000006dbff00000)]


Current CompileTask:
C2:    631  640   !   4       jdk.internal.loader.URLClassPath$JarLoader::getResource (65 bytes)

Stack: [0x0000006dbfe00000,0x0000006dbff00000]
Native frames: (J=compiled Java code, j=interpreted, Vv=VM code, C=native code)
V  [jvm.dll+0x677a5a]
V  [jvm.dll+0x7d8b2d]
V  [jvm.dll+0x7da48e]
V  [jvm.dll+0x7daaf3]
V  [jvm.dll+0x2455ff]
V  [jvm.dll+0xaaafb]
V  [jvm.dll+0xab09c]
V  [jvm.dll+0x2aafef]
V  [jvm.dll+0x57fd55]
V  [jvm.dll+0x220472]
V  [jvm.dll+0x21945f]
V  [jvm.dll+0x216c79]
V  [jvm.dll+0x1a3410]
V  [jvm.dll+0x226aeb]
V  [jvm.dll+0x224cab]
V  [jvm.dll+0x78e45c]
V  [jvm.dll+0x78888a]
V  [jvm.dll+0x676935]
C  [ucrtbase.dll+0x29333]
C  [KERNEL32.DLL+0x1257d]
C  [ntdll.dll+0x5aa48]


---------------  P R O C E S S  ---------------

Threads class SMR info:
_java_thread_list=0x000001a2cc44c4a0, length=14, elements={
0x000001a2a75dd4b0, 0x000001a2cbfe01c0, 0x000001a2cbfe0e40, 0x000001a2cbff5c60,
0x000001a2cbff6d40, 0x000001a2cbff8620, 0x000001a2cbff9300, 0x000001a2cbffe030,
0x000001a2cc006e00, 0x000001a2cc00bef0, 0x000001a2cc00aab0, 0x000001a2cc37ffd0,
0x000001a2cc00afc0, 0x000001a2cc00ce20
}

Java Threads: ( => current thread )
  0x000001a2a75dd4b0 JavaThread "main" [_thread_in_Java, id=12744, stack(0x0000006dbed00000,0x0000006dbee00000)]
  0x000001a2cbfe01c0 JavaThread "Reference Handler" daemon [_thread_blocked, id=18764, stack(0x0000006dbf400000,0x0000006dbf500000)]
  0x000001a2cbfe0e40 JavaThread "Finalizer" daemon [_thread_blocked, id=2308, stack(0x0000006dbf500000,0x0000006dbf600000)]
  0x000001a2cbff5c60 JavaThread "Signal Dispatcher" daemon [_thread_blocked, id=4556, stack(0x0000006dbf600000,0x0000006dbf700000)]
  0x000001a2cbff6d40 JavaThread "Attach Listener" daemon [_thread_blocked, id=19756, stack(0x0000006dbf700000,0x0000006dbf800000)]
  0x000001a2cbff8620 JavaThread "Service Thread" daemon [_thread_blocked, id=10264, stack(0x0000006dbf800000,0x0000006dbf900000)]
  0x000001a2cbff9300 JavaThread "Monitor Deflation Thread" daemon [_thread_blocked, id=15576, stack(0x0000006dbf900000,0x0000006dbfa00000)]
  0x000001a2cbffe030 JavaThread "C2 CompilerThread0" daemon [_thread_in_native, id=6668, stack(0x0000006dbfa00000,0x0000006dbfb00000)]
  0x000001a2cc006e00 JavaThread "C1 CompilerThread0" daemon [_thread_in_native, id=13960, stack(0x0000006dbfb00000,0x0000006dbfc00000)]
  0x000001a2cc00bef0 JavaThread "Sweeper thread" daemon [_thread_blocked, id=7728, stack(0x0000006dbfc00000,0x0000006dbfd00000)]
  0x000001a2cc00aab0 JavaThread "Common-Cleaner" daemon [_thread_blocked, id=7384, stack(0x0000006dbfd00000,0x0000006dbfe00000)]
=>0x000001a2cc37ffd0 JavaThread "C2 CompilerThread1" daemon [_thread_in_native, id=4924, stack(0x0000006dbfe00000,0x0000006dbff00000)]
  0x000001a2cc00afc0 JavaThread "Monitor Ctrl-Break" daemon [_thread_in_native, id=14460, stack(0x0000006dbff00000,0x0000006dc0000000)]
  0x000001a2cc00ce20 JavaThread "Notification Thread" daemon [_thread_blocked, id=11236, stack(0x0000006dc0000000,0x0000006dc0100000)]

Other Threads:
  0x000001a2cbfd8c60 VMThread "VM Thread" [stack: 0x0000006dbf300000,0x0000006dbf400000] [id=13192]
  0x000001a2a7667b70 WatcherThread [stack: 0x0000006dc0100000,0x0000006dc0200000] [id=19868]
  0x000001a2a764c660 GCTaskThread "GC Thread#0" [stack: 0x0000006dbee00000,0x0000006dbef00000] [id=4336]
  0x000001a2a765e260 ConcurrentGCThread "G1 Main Marker" [stack: 0x0000006dbef00000,0x0000006dbf000000] [id=18968]
  0x000001a2a7660320 ConcurrentGCThread "G1 Conc#0" [stack: 0x0000006dbf000000,0x0000006dbf100000] [id=9284]
  0x000001a2a769e190 ConcurrentGCThread "G1 Refine#0" [stack: 0x0000006dbf100000,0x0000006dbf200000] [id=14204]
  0x000001a2a769e480 ConcurrentGCThread "G1 Service" [stack: 0x0000006dbf200000,0x0000006dbf300000] [id=13032]

Threads with active compile tasks:
C2 CompilerThread0      658  658       4       java.util.jar.JarFile::getEntry (35 bytes)
C1 CompilerThread0      658  750       3       java.io.FilterInputStream::<init> (10 bytes)
C2 CompilerThread1      658  640   !   4       jdk.internal.loader.URLClassPath$JarLoader::getResource (65 bytes)
C2 CompilerThread2      658  744       4       java.lang.String::startsWith (138 bytes)

VM state: not at safepoint (normal execution)

VM Mutex/Monitor currently owned by a thread: None

Heap address: 0x0000000704600000, size: 4026 MB, Compressed Oops mode: Zero based, Oop shift amount: 3

CDS archive(s) mapped at: [0x000001a2cd000000-0x000001a2cdbd0000-0x000001a2cdbd0000), size 12386304, SharedBaseAddress: 0x000001a2cd000000, ArchiveRelocationMode: 1.
Compressed class space mapped at: 0x000001a2ce000000-0x000001a30e000000, reserved size: 1073741824
Narrow klass base: 0x000001a2cd000000, Narrow klass shift: 0, Narrow klass range: 0x100000000

GC Precious Log:
 CPUs: 8 total, 8 available
 Memory: 16103M
 Large Page Support: Disabled
 NUMA Support: Disabled
 Compressed Oops: Enabled (Zero based)
 Heap Region Size: 2M
 Heap Min Capacity: 8M
 Heap Initial Capacity: 252M
 Heap Max Capacity: 4026M
 Pre-touch: Disabled
 Parallel Workers: 8
 Concurrent Workers: 2
 Concurrent Refinement Workers: 8
 Periodic GC: Disabled

Heap:
 garbage-first heap   total 258048K, used 10240K [0x0000000704600000, 0x0000000800000000)
  region size 2048K, 7 young (14336K), 0 survivors (0K)
 Metaspace       used 3179K, committed 3392K, reserved 1114112K
  class space    used 318K, committed 384K, reserved 1048576K

Heap Regions: E=young(eden), S=young(survivor), O=old, HS=humongous(starts), HC=humongous(continues), CS=collection set, F=free, OA=open archive, CA=closed archive, TAMS=top-at-mark-start (previous, next)
|   0|0x0000000704600000, 0x0000000704600000, 0x0000000704800000|  0%| F|  |TAMS 0x0000000704600000, 0x0000000704600000| Untracked 
|   1|0x0000000704800000, 0x0000000704800000, 0x0000000704a00000|  0%| F|  |TAMS 0x0000000704800000, 0x0000000704800000| Untracked 
|   2|0x0000000704a00000, 0x0000000704a00000, 0x0000000704c00000|  0%| F|  |TAMS 0x0000000704a00000, 0x0000000704a00000| Untracked 
|   3|0x0000000704c00000, 0x0000000704c00000, 0x0000000704e00000|  0%| F|  |TAMS 0x0000000704c00000, 0x0000000704c00000| Untracked 
|   4|0x0000000704e00000, 0x0000000704e00000, 0x0000000705000000|  0%| F|  |TAMS 0x0000000704e00000, 0x0000000704e00000| Untracked 
|   5|0x0000000705000000, 0x0000000705000000, 0x0000000705200000|  0%| F|  |TAMS 0x0000000705000000, 0x0000000705000000| Untracked 
|   6|0x0000000705200000, 0x0000000705200000, 0x0000000705400000|  0%| F|  |TAMS 0x0000000705200000, 0x0000000705200000| Untracked 
|   7|0x0000000705400000, 0x0000000705400000, 0x0000000705600000|  0%| F|  |TAMS 0x0000000705400000, 0x0000000705400000| Untracked 
|   8|0x0000000705600000, 0x0000000705600000, 0x0000000705800000|  0%| F|  |TAMS 0x0000000705600000, 0x0000000705600000| Untracked 
|   9|0x0000000705800000, 0x0000000705800000, 0x0000000705a00000|  0%| F|  |TAMS 0x0000000705800000, 0x0000000705800000| Untracked 
|  10|0x0000000705a00000, 0x0000000705a00000, 0x0000000705c00000|  0%| F|  |TAMS 0x0000000705a00000, 0x0000000705a00000| Untracked 
|  11|0x0000000705c00000, 0x0000000705c00000, 0x0000000705e00000|  0%| F|  |TAMS 0x0000000705c00000, 0x0000000705c00000| Untracked 
|  12|0x0000000705e00000, 0x0000000705e00000, 0x0000000706000000|  0%| F|  |TAMS 0x0000000705e00000, 0x0000000705e00000| Untracked 
|  13|0x0000000706000000, 0x0000000706000000, 0x0000000706200000|  0%| F|  |TAMS 0x0000000706000000, 0x0000000706000000| Untracked 
|  14|0x0000000706200000, 0x0000000706200000, 0x0000000706400000|  0%| F|  |TAMS 0x0000000706200000, 0x0000000706200000| Untracked 
|  15|0x0000000706400000, 0x0000000706400000, 0x0000000706600000|  0%| F|  |TAMS 0x0000000706400000, 0x0000000706400000| Untracked 
|  16|0x0000000706600000, 0x0000000706600000, 0x0000000706800000|  0%| F|  |TAMS 0x0000000706600000, 0x0000000706600000| Untracked 
|  17|0x0000000706800000, 0x0000000706800000, 0x0000000706a00000|  0%| F|  |TAMS 0x0000000706800000, 0x0000000706800000| Untracked 
|  18|0x0000000706a00000, 0x0000000706a00000, 0x0000000706c00000|  0%| F|  |TAMS 0x0000000706a00000, 0x0000000706a00000| Untracked 
|  19|0x0000000706c00000, 0x0000000706c00000, 0x0000000706e00000|  0%| F|  |TAMS 0x0000000706c00000, 0x0000000706c00000| Untracked 
|  20|0x0000000706e00000, 0x0000000706e00000, 0x0000000707000000|  0%| F|  |TAMS 0x0000000706e00000, 0x0000000706e00000| Untracked 
|  21|0x0000000707000000, 0x0000000707000000, 0x0000000707200000|  0%| F|  |TAMS 0x0000000707000000, 0x0000000707000000| Untracked 
|  22|0x0000000707200000, 0x0000000707200000, 0x0000000707400000|  0%| F|  |TAMS 0x0000000707200000, 0x0000000707200000| Untracked 
|  23|0x0000000707400000, 0x0000000707400000, 0x0000000707600000|  0%| F|  |TAMS 0x0000000707400000, 0x0000000707400000| Untracked 
|  24|0x0000000707600000, 0x0000000707600000, 0x0000000707800000|  0%| F|  |TAMS 0x0000000707600000, 0x0000000707600000| Untracked 
|  25|0x0000000707800000, 0x0000000707800000, 0x0000000707a00000|  0%| F|  |TAMS 0x0000000707800000, 0x0000000707800000| Untracked 
|  26|0x0000000707a00000, 0x0000000707a00000, 0x0000000707c00000|  0%| F|  |TAMS 0x0000000707a00000, 0x0000000707a00000| Untracked 
|  27|0x0000000707c00000, 0x0000000707c00000, 0x0000000707e00000|  0%| F|  |TAMS 0x0000000707c00000, 0x0000000707c00000| Untracked 
|  28|0x0000000707e00000, 0x0000000707e00000, 0x0000000708000000|  0%| F|  |TAMS 0x0000000707e00000, 0x0000000707e00000| Untracked 
|  29|0x0000000708000000, 0x0000000708000000, 0x0000000708200000|  0%| F|  |TAMS 0x0000000708000000, 0x0000000708000000| Untracked 
|  30|0x0000000708200000, 0x0000000708200000, 0x0000000708400000|  0%| F|  |TAMS 0x0000000708200000, 0x0000000708200000| Untracked 
|  31|0x0000000708400000, 0x0000000708400000, 0x0000000708600000|  0%| F|  |TAMS 0x0000000708400000, 0x0000000708400000| Untracked 
|  32|0x0000000708600000, 0x0000000708600000, 0x0000000708800000|  0%| F|  |TAMS 0x0000000708600000, 0x0000000708600000| Untracked 
|  33|0x0000000708800000, 0x0000000708800000, 0x0000000708a00000|  0%| F|  |TAMS 0x0000000708800000, 0x0000000708800000| Untracked 
|  34|0x0000000708a00000, 0x0000000708a00000, 0x0000000708c00000|  0%| F|  |TAMS 0x0000000708a00000, 0x0000000708a00000| Untracked 
|  35|0x0000000708c00000, 0x0000000708c00000, 0x0000000708e00000|  0%| F|  |TAMS 0x0000000708c00000, 0x0000000708c00000| Untracked 
|  36|0x0000000708e00000, 0x0000000708e00000, 0x0000000709000000|  0%| F|  |TAMS 0x0000000708e00000, 0x0000000708e00000| Untracked 
|  37|0x0000000709000000, 0x0000000709000000, 0x0000000709200000|  0%| F|  |TAMS 0x0000000709000000, 0x0000000709000000| Untracked 
|  38|0x0000000709200000, 0x0000000709200000, 0x0000000709400000|  0%| F|  |TAMS 0x0000000709200000, 0x0000000709200000| Untracked 
|  39|0x0000000709400000, 0x0000000709400000, 0x0000000709600000|  0%| F|  |TAMS 0x0000000709400000, 0x0000000709400000| Untracked 
|  40|0x0000000709600000, 0x0000000709600000, 0x0000000709800000|  0%| F|  |TAMS 0x0000000709600000, 0x0000000709600000| Untracked 
|  41|0x0000000709800000, 0x0000000709800000, 0x0000000709a00000|  0%| F|  |TAMS 0x0000000709800000, 0x0000000709800000| Untracked 
|  42|0x0000000709a00000, 0x0000000709a00000, 0x0000000709c00000|  0%| F|  |TAMS 0x0000000709a00000, 0x0000000709a00000| Untracked 
|  43|0x0000000709c00000, 0x0000000709c00000, 0x0000000709e00000|  0%| F|  |TAMS 0x0000000709c00000, 0x0000000709c00000| Untracked 
|  44|0x0000000709e00000, 0x0000000709e00000, 0x000000070a000000|  0%| F|  |TAMS 0x0000000709e00000, 0x0000000709e00000| Untracked 
|  45|0x000000070a000000, 0x000000070a000000, 0x000000070a200000|  0%| F|  |TAMS 0x000000070a000000, 0x000000070a000000| Untracked 
|  46|0x000000070a200000, 0x000000070a200000, 0x000000070a400000|  0%| F|  |TAMS 0x000000070a200000, 0x000000070a200000| Untracked 
|  47|0x000000070a400000, 0x000000070a400000, 0x000000070a600000|  0%| F|  |TAMS 0x000000070a400000, 0x000000070a400000| Untracked 
|  48|0x000000070a600000, 0x000000070a600000, 0x000000070a800000|  0%| F|  |TAMS 0x000000070a600000, 0x000000070a600000| Untracked 
|  49|0x000000070a800000, 0x000000070a800000, 0x000000070aa00000|  0%| F|  |TAMS 0x000000070a800000, 0x000000070a800000| Untracked 
|  50|0x000000070aa00000, 0x000000070aa00000, 0x000000070ac00000|  0%| F|  |TAMS 0x000000070aa00000, 0x000000070aa00000| Untracked 
|  51|0x000000070ac00000, 0x000000070ac00000, 0x000000070ae00000|  0%| F|  |TAMS 0x000000070ac00000, 0x000000070ac00000| Untracked 
|  52|0x000000070ae00000, 0x000000070ae00000, 0x000000070b000000|  0%| F|  |TAMS 0x000000070ae00000, 0x000000070ae00000| Untracked 
|  53|0x000000070b000000, 0x000000070b000000, 0x000000070b200000|  0%| F|  |TAMS 0x000000070b000000, 0x000000070b000000| Untracked 
|  54|0x000000070b200000, 0x000000070b200000, 0x000000070b400000|  0%| F|  |TAMS 0x000000070b200000, 0x000000070b200000| Untracked 
|  55|0x000000070b400000, 0x000000070b400000, 0x000000070b600000|  0%| F|  |TAMS 0x000000070b400000, 0x000000070b400000| Untracked 
|  56|0x000000070b600000, 0x000000070b600000, 0x000000070b800000|  0%| F|  |TAMS 0x000000070b600000, 0x000000070b600000| Untracked 
|  57|0x000000070b800000, 0x000000070b800000, 0x000000070ba00000|  0%| F|  |TAMS 0x000000070b800000, 0x000000070b800000| Untracked 
|  58|0x000000070ba00000, 0x000000070ba00000, 0x000000070bc00000|  0%| F|  |TAMS 0x000000070ba00000, 0x000000070ba00000| Untracked 
|  59|0x000000070bc00000, 0x000000070bc00000, 0x000000070be00000|  0%| F|  |TAMS 0x000000070bc00000, 0x000000070bc00000| Untracked 
|  60|0x000000070be00000, 0x000000070be00000, 0x000000070c000000|  0%| F|  |TAMS 0x000000070be00000, 0x000000070be00000| Untracked 
|  61|0x000000070c000000, 0x000000070c000000, 0x000000070c200000|  0%| F|  |TAMS 0x000000070c000000, 0x000000070c000000| Untracked 
|  62|0x000000070c200000, 0x000000070c200000, 0x000000070c400000|  0%| F|  |TAMS 0x000000070c200000, 0x000000070c200000| Untracked 
|  63|0x000000070c400000, 0x000000070c400000, 0x000000070c600000|  0%| F|  |TAMS 0x000000070c400000, 0x000000070c400000| Untracked 
|  64|0x000000070c600000, 0x000000070c600000, 0x000000070c800000|  0%| F|  |TAMS 0x000000070c600000, 0x000000070c600000| Untracked 
|  65|0x000000070c800000, 0x000000070c800000, 0x000000070ca00000|  0%| F|  |TAMS 0x000000070c800000, 0x000000070c800000| Untracked 
|  66|0x000000070ca00000, 0x000000070ca00000, 0x000000070cc00000|  0%| F|  |TAMS 0x000000070ca00000, 0x000000070ca00000| Untracked 
|  67|0x000000070cc00000, 0x000000070cc00000, 0x000000070ce00000|  0%| F|  |TAMS 0x000000070cc00000, 0x000000070cc00000| Untracked 
|  68|0x000000070ce00000, 0x000000070ce00000, 0x000000070d000000|  0%| F|  |TAMS 0x000000070ce00000, 0x000000070ce00000| Untracked 
|  69|0x000000070d000000, 0x000000070d000000, 0x000000070d200000|  0%| F|  |TAMS 0x000000070d000000, 0x000000070d000000| Untracked 
|  70|0x000000070d200000, 0x000000070d200000, 0x000000070d400000|  0%| F|  |TAMS 0x000000070d200000, 0x000000070d200000| Untracked 
|  71|0x000000070d400000, 0x000000070d400000, 0x000000070d600000|  0%| F|  |TAMS 0x000000070d400000, 0x000000070d400000| Untracked 
|  72|0x000000070d600000, 0x000000070d600000, 0x000000070d800000|  0%| F|  |TAMS 0x000000070d600000, 0x000000070d600000| Untracked 
|  73|0x000000070d800000, 0x000000070d800000, 0x000000070da00000|  0%| F|  |TAMS 0x000000070d800000, 0x000000070d800000| Untracked 
|  74|0x000000070da00000, 0x000000070da00000, 0x000000070dc00000|  0%| F|  |TAMS 0x000000070da00000, 0x000000070da00000| Untracked 
|  75|0x000000070dc00000, 0x000000070dc00000, 0x000000070de00000|  0%| F|  |TAMS 0x000000070dc00000, 0x000000070dc00000| Untracked 
|  76|0x000000070de00000, 0x000000070de00000, 0x000000070e000000|  0%| F|  |TAMS 0x000000070de00000, 0x000000070de00000| Untracked 
|  77|0x000000070e000000, 0x000000070e000000, 0x000000070e200000|  0%| F|  |TAMS 0x000000070e000000, 0x000000070e000000| Untracked 
|  78|0x000000070e200000, 0x000000070e200000, 0x000000070e400000|  0%| F|  |TAMS 0x000000070e200000, 0x000000070e200000| Untracked 
|  79|0x000000070e400000, 0x000000070e400000, 0x000000070e600000|  0%| F|  |TAMS 0x000000070e400000, 0x000000070e400000| Untracked 
|  80|0x000000070e600000, 0x000000070e600000, 0x000000070e800000|  0%| F|  |TAMS 0x000000070e600000, 0x000000070e600000| Untracked 
|  81|0x000000070e800000, 0x000000070e800000, 0x000000070ea00000|  0%| F|  |TAMS 0x000000070e800000, 0x000000070e800000| Untracked 
|  82|0x000000070ea00000, 0x000000070ea00000, 0x000000070ec00000|  0%| F|  |TAMS 0x000000070ea00000, 0x000000070ea00000| Untracked 
|  83|0x000000070ec00000, 0x000000070ec00000, 0x000000070ee00000|  0%| F|  |TAMS 0x000000070ec00000, 0x000000070ec00000| Untracked 
|  84|0x000000070ee00000, 0x000000070ee00000, 0x000000070f000000|  0%| F|  |TAMS 0x000000070ee00000, 0x000000070ee00000| Untracked 
|  85|0x000000070f000000, 0x000000070f000000, 0x000000070f200000|  0%| F|  |TAMS 0x000000070f000000, 0x000000070f000000| Untracked 
|  86|0x000000070f200000, 0x000000070f200000, 0x000000070f400000|  0%| F|  |TAMS 0x000000070f200000, 0x000000070f200000| Untracked 
|  87|0x000000070f400000, 0x000000070f400000, 0x000000070f600000|  0%| F|  |TAMS 0x000000070f400000, 0x000000070f400000| Untracked 
|  88|0x000000070f600000, 0x000000070f600000, 0x000000070f800000|  0%| F|  |TAMS 0x000000070f600000, 0x000000070f600000| Untracked 
|  89|0x000000070f800000, 0x000000070f800000, 0x000000070fa00000|  0%| F|  |TAMS 0x000000070f800000, 0x000000070f800000| Untracked 
|  90|0x000000070fa00000, 0x000000070fa00000, 0x000000070fc00000|  0%| F|  |TAMS 0x000000070fa00000, 0x000000070fa00000| Untracked 
|  91|0x000000070fc00000, 0x000000070fc00000, 0x000000070fe00000|  0%| F|  |TAMS 0x000000070fc00000, 0x000000070fc00000| Untracked 
|  92|0x000000070fe00000, 0x000000070fe00000, 0x0000000710000000|  0%| F|  |TAMS 0x000000070fe00000, 0x000000070fe00000| Untracked 
|  93|0x0000000710000000, 0x0000000710000000, 0x0000000710200000|  0%| F|  |TAMS 0x0000000710000000, 0x0000000710000000| Untracked 
|  94|0x0000000710200000, 0x0000000710200000, 0x0000000710400000|  0%| F|  |TAMS 0x0000000710200000, 0x0000000710200000| Untracked 
|  95|0x0000000710400000, 0x0000000710400000, 0x0000000710600000|  0%| F|  |TAMS 0x0000000710400000, 0x0000000710400000| Untracked 
|  96|0x0000000710600000, 0x0000000710600000, 0x0000000710800000|  0%| F|  |TAMS 0x0000000710600000, 0x0000000710600000| Untracked 
|  97|0x0000000710800000, 0x0000000710800000, 0x0000000710a00000|  0%| F|  |TAMS 0x0000000710800000, 0x0000000710800000| Untracked 
|  98|0x0000000710a00000, 0x0000000710a00000, 0x0000000710c00000|  0%| F|  |TAMS 0x0000000710a00000, 0x0000000710a00000| Untracked 
|  99|0x0000000710c00000, 0x0000000710c00000, 0x0000000710e00000|  0%| F|  |TAMS 0x0000000710c00000, 0x0000000710c00000| Untracked 
| 100|0x0000000710e00000, 0x0000000710e00000, 0x0000000711000000|  0%| F|  |TAMS 0x0000000710e00000, 0x0000000710e00000| Untracked 
| 101|0x0000000711000000, 0x0000000711000000, 0x0000000711200000|  0%| F|  |TAMS 0x0000000711000000, 0x0000000711000000| Untracked 
| 102|0x0000000711200000, 0x0000000711200000, 0x0000000711400000|  0%| F|  |TAMS 0x0000000711200000, 0x0000000711200000| Untracked 
| 103|0x0000000711400000, 0x0000000711400000, 0x0000000711600000|  0%| F|  |TAMS 0x0000000711400000, 0x0000000711400000| Untracked 
| 104|0x0000000711600000, 0x0000000711600000, 0x0000000711800000|  0%| F|  |TAMS 0x0000000711600000, 0x0000000711600000| Untracked 
| 105|0x0000000711800000, 0x0000000711800000, 0x0000000711a00000|  0%| F|  |TAMS 0x0000000711800000, 0x0000000711800000| Untracked 
| 106|0x0000000711a00000, 0x0000000711a00000, 0x0000000711c00000|  0%| F|  |TAMS 0x0000000711a00000, 0x0000000711a00000| Untracked 
| 107|0x0000000711c00000, 0x0000000711c00000, 0x0000000711e00000|  0%| F|  |TAMS 0x0000000711c00000, 0x0000000711c00000| Untracked 
| 108|0x0000000711e00000, 0x0000000711e00000, 0x0000000712000000|  0%| F|  |TAMS 0x0000000711e00000, 0x0000000711e00000| Untracked 
| 109|0x0000000712000000, 0x0000000712000000, 0x0000000712200000|  0%| F|  |TAMS 0x0000000712000000, 0x0000000712000000| Untracked 
| 110|0x0000000712200000, 0x0000000712200000, 0x0000000712400000|  0%| F|  |TAMS 0x0000000712200000, 0x0000000712200000| Untracked 
| 111|0x0000000712400000, 0x0000000712400000, 0x0000000712600000|  0%| F|  |TAMS 0x0000000712400000, 0x0000000712400000| Untracked 
| 112|0x0000000712600000, 0x0000000712600000, 0x0000000712800000|  0%| F|  |TAMS 0x0000000712600000, 0x0000000712600000| Untracked 
| 113|0x0000000712800000, 0x0000000712800000, 0x0000000712a00000|  0%| F|  |TAMS 0x0000000712800000, 0x0000000712800000| Untracked 
| 114|0x0000000712a00000, 0x0000000712a00000, 0x0000000712c00000|  0%| F|  |TAMS 0x0000000712a00000, 0x0000000712a00000| Untracked 
| 115|0x0000000712c00000, 0x0000000712c00000, 0x0000000712e00000|  0%| F|  |TAMS 0x0000000712c00000, 0x0000000712c00000| Untracked 
| 116|0x0000000712e00000, 0x0000000712e00000, 0x0000000713000000|  0%| F|  |TAMS 0x0000000712e00000, 0x0000000712e00000| Untracked 
| 117|0x0000000713000000, 0x0000000713000000, 0x0000000713200000|  0%| F|  |TAMS 0x0000000713000000, 0x0000000713000000| Untracked 
| 118|0x0000000713200000, 0x0000000713200000, 0x0000000713400000|  0%| F|  |TAMS 0x0000000713200000, 0x0000000713200000| Untracked 
| 119|0x0000000713400000, 0x0000000713600000, 0x0000000713600000|100%| E|  |TAMS 0x0000000713400000, 0x0000000713400000| Complete 
| 120|0x0000000713600000, 0x0000000713800000, 0x0000000713800000|100%| E|CS|TAMS 0x0000000713600000, 0x0000000713600000| Complete 
| 121|0x0000000713800000, 0x0000000713a00000, 0x0000000713a00000|100%| E|CS|TAMS 0x0000000713800000, 0x0000000713800000| Complete 
| 122|0x0000000713a00000, 0x0000000713c00000, 0x0000000713c00000|100%| E|CS|TAMS 0x0000000713a00000, 0x0000000713a00000| Complete 
| 123|0x0000000713c00000, 0x0000000713e00000, 0x0000000713e00000|100%| E|CS|TAMS 0x0000000713c00000, 0x0000000713c00000| Complete 
| 124|0x0000000713e00000, 0x0000000714000000, 0x0000000714000000|100%| E|  |TAMS 0x0000000713e00000, 0x0000000713e00000| Complete 
| 125|0x0000000714000000, 0x0000000714200000, 0x0000000714200000|100%| E|CS|TAMS 0x0000000714000000, 0x0000000714000000| Complete 

Card table byte_map: [0x000001a2c0890000,0x000001a2c1070000] _byte_map_base: 0x000001a2bd06d000

Marking Bits (Prev, Next): (CMBitMap*) 0x000001a2a764cb80, (CMBitMap*) 0x000001a2a764cbc0
 Prev Bits: [0x000001a2c1850000, 0x000001a2c5738000)
 Next Bits: [0x000001a2c5740000, 0x000001a2c9628000)

Polling page: 0x000001a2a73c0000

Metaspace:

Usage:
  Non-class:      2.81 MB used.
      Class:    323.67 KB used.
       Both:      3.13 MB used.

Virtual space:
  Non-class space:       64.00 MB reserved,       2.94 MB (  5%) committed,  1 nodes.
      Class space:        1.00 GB reserved,     384.00 KB ( <1%) committed,  1 nodes.
             Both:        1.06 GB reserved,       3.31 MB ( <1%) committed. 

Chunk freelists:
   Non-Class:  10.86 MB
       Class:  15.57 MB
        Both:  26.43 MB

MaxMetaspaceSize: unlimited
CompressedClassSpaceSize: 1.00 GB
Initial GC threshold: 21.00 MB
Current GC threshold: 21.00 MB
CDS: on
MetaspaceReclaimPolicy: balanced
 - commit_granule_bytes: 65536.
 - commit_granule_words: 8192.
 - virtual_space_node_default_size: 8388608.
 - enlarge_chunks_in_place: 1.
 - new_chunks_are_fully_committed: 0.
 - uncommit_free_chunks: 1.
 - use_allocation_guard: 0.
 - handle_deallocations: 1.


Internal statistics:

num_allocs_failed_limit: 0.
num_arena_births: 66.
num_arena_deaths: 0.
num_vsnodes_births: 2.
num_vsnodes_deaths: 0.
num_space_committed: 53.
num_space_uncommitted: 0.
num_chunks_returned_to_freelist: 0.
num_chunks_taken_from_freelist: 141.
num_chunk_merges: 0.
num_chunk_splits: 87.
num_chunks_enlarged: 61.
num_inconsistent_stats: 0.

CodeHeap 'non-profiled nmethods': size=120000Kb used=272Kb max_used=272Kb free=119727Kb
 bounds [0x000001a2b8110000, 0x000001a2b8380000, 0x000001a2bf640000]
CodeHeap 'profiled nmethods': size=120000Kb used=1284Kb max_used=1284Kb free=118715Kb
 bounds [0x000001a2b0640000, 0x000001a2b08b0000, 0x000001a2b7b70000]
CodeHeap 'non-nmethods': size=5760Kb used=1142Kb max_used=1165Kb free=4617Kb
 bounds [0x000001a2b7b70000, 0x000001a2b7de0000, 0x000001a2b8110000]
 total_blobs=1172 nmethods=742 adapters=343
 compilation: enabled
              stopped_count=0, restarted_count=0
 full_count=0

Compilation events (20 events):
Event: 0.614 Thread 0x000001a2cc006e00 nmethod 706 0x000001a2b0765190 code [0x000001a2b07653a0, 0x000001a2b07658f8]
Event: 0.614 Thread 0x000001a2cc006e00  703       3       java.lang.invoke.LambdaForm::argument (27 bytes)
Event: 0.614 Thread 0x000001a2cc006e00 nmethod 703 0x000001a2b0765b90 code [0x000001a2b0765d40, 0x000001a2b0765fa8]
Event: 0.615 Thread 0x000001a2cc006e00  701       3       sun.invoke.util.Wrapper::hashPrim (30 bytes)
Event: 0.615 Thread 0x000001a2cc006e00 nmethod 701 0x000001a2b0766110 code [0x000001a2b07663a0, 0x000001a2b0766fc8]
Event: 0.616 Thread 0x000001a2cc006e00  708       3       sun.invoke.util.Wrapper::forPrimitiveType (49 bytes)
Event: 0.617 Thread 0x000001a2cc006e00 nmethod 708 0x000001a2b0767490 code [0x000001a2b07677e0, 0x000001a2b0768ba8]
Event: 0.617 Thread 0x000001a2cc006e00  714       3       jdk.internal.org.objectweb.asm.SymbolTable::addConstantUtf8Reference (101 bytes)
Event: 0.618 Thread 0x000001a2cc006e00 nmethod 714 0x000001a2b0769310 code [0x000001a2b0769520, 0x000001a2b0769b18]
Event: 0.618 Thread 0x000001a2cc006e00  713       3       jdk.internal.org.objectweb.asm.SymbolTable::addConstantClass (8 bytes)
Event: 0.618 Thread 0x000001a2cc006e00 nmethod 713 0x000001a2b0769e10 code [0x000001a2b0769fa0, 0x000001a2b076a0e8]
Event: 0.618 Thread 0x000001a2cc006e00  710       3       jdk.internal.org.objectweb.asm.Frame::pop (42 bytes)
Event: 0.618 Thread 0x000001a2cc006e00 nmethod 710 0x000001a2b076a190 code [0x000001a2b076a340, 0x000001a2b076a4f8]
Event: 0.618 Thread 0x000001a2cc006e00  705       3       java.lang.invoke.LambdaForm::parameter (38 bytes)
Event: 0.619 Thread 0x000001a2cc006e00 nmethod 705 0x000001a2b076a610 code [0x000001a2b076a7a0, 0x000001a2b076a8f8]
Event: 0.619 Thread 0x000001a2cc006e00  715       3       jdk.internal.org.objectweb.asm.ByteVector::put122 (93 bytes)
Event: 0.619 Thread 0x000001a2cc006e00 nmethod 715 0x000001a2b076aa10 code [0x000001a2b076abc0, 0x000001a2b076ae48]
Event: 0.619 Thread 0x000001a2cc006e00  707       3       java.lang.invoke.MemberName::getReferenceKind (12 bytes)
Event: 0.619 Thread 0x000001a2cc006e00 nmethod 707 0x000001a2b076b010 code [0x000001a2b076b1a0, 0x000001a2b076b2b8]
Event: 0.619 Thread 0x000001a2cc006e00  704   !   3       java.lang.invoke.MemberName::getMethodType (211 bytes)

GC Heap History (0 events):
No events

Deoptimization events (20 events):
Event: 0.438 Thread 0x000001a2a75dd4b0 DEOPT PACKING pc=0x000001a2b06aa565 sp=0x0000006dbedfd3f0
Event: 0.438 Thread 0x000001a2a75dd4b0 DEOPT UNPACKING pc=0x000001a2b7bc2b43 sp=0x0000006dbedfc840 mode 0
Event: 0.456 Thread 0x000001a2a75dd4b0 Uncommon trap: trap_request=0xffffff6e fr.pc=0x000001a2b81362ec relative=0x000000000000044c
Event: 0.456 Thread 0x000001a2a75dd4b0 Uncommon trap: reason=loop_limit_check action=maybe_recompile pc=0x000001a2b81362ec method=java.lang.StringLatin1.indexOf([BI[BII)I @ 37 c2
Event: 0.456 Thread 0x000001a2a75dd4b0 DEOPT PACKING pc=0x000001a2b81362ec sp=0x0000006dbedfcb10
Event: 0.456 Thread 0x000001a2a75dd4b0 DEOPT UNPACKING pc=0x000001a2b7bc23a3 sp=0x0000006dbedfca70 mode 2
Event: 0.461 Thread 0x000001a2a75dd4b0 Uncommon trap: trap_request=0xffffff6e fr.pc=0x000001a2b8130cf4 relative=0x0000000000000174
Event: 0.461 Thread 0x000001a2a75dd4b0 Uncommon trap: reason=loop_limit_check action=maybe_recompile pc=0x000001a2b8130cf4 method=java.lang.StringLatin1.lastIndexOf([BII)I @ 19 c2
Event: 0.461 Thread 0x000001a2a75dd4b0 DEOPT PACKING pc=0x000001a2b8130cf4 sp=0x0000006dbedfcc10
Event: 0.461 Thread 0x000001a2a75dd4b0 DEOPT UNPACKING pc=0x000001a2b7bc23a3 sp=0x0000006dbedfcb90 mode 2
Event: 0.461 Thread 0x000001a2a75dd4b0 Uncommon trap: trap_request=0xffffff45 fr.pc=0x000001a2b81354e0 relative=0x00000000000002c0
Event: 0.461 Thread 0x000001a2a75dd4b0 Uncommon trap: reason=unstable_if action=reinterpret pc=0x000001a2b81354e0 method=java.lang.String.startsWith(Ljava/lang/String;I)Z @ 14 c2
Event: 0.461 Thread 0x000001a2a75dd4b0 DEOPT PACKING pc=0x000001a2b81354e0 sp=0x0000006dbedfc2c0
Event: 0.461 Thread 0x000001a2a75dd4b0 DEOPT UNPACKING pc=0x000001a2b7bc23a3 sp=0x0000006dbedfc220 mode 2
Event: 0.467 Thread 0x000001a2a75dd4b0 Uncommon trap: trap_request=0xffffff45 fr.pc=0x000001a2b8136aa4 relative=0x0000000000000284
Event: 0.467 Thread 0x000001a2a75dd4b0 Uncommon trap: reason=unstable_if action=reinterpret pc=0x000001a2b8136aa4 method=java.io.BufferedReader.read()I @ 19 c2
Event: 0.467 Thread 0x000001a2a75dd4b0 DEOPT PACKING pc=0x000001a2b8136aa4 sp=0x0000006dbedfcce0
Event: 0.467 Thread 0x000001a2a75dd4b0 DEOPT UNPACKING pc=0x000001a2b7bc23a3 sp=0x0000006dbedfcc20 mode 2
Event: 0.578 Thread 0x000001a2a75dd4b0 DEOPT PACKING pc=0x000001a2b067c53e sp=0x0000006dbedf9a10
Event: 0.578 Thread 0x000001a2a75dd4b0 DEOPT UNPACKING pc=0x000001a2b7bc2b43 sp=0x0000006dbedf8eb0 mode 0

Classes unloaded (0 events):
No events

Classes redefined (0 events):
No events

Internal exceptions (7 events):
Event: 0.370 Thread 0x000001a2cc00afc0 Exception <a 'java/lang/NoSuchMethodError'{0x0000000713bab918}: 'java.lang.Object java.lang.invoke.DirectMethodHandle$Holder.invokeStaticInit(java.lang.Object)'> (0x0000000713bab918) 
thrown [s\open\src\hotspot\share\interpreter\linkResolver.cpp, line 759]
Event: 0.378 Thread 0x000001a2cc00afc0 Exception <a 'java/lang/NoSuchMethodError'{0x0000000713bb95d8}: 'void java.lang.invoke.DirectMethodHandle$Holder.invokeStatic(java.lang.Object, java.lang.Object)'> (0x0000000713bb95d8) 
thrown [s\open\src\hotspot\share\interpreter\linkResolver.cpp, line 759]
Event: 0.464 Thread 0x000001a2a75dd4b0 Exception <a 'java/lang/ClassNotFoundException'{0x00000007139dddf0}: javax/smartcardio/CardPermission> (0x00000007139dddf0) 
thrown [s\open\src\hotspot\share\classfile\systemDictionary.cpp, line 256]
Event: 0.469 Thread 0x000001a2a75dd4b0 Exception <a 'java/io/FileNotFoundException'{0x00000007139ec338}> (0x00000007139ec338) 
thrown [s\open\src\hotspot\share\prims\jni.cpp, line 516]
Event: 0.509 Thread 0x000001a2a75dd4b0 Exception <a 'java/lang/NoSuchMethodError'{0x000000071366c990}: 'java.lang.Object java.lang.invoke.DirectMethodHandle$Holder.invokeSpecial(java.lang.Object, java.lang.Object, java.lang.Object, long, java.lang.Object)'> (0x000000071366c990) 
thrown [s\open\src\hotspot\share\interpreter\linkResolver.cpp, line 759]
Event: 0.509 Thread 0x000001a2a75dd4b0 Exception <a 'java/lang/NoSuchMethodError'{0x0000000713670560}: 'java.lang.Object java.lang.invoke.Invokers$Holder.linkToTargetMethod(java.lang.Object, long, java.lang.Object, java.lang.Object)'> (0x0000000713670560) 
thrown [s\open\src\hotspot\share\interpreter\linkResolver.cpp, line 759]
Event: 0.604 Thread 0x000001a2a75dd4b0 Exception <a 'java/lang/NoSuchMethodError'{0x000000071347dd70}: 'void java.lang.invoke.DirectMethodHandle$Holder.invokeStatic(java.lang.Object, java.lang.Object, java.lang.Object, java.lang.Object)'> (0x000000071347dd70) 
thrown [s\open\src\hotspot\share\interpreter\linkResolver.cpp, line 759]

VM Operations (8 events):
Event: 0.368 Executing VM operation: HandshakeAllThreads
Event: 0.368 Executing VM operation: HandshakeAllThreads done
Event: 0.412 Executing VM operation: HandshakeAllThreads
Event: 0.412 Executing VM operation: HandshakeAllThreads done
Event: 0.421 Executing VM operation: HandshakeAllThreads
Event: 0.421 Executing VM operation: HandshakeAllThreads done
Event: 0.561 Executing VM operation: HandshakeAllThreads
Event: 0.561 Executing VM operation: HandshakeAllThreads done

Events (20 events):
Event: 0.551 loading class java/time/zone/ZoneOffsetTransition
Event: 0.551 loading class java/time/zone/ZoneOffsetTransition done
Event: 0.557 loading class java/util/concurrent/atomic/AtomicReference
Event: 0.557 loading class java/util/concurrent/atomic/AtomicReference done
Event: 0.561 loading class java/lang/NumberFormatException
Event: 0.561 loading class java/lang/NumberFormatException done
Event: 0.570 loading class java/lang/InterruptedException
Event: 0.570 loading class java/lang/InterruptedException done
Event: 0.570 loading class java/util/concurrent/TimeoutException
Event: 0.570 loading class java/util/concurrent/TimeoutException done
Event: 0.584 loading class java/lang/IllegalAccessError
Event: 0.584 loading class java/lang/IllegalAccessError done
Event: 0.594 loading class java/util/IdentityHashMap$EntrySet
Event: 0.594 loading class java/util/IdentityHashMap$EntrySet done
Event: 0.594 loading class java/util/IdentityHashMap$EntryIterator
Event: 0.595 loading class java/util/IdentityHashMap$EntryIterator done
Event: 0.595 loading class java/util/IdentityHashMap$EntryIterator$Entry
Event: 0.595 loading class java/util/IdentityHashMap$EntryIterator$Entry done
Event: 0.595 loading class java/util/IdentityHashMap$ValueIterator
Event: 0.595 loading class java/util/IdentityHashMap$ValueIterator done


Dynamic libraries:
0x00007ff6db970000 - 0x00007ff6db980000 	C:\Program Files\Java\jdk-17\bin\java.exe
0x00007ff8c23b0000 - 0x00007ff8c25c7000 	C:\WINDOWS\SYSTEM32\ntdll.dll
0x00007ff8c08a0000 - 0x00007ff8c0964000 	C:\WINDOWS\System32\KERNEL32.DLL
0x00007ff8bf8e0000 - 0x00007ff8bfc87000 	C:\WINDOWS\System32\KERNELBASE.dll
0x00007ff8bfe00000 - 0x00007ff8bff11000 	C:\WINDOWS\System32\ucrtbase.dll
0x00007ff8a26c0000 - 0x00007ff8a26db000 	C:\Program Files\Java\jdk-17\bin\VCRUNTIME140.dll
0x00007ff8aacb0000 - 0x00007ff8aacc9000 	C:\Program Files\Java\jdk-17\bin\jli.dll
0x00007ff8c0980000 - 0x00007ff8c0a32000 	C:\WINDOWS\System32\ADVAPI32.dll
0x00007ff8c2260000 - 0x00007ff8c2307000 	C:\WINDOWS\System32\msvcrt.dll
0x00007ff8c20b0000 - 0x00007ff8c2158000 	C:\WINDOWS\System32\sechost.dll
0x00007ff8c00b0000 - 0x00007ff8c00d8000 	C:\WINDOWS\System32\bcrypt.dll
0x00007ff8c0220000 - 0x00007ff8c0335000 	C:\WINDOWS\System32\RPCRT4.dll
0x00007ff8c0340000 - 0x00007ff8c04ee000 	C:\WINDOWS\System32\USER32.dll
0x00007ff8b0970000 - 0x00007ff8b0c03000 	C:\WINDOWS\WinSxS\amd64_microsoft.windows.common-controls_6595b64144ccf1df_6.0.22621.3527_none_270e469b73872a76\COMCTL32.dll
0x00007ff8bf790000 - 0x00007ff8bf7b6000 	C:\WINDOWS\System32\win32u.dll
0x00007ff8c0840000 - 0x00007ff8c0869000 	C:\WINDOWS\System32\GDI32.dll
0x00007ff8bff20000 - 0x00007ff8c0039000 	C:\WINDOWS\System32\gdi32full.dll
0x00007ff8bf7c0000 - 0x00007ff8bf85a000 	C:\WINDOWS\System32\msvcp_win.dll
0x00007ff8b4e90000 - 0x00007ff8b4e9a000 	C:\WINDOWS\SYSTEM32\VERSION.dll
0x00007ff8c01e0000 - 0x00007ff8c0211000 	C:\WINDOWS\System32\IMM32.DLL
0x00007ff8b0010000 - 0x00007ff8b001c000 	C:\Program Files\Java\jdk-17\bin\vcruntime140_1.dll
0x00007ff8979d0000 - 0x00007ff897a5e000 	C:\Program Files\Java\jdk-17\bin\msvcp140.dll
0x00007ff8189a0000 - 0x00007ff81957f000 	C:\Program Files\Java\jdk-17\bin\server\jvm.dll
0x00007ff8c11c0000 - 0x00007ff8c11c8000 	C:\WINDOWS\System32\PSAPI.DLL
0x00007ff8a7e50000 - 0x00007ff8a7e59000 	C:\WINDOWS\SYSTEM32\WSOCK32.dll
0x00007ff8c05f0000 - 0x00007ff8c0661000 	C:\WINDOWS\System32\WS2_32.dll
0x00007ff8b7c90000 - 0x00007ff8b7cc4000 	C:\WINDOWS\SYSTEM32\WINMM.dll
0x00007ff8be690000 - 0x00007ff8be6a8000 	C:\WINDOWS\SYSTEM32\kernel.appcore.dll
0x00007ff8afb20000 - 0x00007ff8afb2a000 	C:\Program Files\Java\jdk-17\bin\jimage.dll
0x00007ff8bd270000 - 0x00007ff8bd4a2000 	C:\WINDOWS\SYSTEM32\DBGHELP.DLL
0x00007ff8c1d20000 - 0x00007ff8c20a8000 	C:\WINDOWS\System32\combase.dll
0x00007ff8c0ec0000 - 0x00007ff8c0f97000 	C:\WINDOWS\System32\OLEAUT32.dll
0x00007ff8b5190000 - 0x00007ff8b51c2000 	C:\WINDOWS\SYSTEM32\dbgcore.DLL
0x00007ff8bf860000 - 0x00007ff8bf8d9000 	C:\WINDOWS\System32\bcryptPrimitives.dll
0x00007ff8bb820000 - 0x00007ff8bb82e000 	C:\Program Files\Java\jdk-17\bin\instrument.dll
0x00007ff8a2680000 - 0x00007ff8a26a5000 	C:\Program Files\Java\jdk-17\bin\java.dll
0x00007ff8967c0000 - 0x00007ff896897000 	C:\Program Files\Java\jdk-17\bin\jsvml.dll
0x00007ff8c11d0000 - 0x00007ff8c1a2c000 	C:\WINDOWS\System32\SHELL32.dll
0x00007ff8bd610000 - 0x00007ff8bdf06000 	C:\WINDOWS\SYSTEM32\windows.storage.dll
0x00007ff8bd4d0000 - 0x00007ff8bd60e000 	C:\WINDOWS\SYSTEM32\wintypes.dll
0x00007ff8c00e0000 - 0x00007ff8c01d5000 	C:\WINDOWS\System32\SHCORE.dll
0x00007ff8c2310000 - 0x00007ff8c236e000 	C:\WINDOWS\System32\shlwapi.dll
0x00007ff8bf600000 - 0x00007ff8bf621000 	C:\WINDOWS\SYSTEM32\profapi.dll
0x00007ff8a0ea0000 - 0x00007ff8a0eb8000 	C:\Program Files\Java\jdk-17\bin\zip.dll
0x00007ff8a0ee0000 - 0x00007ff8a0ef9000 	C:\Program Files\Java\jdk-17\bin\net.dll
0x00007ff8bbcd0000 - 0x00007ff8bbe06000 	C:\WINDOWS\SYSTEM32\WINHTTP.dll
0x00007ff8beb60000 - 0x00007ff8bebc9000 	C:\WINDOWS\system32\mswsock.dll
0x00007ff8a0ec0000 - 0x00007ff8a0ed6000 	C:\Program Files\Java\jdk-17\bin\nio.dll
0x00007ff8b0550000 - 0x00007ff8b056a000 	C:\Program Files\JetBrains\IntelliJ IDEA Community Edition 2023.3.2\bin\breakgen64.dll

dbghelp: loaded successfully - version: 4.0.5 - missing functions: none
symbol engine: initialized successfully - sym options: 0x614 - pdb path: .;C:\Program Files\Java\jdk-17\bin;C:\WINDOWS\SYSTEM32;C:\WINDOWS\WinSxS\amd64_microsoft.windows.common-controls_6595b64144ccf1df_6.0.22621.3527_none_270e469b73872a76;C:\Program Files\Java\jdk-17\bin\server;C:\Program Files\JetBrains\IntelliJ IDEA Community Edition 2023.3.2\bin

VM Arguments:
jvm_args: -javaagent:C:\Program Files\JetBrains\IntelliJ IDEA Community Edition 2023.3.2\lib\idea_rt.jar=54944:C:\Program Files\JetBrains\IntelliJ IDEA Community Edition 2023.3.2\bin -Dfile.encoding=UTF-8 
java_command: com.restaurant.restaurant_spring.RestaurantSpringApplication
java_class_path (initial): C:\Users\DELOITTE\Desktop\fullstack project\Restaurant-Management\backend\restaurant_spring\target\classes;C:\Users\DELOITTE\.m2\repository\org\springframework\boot\spring-boot-starter-data-jpa\3.2.5\spring-boot-starter-data-jpa-3.2.5.jar;C:\Users\DELOITTE\.m2\repository\org\springframework\boot\spring-boot-starter-aop\3.2.5\spring-boot-starter-aop-3.2.5.jar;C:\Users\DELOITTE\.m2\repository\org\aspectj\aspectjweaver\1.9.22\aspectjweaver-1.9.22.jar;C:\Users\DELOITTE\.m2\repository\org\springframework\boot\spring-boot-starter-jdbc\3.2.5\spring-boot-starter-jdbc-3.2.5.jar;C:\Users\DELOITTE\.m2\repository\com\zaxxer\HikariCP\5.0.1\HikariCP-5.0.1.jar;C:\Users\DELOITTE\.m2\repository\org\springframework\spring-jdbc\6.1.6\spring-jdbc-6.1.6.jar;C:\Users\DELOITTE\.m2\repository\org\hibernate\orm\hibernate-core\6.4.4.Final\hibernate-core-6.4.4.Final.jar;C:\Users\DELOITTE\.m2\repository\jakarta\persistence\jakarta.persistence-api\3.1.0\jakarta.persistence-api-3.1.0.jar;C:\Users\DELOITTE\.m2\repository\jakarta\transaction\jakarta.transaction-api\2.0.1\jakarta.transaction-api-2.0.1.jar;C:\Users\DELOITTE\.m2\repository\org\jboss\logging\jboss-logging\3.5.3.Final\jboss-logging-3.5.3.Final.jar;C:\Users\DELOITTE\.m2\repository\org\hibernate\common\hibernate-commons-annotations\6.0.6.Final\hibernate-commons-annotations-6.0.6.Final.jar;C:\Users\DELOITTE\.m2\repository\io\smallrye\jandex\3.1.2\jandex-3.1.2.jar;C:\Users\DELOITTE\.m2\repository\com\fasterxml\classmate\1.6.0\classmate-1.6.0.jar;C:\Users\DELOITTE\.m2\repository\net\bytebuddy\byte-buddy\1.14.13\byte-buddy-1.14.13.jar;C:\Users\DELOITTE\.m2\repository\org\glassfish\jaxb\jaxb-runtime\4.0.5\jaxb-runtime-4.0.5.jar;C:\Users\DELOITTE\.m2\repository\org\glassfish\jaxb\jaxb-core\4.0.5\jaxb-core-4.0.5.jar;C:\Users\DELOITTE\.m2\repository\org\eclipse\angus\angus-activation\2.0.2\angus-activation-2.0.2.jar;C:\Users\DELOITTE\.m2\repository\org\glassfish\jaxb\txw2\4.0.5\txw2-4.0.5.jar;C:\Users\DELOITTE\.m2\re
Launcher Type: SUN_STANDARD

[Global flags]
     intx CICompilerCount                          = 4                                         {product} {ergonomic}
     uint ConcGCThreads                            = 2                                         {product} {ergonomic}
     uint G1ConcRefinementThreads                  = 8                                         {product} {ergonomic}
   size_t G1HeapRegionSize                         = 2097152                                   {product} {ergonomic}
    uintx GCDrainStackTargetSize                   = 64                                        {product} {ergonomic}
   size_t InitialHeapSize                          = 264241152                                 {product} {ergonomic}
   size_t MarkStackSize                            = 4194304                                   {product} {ergonomic}
   size_t MaxHeapSize                              = 4221566976                                {product} {ergonomic}
   size_t MaxNewSize                               = 2531262464                                {product} {ergonomic}
   size_t MinHeapDeltaBytes                        = 2097152                                   {product} {ergonomic}
   size_t MinHeapSize                              = 8388608                                   {product} {ergonomic}
    uintx NonNMethodCodeHeapSize                   = 5839372                                {pd product} {ergonomic}
    uintx NonProfiledCodeHeapSize                  = 122909434                              {pd product} {ergonomic}
    uintx ProfiledCodeHeapSize                     = 122909434                              {pd product} {ergonomic}
    uintx ReservedCodeCacheSize                    = 251658240                              {pd product} {ergonomic}
     bool SegmentedCodeCache                       = true                                      {product} {ergonomic}
   size_t SoftMaxHeapSize                          = 4221566976                             {manageable} {ergonomic}
     bool UseCompressedClassPointers               = true                           {product lp64_product} {ergonomic}
     bool UseCompressedOops                        = true                           {product lp64_product} {ergonomic}
     bool UseG1GC                                  = true                                      {product} {ergonomic}
     bool UseLargePagesIndividualAllocation        = false                                  {pd product} {ergonomic}

Logging:
Log output configuration:
 #0: stdout all=warning uptime,level,tags
 #1: stderr all=off uptime,level,tags

Environment Variables:
JAVA_HOME=C:\Program Files\Java\jdk1.8.0_202\bin
PATH=C:\Program Files\Common Files\Oracle\Java\javapath;C:\Program Files (x86)\Common Files\Oracle\Java\java8path;C:\Program Files (x86)\Common Files\Oracle\Java\javapath;C:\Users\DELOITTE\Downloads\WINDOWS.X64_193000_db_home\bin;C:\Program Files (x86)\VMware\VMware Workstation\bin\;C:\WINDOWS\system32;C:\WINDOWS;C:\WINDOWS\System32\Wbem;C:\WINDOWS\System32\WindowsPowerShell\v1.0\;C:\WINDOWS\System32\OpenSSH\;C:\Program Files\Git\cmd;C:\Program Files\nodejs\;C:\Windows\System32;C:\Users\DELOITTE\AppData\Local\Microsoft\WindowsApps;;C:\Users\DELOITTE\AppData\Local\Programs\Microsoft VS Code\bin;C:\Program Files\JetBrains\IntelliJ IDEA 2023.3.2\bin;;C:\Users\DELOITTE\AppData\Roaming\npm;C:\Program Files\JetBrains\IntelliJ IDEA Community Edition 2023.3.2\bin;
USERNAME=DELOITTE
OS=Windows_NT
PROCESSOR_IDENTIFIER=Intel64 Family 6 Model 142 Stepping 12, GenuineIntel



---------------  S Y S T E M  ---------------

OS:
 Windows 11 , 64 bit Build 22621 (10.0.22621.3527)
OS uptime: 0 days 6:33 hours

CPU: total 8 (initial active 8) (4 cores per cpu, 2 threads per core) family 6 model 142 stepping 12 microcode 0xf0, cx8, cmov, fxsr, ht, mmx, 3dnowpref, sse, sse2, sse3, ssse3, sse4.1, sse4.2, popcnt, lzcnt, tsc, tscinvbit, avx, avx2, aes, erms, clmul, bmi1, bmi2, adx, fma, vzeroupper, clflush, clflushopt

Memory: 4k page, system-wide physical 16103M (2979M free)
TotalPageFile size 46522M (AvailPageFile size 5M)
current process WorkingSet (physical memory assigned to process): 65M, peak: 65M
current process commit charge ("private bytes"): 355M, peak: 355M

vm_info: Java HotSpot(TM) 64-Bit Server VM (17.0.10+11-LTS-240) for windows-amd64 JRE (17.0.10+11-LTS-240), built on Dec 19 2023 21:47:25 by "mach5one" with MS VC++ 17.1 (VS2022)

END.
