#
# There is insufficient memory for the Java Runtime Environment to continue.
# Native memory allocation (malloc) failed to allocate 580016 bytes for Chunk::new
# Possible reasons:
#   The system is out of physical RAM or swap space
#   The process is running with CompressedOops enabled, and the Java Heap may be blocking the growth of the native heap
# Possible solutions:
#   Reduce memory load on the system
#   Increase physical memory or swap space
#   Check if swap backing store is full
#   Decrease Java heap size (-Xmx/-Xms)
#   Decrease number of Java threads
#   Decrease Java thread stack sizes (-Xss)
#   Set larger code cache with -XX:ReservedCodeCacheSize=
#   JVM is running with Zero Based Compressed Oops mode in which the Java heap is
#     placed in the first 32GB address space. The Java Heap base address is the
#     maximum limit for the native heap growth. Please use -XX:HeapBaseMinAddress
#     to set the Java Heap base and to place the Java Heap above 32GB virtual address.
# This output file may be truncated or incomplete.
#
#  Out of Memory Error (arena.cpp:189), pid=14120, tid=180
#
# JRE version: Java(TM) SE Runtime Environment (17.0.10+11) (build 17.0.10+11-LTS-240)
# Java VM: Java HotSpot(TM) 64-Bit Server VM (17.0.10+11-LTS-240, mixed mode, sharing, tiered, compressed oops, compressed class ptrs, g1 gc, windows-amd64)
# No core dump will be written. Minidumps are not enabled by default on client versions of Windows
#

---------------  S U M M A R Y ------------

Command Line: -javaagent:C:\Program Files\JetBrains\IntelliJ IDEA Community Edition 2023.3.2\lib\idea_rt.jar=52060:C:\Program Files\JetBrains\IntelliJ IDEA Community Edition 2023.3.2\bin -Dfile.encoding=UTF-8 com.restaurant.restaurant_spring.RestaurantSpringApplication

Host: Intel(R) Core(TM) i7-10610U CPU @ 1.80GHz, 8 cores, 15G,  Windows 11 , 64 bit Build 22621 (10.0.22621.3527)
Time: Wed Jun 19 17:28:40 2024 Afr. centrale Ouest elapsed time: 79.270483 seconds (0d 0h 1m 19s)

---------------  T H R E A D  ---------------

Current thread (0x00000232acab2040):  JavaThread "C2 CompilerThread1" daemon [_thread_in_native, id=180, stack(0x000000e74f000000,0x000000e74f100000)]


Current CompileTask:
C2:  79270 13110       4       org.springframework.security.web.FilterChainProxy::doFilterInternal (169 bytes)

Stack: [0x000000e74f000000,0x000000e74f100000]
Native frames: (J=compiled Java code, j=interpreted, Vv=VM code, C=native code)
V  [jvm.dll+0x677a5a]
V  [jvm.dll+0x7d8b2d]
V  [jvm.dll+0x7da48e]
V  [jvm.dll+0x7daaf3]
V  [jvm.dll+0x2455ff]
V  [jvm.dll+0xaaafb]
V  [jvm.dll+0xab09c]
V  [jvm.dll+0x2aafef]
V  [jvm.dll+0x57fd55]
V  [jvm.dll+0x220472]
V  [jvm.dll+0x21945f]
V  [jvm.dll+0x216c79]
V  [jvm.dll+0x1a3410]
V  [jvm.dll+0x226aeb]
V  [jvm.dll+0x224cab]
V  [jvm.dll+0x78e45c]
V  [jvm.dll+0x78888a]
V  [jvm.dll+0x676935]
C  [ucrtbase.dll+0x29333]
C  [KERNEL32.DLL+0x1257d]
C  [ntdll.dll+0x5aa48]


---------------  P R O C E S S  ---------------

Threads class SMR info:
_java_thread_list=0x000002326359da90, length=32, elements={
0x0000023263340870, 0x0000023263341430, 0x00000232633541c0, 0x0000023263354d80,
0x0000023263357e60, 0x000002326335b750, 0x00000232634b9e90, 0x000002326335e7e0,
0x00000232634cc960, 0x00000232635b6110, 0x00000232638adb30, 0x000002326374e5b0,
0x00000232aaa0fe80, 0x00000232ac1ae5c0, 0x00000232ab2bf5e0, 0x00000232ab2c2370,
0x00000232ab2c1440, 0x00000232ab2c0000, 0x00000232ab2c1950, 0x00000232ab2c0510,
0x00000232ab2c0a20, 0x00000232ab2c1e60, 0x00000232ab2c2880, 0x00000232ab6a7170,
0x00000232ab6a2580, 0x00000232ab6a34b0, 0x00000232ab6a6750, 0x00000232ab6a8ac0,
0x00000232ab6a85b0, 0x00000232ab6a43e0, 0x00000232acab2040, 0x00000232acab4570
}

Java Threads: ( => current thread )
  0x0000023263340870 JavaThread "Reference Handler" daemon [_thread_blocked, id=7136, stack(0x000000e74fa00000,0x000000e74fb00000)]
  0x0000023263341430 JavaThread "Finalizer" daemon [_thread_blocked, id=148, stack(0x000000e74fb00000,0x000000e74fc00000)]
  0x00000232633541c0 JavaThread "Signal Dispatcher" daemon [_thread_blocked, id=15988, stack(0x000000e74fc00000,0x000000e74fd00000)]
  0x0000023263354d80 JavaThread "Attach Listener" daemon [_thread_blocked, id=2636, stack(0x000000e74fd00000,0x000000e74fe00000)]
  0x0000023263357e60 JavaThread "Service Thread" daemon [_thread_blocked, id=3556, stack(0x000000e74fe00000,0x000000e74ff00000)]
  0x000002326335b750 JavaThread "Monitor Deflation Thread" daemon [_thread_blocked, id=14504, stack(0x000000e74ff00000,0x000000e750000000)]
  0x00000232634b9e90 JavaThread "C2 CompilerThread0" daemon [_thread_in_native, id=17184, stack(0x000000e750000000,0x000000e750100000)]
  0x000002326335e7e0 JavaThread "C1 CompilerThread0" daemon [_thread_blocked, id=20216, stack(0x000000e750100000,0x000000e750200000)]
  0x00000232634cc960 JavaThread "Sweeper thread" daemon [_thread_blocked, id=19908, stack(0x000000e750200000,0x000000e750300000)]
  0x00000232635b6110 JavaThread "Common-Cleaner" daemon [_thread_blocked, id=14200, stack(0x000000e750300000,0x000000e750400000)]
  0x00000232638adb30 JavaThread "Monitor Ctrl-Break" daemon [_thread_in_native, id=19220, stack(0x000000e750500000,0x000000e750600000)]
  0x000002326374e5b0 JavaThread "Notification Thread" daemon [_thread_blocked, id=11564, stack(0x000000e750600000,0x000000e750700000)]
  0x00000232aaa0fe80 JavaThread "mysql-cj-abandoned-connection-cleanup" daemon [_thread_blocked, id=10404, stack(0x000000e751100000,0x000000e751200000)]
  0x00000232ac1ae5c0 JavaThread "HikariPool-1 housekeeper" daemon [_thread_blocked, id=19864, stack(0x000000e751300000,0x000000e751400000)]
  0x00000232ab2bf5e0 JavaThread "Catalina-utility-1" [_thread_blocked, id=13472, stack(0x000000e751500000,0x000000e751600000)]
  0x00000232ab2c2370 JavaThread "Catalina-utility-2" [_thread_blocked, id=17336, stack(0x000000e751600000,0x000000e751700000)]
  0x00000232ab2c1440 JavaThread "container-0" [_thread_blocked, id=11108, stack(0x000000e751700000,0x000000e751800000)]
  0x00000232ab2c0000 JavaThread "http-nio-8080-exec-1" daemon [_thread_blocked, id=5784, stack(0x000000e751800000,0x000000e751900000)]
  0x00000232ab2c1950 JavaThread "http-nio-8080-exec-2" daemon [_thread_blocked, id=13528, stack(0x000000e751900000,0x000000e751a00000)]
  0x00000232ab2c0510 JavaThread "http-nio-8080-exec-3" daemon [_thread_blocked, id=9508, stack(0x000000e751a00000,0x000000e751b00000)]
  0x00000232ab2c0a20 JavaThread "http-nio-8080-exec-4" daemon [_thread_blocked, id=2316, stack(0x000000e751b00000,0x000000e751c00000)]
  0x00000232ab2c1e60 JavaThread "http-nio-8080-exec-5" daemon [_thread_blocked, id=11412, stack(0x000000e751c00000,0x000000e751d00000)]
  0x00000232ab2c2880 JavaThread "http-nio-8080-exec-6" daemon [_thread_blocked, id=14860, stack(0x000000e751d00000,0x000000e751e00000)]
  0x00000232ab6a7170 JavaThread "http-nio-8080-exec-7" daemon [_thread_blocked, id=14748, stack(0x000000e751e00000,0x000000e751f00000)]
  0x00000232ab6a2580 JavaThread "http-nio-8080-exec-8" daemon [_thread_blocked, id=8920, stack(0x000000e751f00000,0x000000e752000000)]
  0x00000232ab6a34b0 JavaThread "http-nio-8080-exec-9" daemon [_thread_blocked, id=13560, stack(0x000000e752000000,0x000000e752100000)]
  0x00000232ab6a6750 JavaThread "http-nio-8080-exec-10" daemon [_thread_blocked, id=3332, stack(0x000000e752100000,0x000000e752200000)]
  0x00000232ab6a8ac0 JavaThread "http-nio-8080-Poller" daemon [_thread_in_native, id=16696, stack(0x000000e752200000,0x000000e752300000)]
  0x00000232ab6a85b0 JavaThread "http-nio-8080-Acceptor" daemon [_thread_in_native, id=14428, stack(0x000000e752300000,0x000000e752400000)]
  0x00000232ab6a43e0 JavaThread "DestroyJavaVM" [_thread_blocked, id=19716, stack(0x000000e74f300000,0x000000e74f400000)]
=>0x00000232acab2040 JavaThread "C2 CompilerThread1" daemon [_thread_in_native, id=180, stack(0x000000e74f000000,0x000000e74f100000)]
  0x00000232acab4570 JavaThread "C2 CompilerThread2" daemon [_thread_in_native, id=19404, stack(0x000000e74f100000,0x000000e74f200000)]

Other Threads:
  0x000002326333b9c0 VMThread "VM Thread" [stack: 0x000000e74f900000,0x000000e74fa00000] [id=8304]
  0x0000023240804ee0 WatcherThread [stack: 0x000000e750700000,0x000000e750800000] [id=16824]
  0x00000232407e8970 GCTaskThread "GC Thread#0" [stack: 0x000000e74f400000,0x000000e74f500000] [id=5180]
  0x00000232a95db630 GCTaskThread "GC Thread#1" [stack: 0x000000e750900000,0x000000e750a00000] [id=19736]
  0x00000232a95db370 GCTaskThread "GC Thread#2" [stack: 0x000000e750a00000,0x000000e750b00000] [id=5864]
  0x00000232a95db8f0 GCTaskThread "GC Thread#3" [stack: 0x000000e750b00000,0x000000e750c00000] [id=8404]
  0x00000232a95dbbb0 GCTaskThread "GC Thread#4" [stack: 0x000000e750c00000,0x000000e750d00000] [id=14392]
  0x00000232a95da870 GCTaskThread "GC Thread#5" [stack: 0x000000e750d00000,0x000000e750e00000] [id=11984]
  0x00000232a95da030 GCTaskThread "GC Thread#6" [stack: 0x000000e750f00000,0x000000e751000000] [id=19896]
  0x00000232a95da2f0 GCTaskThread "GC Thread#7" [stack: 0x000000e751000000,0x000000e751100000] [id=3308]
  0x00000232407fa460 ConcurrentGCThread "G1 Main Marker" [stack: 0x000000e74f500000,0x000000e74f600000] [id=16240]
  0x00000232407fae70 ConcurrentGCThread "G1 Conc#0" [stack: 0x000000e74f600000,0x000000e74f700000] [id=15104]
  0x00000232a95dab30 ConcurrentGCThread "G1 Conc#1" [stack: 0x000000e750e00000,0x000000e750f00000] [id=4444]
  0x000002324083e9e0 ConcurrentGCThread "G1 Refine#0" [stack: 0x000000e74f700000,0x000000e74f800000] [id=7468]
  0x00000232631f9920 ConcurrentGCThread "G1 Service" [stack: 0x000000e74f800000,0x000000e74f900000] [id=16400]

Threads with active compile tasks:
C2 CompilerThread0    79304 13111       4       org.springframework.security.web.firewall.StrictHttpFirewall::getFirewalledRequest (54 bytes)
C2 CompilerThread1    79304 13110       4       org.springframework.security.web.FilterChainProxy::doFilterInternal (169 bytes)
C2 CompilerThread2    79304 13115   !   4       org.apache.catalina.connector.CoyoteAdapter::postParseRequest (1142 bytes)

VM state: not at safepoint (normal execution)

VM Mutex/Monitor currently owned by a thread: None

Heap address: 0x0000000704600000, size: 4026 MB, Compressed Oops mode: Zero based, Oop shift amount: 3

CDS archive(s) mapped at: [0x0000023264000000-0x0000023264bd0000-0x0000023264bd0000), size 12386304, SharedBaseAddress: 0x0000023264000000, ArchiveRelocationMode: 1.
Compressed class space mapped at: 0x0000023265000000-0x00000232a5000000, reserved size: 1073741824
Narrow klass base: 0x0000023264000000, Narrow klass shift: 0, Narrow klass range: 0x100000000

GC Precious Log:
 CPUs: 8 total, 8 available
 Memory: 16103M
 Large Page Support: Disabled
 NUMA Support: Disabled
 Compressed Oops: Enabled (Zero based)
 Heap Region Size: 2M
 Heap Min Capacity: 8M
 Heap Initial Capacity: 252M
 Heap Max Capacity: 4026M
 Pre-touch: Disabled
 Parallel Workers: 8
 Concurrent Workers: 2
 Concurrent Refinement Workers: 8
 Periodic GC: Disabled

Heap:
 garbage-first heap   total 75776K, used 50459K [0x0000000704600000, 0x0000000800000000)
  region size 2048K, 12 young (24576K), 1 survivors (2048K)
 Metaspace       used 76015K, committed 76608K, reserved 1179648K
  class space    used 9768K, committed 10048K, reserved 1048576K

Heap Regions: E=young(eden), S=young(survivor), O=old, HS=humongous(starts), HC=humongous(continues), CS=collection set, F=free, OA=open archive, CA=closed archive, TAMS=top-at-mark-start (previous, next)
|   0|0x0000000704600000, 0x0000000704800000, 0x0000000704800000|100%| O|  |TAMS 0x0000000704800000, 0x0000000704600000| Untracked 
|   1|0x0000000704800000, 0x0000000704a00000, 0x0000000704a00000|100%| O|  |TAMS 0x0000000704a00000, 0x0000000704800000| Untracked 
|   2|0x0000000704a00000, 0x0000000704c00000, 0x0000000704c00000|100%| O|  |TAMS 0x0000000704c00000, 0x0000000704a00000| Untracked 
|   3|0x0000000704c00000, 0x0000000704e00000, 0x0000000704e00000|100%| O|  |TAMS 0x0000000704e00000, 0x0000000704c00000| Untracked 
|   4|0x0000000704e00000, 0x0000000705000000, 0x0000000705000000|100%| O|  |TAMS 0x0000000705000000, 0x0000000704e00000| Untracked 
|   5|0x0000000705000000, 0x0000000705200000, 0x0000000705200000|100%| O|  |TAMS 0x0000000705200000, 0x0000000705000000| Untracked 
|   6|0x0000000705200000, 0x0000000705400000, 0x0000000705400000|100%| O|  |TAMS 0x0000000705400000, 0x0000000705200000| Untracked 
|   7|0x0000000705400000, 0x0000000705600000, 0x0000000705600000|100%| O|  |TAMS 0x0000000705600000, 0x0000000705400000| Untracked 
|   8|0x0000000705600000, 0x0000000705800000, 0x0000000705800000|100%| O|  |TAMS 0x0000000705600000, 0x0000000705600000| Untracked 
|   9|0x0000000705800000, 0x0000000705a00000, 0x0000000705a00000|100%| O|  |TAMS 0x0000000705a00000, 0x0000000705800000| Untracked 
|  10|0x0000000705a00000, 0x0000000705c00000, 0x0000000705c00000|100%| O|  |TAMS 0x0000000705c00000, 0x0000000705a00000| Untracked 
|  11|0x0000000705c00000, 0x0000000705e00000, 0x0000000705e00000|100%| O|  |TAMS 0x0000000705cfc400, 0x0000000705c00000| Untracked 
|  12|0x0000000705e00000, 0x0000000706000000, 0x0000000706000000|100%| O|  |TAMS 0x0000000705e00000, 0x0000000705e00000| Untracked 
|  13|0x0000000706000000, 0x0000000706200000, 0x0000000706200000|100%| O|  |TAMS 0x0000000706000000, 0x0000000706000000| Untracked 
|  14|0x0000000706200000, 0x0000000706400000, 0x0000000706400000|100%| O|  |TAMS 0x0000000706200000, 0x0000000706200000| Untracked 
|  15|0x0000000706400000, 0x000000070653e600, 0x0000000706600000| 62%| O|  |TAMS 0x0000000706400000, 0x0000000706400000| Untracked 
|  16|0x0000000706600000, 0x0000000706600000, 0x0000000706800000|  0%| F|  |TAMS 0x0000000706600000, 0x0000000706600000| Untracked 
|  17|0x0000000706800000, 0x0000000706800000, 0x0000000706a00000|  0%| F|  |TAMS 0x0000000706800000, 0x0000000706800000| Untracked 
|  18|0x0000000706a00000, 0x0000000706a00000, 0x0000000706c00000|  0%| F|  |TAMS 0x0000000706a00000, 0x0000000706a00000| Untracked 
|  19|0x0000000706c00000, 0x0000000706c00000, 0x0000000706e00000|  0%| F|  |TAMS 0x0000000706c00000, 0x0000000706c00000| Untracked 
|  20|0x0000000706e00000, 0x0000000706e00000, 0x0000000707000000|  0%| F|  |TAMS 0x0000000706e00000, 0x0000000706e00000| Untracked 
|  21|0x0000000707000000, 0x0000000707008910, 0x0000000707200000|  1%| S|CS|TAMS 0x0000000707000000, 0x0000000707000000| Complete 
|  22|0x0000000707200000, 0x0000000707200000, 0x0000000707400000|  0%| F|  |TAMS 0x0000000707200000, 0x0000000707200000| Untracked 
|  23|0x0000000707400000, 0x0000000707400000, 0x0000000707600000|  0%| F|  |TAMS 0x0000000707400000, 0x0000000707400000| Untracked 
|  24|0x0000000707600000, 0x0000000707600000, 0x0000000707800000|  0%| F|  |TAMS 0x0000000707600000, 0x0000000707600000| Untracked 
|  25|0x0000000707800000, 0x0000000707800000, 0x0000000707a00000|  0%| F|  |TAMS 0x0000000707800000, 0x0000000707800000| Untracked 
|  26|0x0000000707a00000, 0x0000000707b72478, 0x0000000707c00000| 72%| E|  |TAMS 0x0000000707a00000, 0x0000000707a00000| Complete 
|  27|0x0000000707c00000, 0x0000000707e00000, 0x0000000707e00000|100%| E|CS|TAMS 0x0000000707c00000, 0x0000000707c00000| Complete 
|  28|0x0000000707e00000, 0x0000000708000000, 0x0000000708000000|100%| E|  |TAMS 0x0000000707e00000, 0x0000000707e00000| Complete 
|  29|0x0000000708000000, 0x0000000708200000, 0x0000000708200000|100%| E|CS|TAMS 0x0000000708000000, 0x0000000708000000| Complete 
|  30|0x0000000708200000, 0x0000000708400000, 0x0000000708400000|100%| E|CS|TAMS 0x0000000708200000, 0x0000000708200000| Complete 
|  31|0x0000000708400000, 0x0000000708600000, 0x0000000708600000|100%| E|CS|TAMS 0x0000000708400000, 0x0000000708400000| Complete 
|  32|0x0000000708600000, 0x0000000708800000, 0x0000000708800000|100%| E|CS|TAMS 0x0000000708600000, 0x0000000708600000| Complete 
|  33|0x0000000708800000, 0x0000000708a00000, 0x0000000708a00000|100%| E|CS|TAMS 0x0000000708800000, 0x0000000708800000| Complete 
|  66|0x000000070ca00000, 0x000000070cc00000, 0x000000070cc00000|100%| E|CS|TAMS 0x000000070ca00000, 0x000000070ca00000| Complete 
|  67|0x000000070cc00000, 0x000000070ce00000, 0x000000070ce00000|100%| E|CS|TAMS 0x000000070cc00000, 0x000000070cc00000| Complete 
| 125|0x0000000714000000, 0x0000000714200000, 0x0000000714200000|100%| E|CS|TAMS 0x0000000714000000, 0x0000000714000000| Complete 

Card table byte_map: [0x0000023257b40000,0x0000023258320000] _byte_map_base: 0x000002325431d000

Marking Bits (Prev, Next): (CMBitMap*) 0x00000232407e8fd0, (CMBitMap*) 0x00000232407e8f90
 Prev Bits: [0x000002325c9f0000, 0x00000232608d8000)
 Next Bits: [0x0000023258b00000, 0x000002325c9e8000)

Polling page: 0x000002323e910000

Metaspace:

Usage:
  Non-class:     64.69 MB used.
      Class:      9.54 MB used.
       Both:     74.23 MB used.

Virtual space:
  Non-class space:      128.00 MB reserved,      65.00 MB ( 51%) committed,  2 nodes.
      Class space:        1.00 GB reserved,       9.81 MB ( <1%) committed,  1 nodes.
             Both:        1.12 GB reserved,      74.81 MB (  6%) committed. 

Chunk freelists:
   Non-Class:  14.27 MB
       Class:  6.22 MB
        Both:  20.49 MB

MaxMetaspaceSize: unlimited
CompressedClassSpaceSize: 1.00 GB
Initial GC threshold: 21.00 MB
Current GC threshold: 98.75 MB
CDS: on
MetaspaceReclaimPolicy: balanced
 - commit_granule_bytes: 65536.
 - commit_granule_words: 8192.
 - virtual_space_node_default_size: 8388608.
 - enlarge_chunks_in_place: 1.
 - new_chunks_are_fully_committed: 0.
 - uncommit_free_chunks: 1.
 - use_allocation_guard: 0.
 - handle_deallocations: 1.


Internal statistics:

num_allocs_failed_limit: 9.
num_arena_births: 794.
num_arena_deaths: 0.
num_vsnodes_births: 3.
num_vsnodes_deaths: 0.
num_space_committed: 1197.
num_space_uncommitted: 0.
num_chunks_returned_to_freelist: 9.
num_chunks_taken_from_freelist: 3493.
num_chunk_merges: 9.
num_chunk_splits: 2544.
num_chunks_enlarged: 2010.
num_inconsistent_stats: 0.

CodeHeap 'non-profiled nmethods': size=120000Kb used=12848Kb max_used=12848Kb free=107151Kb
 bounds [0x000002324faf0000, 0x0000023250780000, 0x0000023257020000]
CodeHeap 'profiled nmethods': size=120000Kb used=16596Kb max_used=22273Kb free=103403Kb
 bounds [0x0000023248020000, 0x00000232495f0000, 0x000002324f550000]
CodeHeap 'non-nmethods': size=5760Kb used=1381Kb max_used=1488Kb free=4379Kb
 bounds [0x000002324f550000, 0x000002324f7c0000, 0x000002324faf0000]
 total_blobs=10907 nmethods=10198 adapters=619
 compilation: enabled
              stopped_count=0, restarted_count=0
 full_count=0

Compilation events (20 events):
Event: 79.153 Thread 0x00000232634b9e90 nmethod 13103 0x0000023250775410 code [0x00000232507755a0, 0x0000023250775b08]
Event: 79.153 Thread 0x00000232634b9e90 13105       4       java.util.HashMap$HashIterator::remove (75 bytes)
Event: 79.153 Thread 0x00000232acab2040 nmethod 13104 0x0000023250775d90 code [0x0000023250775f40, 0x0000023250776548]
Event: 79.153 Thread 0x00000232acab2040 13106   !   4       org.apache.tomcat.util.net.NioEndpoint$Poller::processKey (299 bytes)
Event: 79.154 Thread 0x00000232634b9e90 nmethod 13105 0x0000023250776810 code [0x00000232507769a0, 0x0000023250776b28]
Event: 79.154 Thread 0x00000232634b9e90 13107       4       org.apache.tomcat.util.net.NioEndpoint$Poller::unreg (15 bytes)
Event: 79.162 Thread 0x00000232634b9e90 nmethod 13107 0x0000023250776c90 code [0x0000023250776e40, 0x0000023250777508]
Event: 79.165 Thread 0x00000232acab2040 nmethod 13106 0x0000023250777a90 code [0x0000023250777ca0, 0x0000023250778670]
Event: 79.168 Thread 0x00000232acab4570 nmethod 13102 0x0000023250779110 code [0x00000232507794c0, 0x0000023250779ea8]
Event: 79.170 Thread 0x00000232acab4570 13108       4       org.apache.coyote.http11.Http11Processor::prepareRequestProtocol (163 bytes)
Event: 79.170 Thread 0x00000232634b9e90 13109       4       org.apache.tomcat.util.http.MimeHeaders::setLimit (51 bytes)
Event: 79.171 Thread 0x00000232acab2040 13110       4       org.springframework.security.web.FilterChainProxy::doFilterInternal (169 bytes)
Event: 79.171 Thread 0x00000232634b9e90 nmethod 13109 0x000002325077a690 code [0x000002325077a800, 0x000002325077a8d8]
Event: 79.171 Thread 0x00000232634b9e90 13111       4       org.springframework.security.web.firewall.StrictHttpFirewall::getFirewalledRequest (54 bytes)
Event: 79.178 Thread 0x00000232acab4570 nmethod 13108 0x000002325077aa10 code [0x000002325077aba0, 0x000002325077b0f8]
Event: 79.178 Thread 0x00000232acab4570 13112       4       sun.nio.ch.SelectorImpl::selectedKeys (9 bytes)
Event: 79.179 Thread 0x00000232acab4570 nmethod 13112 0x000002325077b390 code [0x000002325077b500, 0x000002325077b598]
Event: 79.179 Thread 0x00000232acab4570 13113       4       sun.nio.ch.Util$2::iterator (10 bytes)
Event: 79.190 Thread 0x00000232acab4570 nmethod 13113 0x000002325077b690 code [0x000002325077b860, 0x000002325077bff8]
Event: 79.191 Thread 0x00000232acab4570 13115   !   4       org.apache.catalina.connector.CoyoteAdapter::postParseRequest (1142 bytes)

GC Heap History (20 events):
Event: 68.431 GC heap before
{Heap before GC invocations=52 (full 0):
 garbage-first heap   total 75776K, used 60701K [0x0000000704600000, 0x0000000800000000)
  region size 2048K, 16 young (32768K), 1 survivors (2048K)
 Metaspace       used 76009K, committed 76544K, reserved 1179648K
  class space    used 9768K, committed 10048K, reserved 1048576K
}
Event: 68.434 GC heap after
{Heap after GC invocations=53 (full 0):
 garbage-first heap   total 75776K, used 32046K [0x0000000704600000, 0x0000000800000000)
  region size 2048K, 1 young (2048K), 1 survivors (2048K)
 Metaspace       used 76009K, committed 76544K, reserved 1179648K
  class space    used 9768K, committed 10048K, reserved 1048576K
}
Event: 69.636 GC heap before
{Heap before GC invocations=53 (full 0):
 garbage-first heap   total 75776K, used 60718K [0x0000000704600000, 0x0000000800000000)
  region size 2048K, 16 young (32768K), 1 survivors (2048K)
 Metaspace       used 76009K, committed 76544K, reserved 1179648K
  class space    used 9768K, committed 10048K, reserved 1048576K
}
Event: 69.638 GC heap after
{Heap after GC invocations=54 (full 0):
 garbage-first heap   total 75776K, used 31975K [0x0000000704600000, 0x0000000800000000)
  region size 2048K, 1 young (2048K), 1 survivors (2048K)
 Metaspace       used 76009K, committed 76544K, reserved 1179648K
  class space    used 9768K, committed 10048K, reserved 1048576K
}
Event: 70.914 GC heap before
{Heap before GC invocations=54 (full 0):
 garbage-first heap   total 75776K, used 62695K [0x0000000704600000, 0x0000000800000000)
  region size 2048K, 16 young (32768K), 1 survivors (2048K)
 Metaspace       used 76009K, committed 76544K, reserved 1179648K
  class space    used 9768K, committed 10048K, reserved 1048576K
}
Event: 70.915 GC heap after
{Heap after GC invocations=55 (full 0):
 garbage-first heap   total 75776K, used 31982K [0x0000000704600000, 0x0000000800000000)
  region size 2048K, 1 young (2048K), 1 survivors (2048K)
 Metaspace       used 76009K, committed 76544K, reserved 1179648K
  class space    used 9768K, committed 10048K, reserved 1048576K
}
Event: 72.206 GC heap before
{Heap before GC invocations=55 (full 0):
 garbage-first heap   total 75776K, used 62702K [0x0000000704600000, 0x0000000800000000)
  region size 2048K, 16 young (32768K), 1 survivors (2048K)
 Metaspace       used 76009K, committed 76544K, reserved 1179648K
  class space    used 9768K, committed 10048K, reserved 1048576K
}
Event: 72.208 GC heap after
{Heap after GC invocations=56 (full 0):
 garbage-first heap   total 75776K, used 31999K [0x0000000704600000, 0x0000000800000000)
  region size 2048K, 1 young (2048K), 1 survivors (2048K)
 Metaspace       used 76009K, committed 76544K, reserved 1179648K
  class space    used 9768K, committed 10048K, reserved 1048576K
}
Event: 73.361 GC heap before
{Heap before GC invocations=56 (full 0):
 garbage-first heap   total 75776K, used 60671K [0x0000000704600000, 0x0000000800000000)
  region size 2048K, 16 young (32768K), 1 survivors (2048K)
 Metaspace       used 76013K, committed 76608K, reserved 1179648K
  class space    used 9768K, committed 10048K, reserved 1048576K
}
Event: 73.364 GC heap after
{Heap after GC invocations=57 (full 0):
 garbage-first heap   total 75776K, used 32040K [0x0000000704600000, 0x0000000800000000)
  region size 2048K, 1 young (2048K), 1 survivors (2048K)
 Metaspace       used 76013K, committed 76608K, reserved 1179648K
  class space    used 9768K, committed 10048K, reserved 1048576K
}
Event: 74.504 GC heap before
{Heap before GC invocations=57 (full 0):
 garbage-first heap   total 75776K, used 60712K [0x0000000704600000, 0x0000000800000000)
  region size 2048K, 16 young (32768K), 1 survivors (2048K)
 Metaspace       used 76013K, committed 76608K, reserved 1179648K
  class space    used 9768K, committed 10048K, reserved 1048576K
}
Event: 74.507 GC heap after
{Heap after GC invocations=58 (full 0):
 garbage-first heap   total 75776K, used 32064K [0x0000000704600000, 0x0000000800000000)
  region size 2048K, 1 young (2048K), 1 survivors (2048K)
 Metaspace       used 76013K, committed 76608K, reserved 1179648K
  class space    used 9768K, committed 10048K, reserved 1048576K
}
Event: 75.672 GC heap before
{Heap before GC invocations=58 (full 0):
 garbage-first heap   total 75776K, used 62784K [0x0000000704600000, 0x0000000800000000)
  region size 2048K, 16 young (32768K), 1 survivors (2048K)
 Metaspace       used 76015K, committed 76608K, reserved 1179648K
  class space    used 9768K, committed 10048K, reserved 1048576K
}
Event: 75.674 GC heap after
{Heap after GC invocations=59 (full 0):
 garbage-first heap   total 75776K, used 32029K [0x0000000704600000, 0x0000000800000000)
  region size 2048K, 1 young (2048K), 1 survivors (2048K)
 Metaspace       used 76015K, committed 76608K, reserved 1179648K
  class space    used 9768K, committed 10048K, reserved 1048576K
}
Event: 76.816 GC heap before
{Heap before GC invocations=59 (full 0):
 garbage-first heap   total 75776K, used 60701K [0x0000000704600000, 0x0000000800000000)
  region size 2048K, 16 young (32768K), 1 survivors (2048K)
 Metaspace       used 76015K, committed 76608K, reserved 1179648K
  class space    used 9768K, committed 10048K, reserved 1048576K
}
Event: 76.819 GC heap after
{Heap after GC invocations=60 (full 0):
 garbage-first heap   total 75776K, used 32064K [0x0000000704600000, 0x0000000800000000)
  region size 2048K, 1 young (2048K), 1 survivors (2048K)
 Metaspace       used 76015K, committed 76608K, reserved 1179648K
  class space    used 9768K, committed 10048K, reserved 1048576K
}
Event: 77.944 GC heap before
{Heap before GC invocations=60 (full 0):
 garbage-first heap   total 75776K, used 62784K [0x0000000704600000, 0x0000000800000000)
  region size 2048K, 16 young (32768K), 1 survivors (2048K)
 Metaspace       used 76015K, committed 76608K, reserved 1179648K
  class space    used 9768K, committed 10048K, reserved 1048576K
}
Event: 77.946 GC heap after
{Heap after GC invocations=61 (full 0):
 garbage-first heap   total 75776K, used 32051K [0x0000000704600000, 0x0000000800000000)
  region size 2048K, 1 young (2048K), 1 survivors (2048K)
 Metaspace       used 76015K, committed 76608K, reserved 1179648K
  class space    used 9768K, committed 10048K, reserved 1048576K
}
Event: 78.701 GC heap before
{Heap before GC invocations=61 (full 0):
 garbage-first heap   total 75776K, used 60723K [0x0000000704600000, 0x0000000800000000)
  region size 2048K, 16 young (32768K), 1 survivors (2048K)
 Metaspace       used 76015K, committed 76608K, reserved 1179648K
  class space    used 9768K, committed 10048K, reserved 1048576K
}
Event: 78.702 GC heap after
{Heap after GC invocations=62 (full 0):
 garbage-first heap   total 75776K, used 32027K [0x0000000704600000, 0x0000000800000000)
  region size 2048K, 1 young (2048K), 1 survivors (2048K)
 Metaspace       used 76015K, committed 76608K, reserved 1179648K
  class space    used 9768K, committed 10048K, reserved 1048576K
}

Deoptimization events (20 events):
Event: 49.535 Thread 0x00000232ab2c1950 Uncommon trap: trap_request=0xffffffbe fr.pc=0x00000232504edca4 relative=0x00000000000002e4
Event: 49.535 Thread 0x00000232ab2c1950 Uncommon trap: reason=profile_predicate action=maybe_recompile pc=0x00000232504edca4 method=org.hibernate.sql.results.graph.FetchList.hasJoinFetches()Z @ 13 c2
Event: 49.535 Thread 0x00000232ab2c1950 DEOPT PACKING pc=0x00000232504edca4 sp=0x000000e7519f9980
Event: 49.535 Thread 0x00000232ab2c1950 DEOPT UNPACKING pc=0x000002324f5a23a3 sp=0x000000e7519f9908 mode 2
Event: 49.540 Thread 0x00000232ab2c0510 Uncommon trap: trap_request=0xffffffbe fr.pc=0x00000232504edca4 relative=0x00000000000002e4
Event: 49.540 Thread 0x00000232ab2c0510 Uncommon trap: reason=profile_predicate action=maybe_recompile pc=0x00000232504edca4 method=org.hibernate.sql.results.graph.FetchList.hasJoinFetches()Z @ 13 c2
Event: 49.540 Thread 0x00000232ab2c0510 DEOPT PACKING pc=0x00000232504edca4 sp=0x000000e751afb130
Event: 49.540 Thread 0x00000232ab2c0510 DEOPT UNPACKING pc=0x000002324f5a23a3 sp=0x000000e751afb0b8 mode 2
Event: 49.541 Thread 0x00000232ab2c0510 Uncommon trap: trap_request=0xffffffbe fr.pc=0x00000232504edca4 relative=0x00000000000002e4
Event: 49.541 Thread 0x00000232ab2c0510 Uncommon trap: reason=profile_predicate action=maybe_recompile pc=0x00000232504edca4 method=org.hibernate.sql.results.graph.FetchList.hasJoinFetches()Z @ 13 c2
Event: 49.541 Thread 0x00000232ab2c0510 DEOPT PACKING pc=0x00000232504edca4 sp=0x000000e751af98e0
Event: 49.541 Thread 0x00000232ab2c0510 DEOPT UNPACKING pc=0x000002324f5a23a3 sp=0x000000e751af9868 mode 2
Event: 51.051 Thread 0x00000232ab2c0a20 Uncommon trap: trap_request=0xffffff6e fr.pc=0x000002325055db3c relative=0x000000000000019c
Event: 51.051 Thread 0x00000232ab2c0a20 Uncommon trap: reason=loop_limit_check action=maybe_recompile pc=0x000002325055db3c method=org.hibernate.internal.util.collections.StandardStack.findCurrentFirstWithParameter(Ljava/lang/Object;Ljava/util/function/BiFunction;)Ljava/lang/Object; @ 8 c2
Event: 51.051 Thread 0x00000232ab2c0a20 DEOPT PACKING pc=0x000002325055db3c sp=0x000000e751bfb440
Event: 51.051 Thread 0x00000232ab2c0a20 DEOPT UNPACKING pc=0x000002324f5a23a3 sp=0x000000e751bfb3d8 mode 2
Event: 54.260 Thread 0x00000232ab2c0510 Uncommon trap: trap_request=0xffffff6e fr.pc=0x00000232505a1930 relative=0x0000000000000b30
Event: 54.260 Thread 0x00000232ab2c0510 Uncommon trap: reason=loop_limit_check action=maybe_recompile pc=0x00000232505a1930 method=com.zaxxer.hikari.util.ConcurrentBag.borrow(JLjava/util/concurrent/TimeUnit;)Lcom/zaxxer/hikari/util/ConcurrentBag$IConcurrentBagEntry; @ 25 c2
Event: 54.260 Thread 0x00000232ab2c0510 DEOPT PACKING pc=0x00000232505a1930 sp=0x000000e751afbcb0
Event: 54.260 Thread 0x00000232ab2c0510 DEOPT UNPACKING pc=0x000002324f5a23a3 sp=0x000000e751afbac0 mode 2

Classes unloaded (0 events):
No events

Classes redefined (0 events):
No events

Internal exceptions (20 events):
Event: 6.117 Thread 0x000002324077c9f0 Exception <a 'java/lang/reflect/InvocationTargetException'{0x00000007084510e8}> (0x00000007084510e8) 
thrown [s\open\src\hotspot\share\runtime\reflection.cpp, line 1121]
Event: 6.133 Thread 0x000002324077c9f0 Exception <a 'java/lang/reflect/InvocationTargetException'{0x0000000708237348}> (0x0000000708237348) 
thrown [s\open\src\hotspot\share\runtime\reflection.cpp, line 1121]
Event: 6.141 Thread 0x000002324077c9f0 Exception <a 'java/lang/reflect/InvocationTargetException'{0x0000000708260970}> (0x0000000708260970) 
thrown [s\open\src\hotspot\share\runtime\reflection.cpp, line 1121]
Event: 6.143 Thread 0x000002324077c9f0 Exception <a 'java/lang/reflect/InvocationTargetException'{0x000000070826f550}> (0x000000070826f550) 
thrown [s\open\src\hotspot\share\runtime\reflection.cpp, line 1121]
Event: 6.216 Thread 0x000002324077c9f0 Exception <a 'java/lang/reflect/InvocationTargetException'{0x0000000707b361c0}> (0x0000000707b361c0) 
thrown [s\open\src\hotspot\share\runtime\reflection.cpp, line 1121]
Event: 6.490 Thread 0x000002324077c9f0 Exception <a 'sun/nio/fs/WindowsException'{0x0000000714161058}> (0x0000000714161058) 
thrown [s\open\src\hotspot\share\prims\jni.cpp, line 516]
Event: 6.543 Thread 0x000002324077c9f0 Exception <a 'java/lang/IncompatibleClassChangeError'{0x00000007088652e8}: Found class java.lang.Object, but interface was expected> (0x00000007088652e8) 
thrown [s\open\src\hotspot\share\interpreter\linkResolver.cpp, line 826]
Event: 6.679 Thread 0x000002324077c9f0 Exception <a 'java/lang/NoSuchMethodError'{0x00000007081cc940}: 'void java.lang.invoke.DirectMethodHandle$Holder.invokeVirtual(java.lang.Object, java.lang.Object, long)'> (0x00000007081cc940) 
thrown [s\open\src\hotspot\share\interpreter\linkResolver.cpp, line 759]
Event: 6.766 Thread 0x000002324077c9f0 Exception <a 'java/lang/IncompatibleClassChangeError'{0x0000000707ba1988}: Found class java.lang.Object, but interface was expected> (0x0000000707ba1988) 
thrown [s\open\src\hotspot\share\interpreter\linkResolver.cpp, line 826]
Event: 6.776 Thread 0x000002324077c9f0 Implicit null exception at 0x000002324fc2aa40 to 0x000002324fc2ac5c
Event: 6.839 Thread 0x000002324077c9f0 Exception <a 'java/lang/NoSuchMethodError'{0x000000070720eca0}: 'java.lang.Object java.lang.invoke.DirectMethodHandle$Holder.newInvokeSpecial(java.lang.Object, java.lang.Object, int, java.lang.Object, java.lang.Object)'> (0x000000070720eca0) 
thrown [s\open\src\hotspot\share\interpreter\linkResolver.cpp, line 759]
Event: 6.840 Thread 0x000002324077c9f0 Exception <a 'java/lang/NoSuchMethodError'{0x0000000707219f38}: 'java.lang.Object java.lang.invoke.DirectMethodHandle$Holder.invokeSpecial(java.lang.Object, java.lang.Object, int, java.lang.Object, int, java.lang.Object)'> (0x0000000707219f38) 
thrown [s\open\src\hotspot\share\interpreter\linkResolver.cpp, line 759]
Event: 6.840 Thread 0x000002324077c9f0 Exception <a 'java/lang/NoSuchMethodError'{0x0000000707221cb0}: 'java.lang.Object java.lang.invoke.DirectMethodHandle$Holder.newInvokeSpecial(java.lang.Object, java.lang.Object, int, java.lang.Object, int)'> (0x0000000707221cb0) 
thrown [s\open\src\hotspot\share\interpreter\linkResolver.cpp, line 759]
Event: 6.841 Thread 0x000002324077c9f0 Exception <a 'java/lang/NoSuchMethodError'{0x0000000707225db0}: 'java.lang.Object java.lang.invoke.DirectMethodHandle$Holder.invokeSpecial(java.lang.Object, java.lang.Object, java.lang.Object, int, java.lang.Object, int)'> (0x0000000707225db0) 
thrown [s\open\src\hotspot\share\interpreter\linkResolver.cpp, line 759]
Event: 23.726 Thread 0x00000232ab2c0000 Exception <a 'java/lang/NoSuchMethodError'{0x000000070cd883c0}: 'java.lang.Object java.lang.invoke.DirectMethodHandle$Holder.invokeSpecial(java.lang.Object, java.lang.Object, java.lang.Object, java.lang.Object, java.lang.Object, long)'> (0x000000070cd883c0) 
thrown [s\open\src\hotspot\share\interpreter\linkResolver.cpp, line 759]
Event: 23.726 Thread 0x00000232ab2c0000 Exception <a 'java/lang/NoSuchMethodError'{0x000000070cd8be00}: 'java.lang.Object java.lang.invoke.Invokers$Holder.linkToTargetMethod(java.lang.Object, java.lang.Object, java.lang.Object, long, java.lang.Object)'> (0x000000070cd8be00) 
thrown [s\open\src\hotspot\share\interpreter\linkResolver.cpp, line 759]
Event: 25.283 Thread 0x00000232ab2c1950 Exception <a 'java/lang/NoSuchMethodError'{0x0000000707c555a8}: 'void java.lang.invoke.DirectMethodHandle$Holder.invokeSpecialIFC(java.lang.Object, java.lang.Object, int, java.lang.Object, java.lang.Object, java.lang.Object, java.lang.Object)'> (0x0000000707c555a8) 
thrown [s\open\src\hotspot\share\interpreter\linkResolver.cpp, line 759]
Event: 25.452 Thread 0x00000232ab2c1950 Exception <a 'java/lang/IncompatibleClassChangeError'{0x00000007079fa690}: Found class java.lang.Object, but interface was expected> (0x00000007079fa690) 
thrown [s\open\src\hotspot\share\interpreter\linkResolver.cpp, line 826]
Event: 25.704 Thread 0x00000232ab2c0a20 Exception <a 'java/lang/NoSuchMethodError'{0x000000070ca7b330}: 'void java.lang.invoke.DirectMethodHandle$Holder.invokeStatic(java.lang.Object, java.lang.Object, int)'> (0x000000070ca7b330) 
thrown [s\open\src\hotspot\share\interpreter\linkResolver.cpp, line 759]
Event: 35.243 Thread 0x00000232ab2c0000 Implicit null exception at 0x000002324fff8a4f to 0x000002324fff9928

VM Operations (20 events):
Event: 73.361 Executing VM operation: G1CollectForAllocation
Event: 73.364 Executing VM operation: G1CollectForAllocation done
Event: 74.504 Executing VM operation: G1CollectForAllocation
Event: 74.507 Executing VM operation: G1CollectForAllocation done
Event: 74.568 Executing VM operation: HandshakeAllThreads
Event: 74.568 Executing VM operation: HandshakeAllThreads done
Event: 74.597 Executing VM operation: HandshakeAllThreads
Event: 74.597 Executing VM operation: HandshakeAllThreads done
Event: 74.946 Executing VM operation: HandshakeAllThreads
Event: 74.946 Executing VM operation: HandshakeAllThreads done
Event: 75.672 Executing VM operation: G1CollectForAllocation
Event: 75.674 Executing VM operation: G1CollectForAllocation done
Event: 76.675 Executing VM operation: Cleanup
Event: 76.675 Executing VM operation: Cleanup done
Event: 76.816 Executing VM operation: G1CollectForAllocation
Event: 76.819 Executing VM operation: G1CollectForAllocation done
Event: 77.944 Executing VM operation: G1CollectForAllocation
Event: 77.946 Executing VM operation: G1CollectForAllocation done
Event: 78.701 Executing VM operation: G1CollectForAllocation
Event: 78.702 Executing VM operation: G1CollectForAllocation done

Events (20 events):
Event: 74.975 Thread 0x00000232634cc960 flushing nmethod 0x0000023249430310
Event: 74.975 Thread 0x00000232634cc960 flushing nmethod 0x0000023249444290
Event: 74.976 Thread 0x00000232634cc960 flushing nmethod 0x0000023249449010
Event: 74.976 Thread 0x00000232634cc960 flushing nmethod 0x0000023249463410
Event: 74.976 Thread 0x00000232634cc960 flushing nmethod 0x000002324946b010
Event: 74.976 Thread 0x00000232634cc960 flushing nmethod 0x00000232494baf10
Event: 74.976 Thread 0x00000232634cc960 flushing nmethod 0x00000232494bcc10
Event: 74.976 Thread 0x00000232634cc960 flushing nmethod 0x00000232494c6290
Event: 74.976 Thread 0x00000232634cc960 flushing nmethod 0x00000232494d4590
Event: 74.976 Thread 0x00000232634cc960 flushing nmethod 0x00000232494e1e10
Event: 74.976 Thread 0x00000232634cc960 flushing nmethod 0x00000232494ed290
Event: 74.976 Thread 0x00000232634cc960 flushing nmethod 0x00000232494f2410
Event: 74.977 Thread 0x00000232634cc960 flushing nmethod 0x0000023249597810
Event: 74.977 Thread 0x00000232634cc960 flushing nmethod 0x00000232495a0110
Event: 74.977 Thread 0x00000232634cc960 flushing nmethod 0x00000232495d1a90
Event: 74.977 Thread 0x00000232634cc960 flushing nmethod 0x00000232495db610
Event: 76.146 Thread 0x00000232acab4570 Thread exited: 0x00000232acab4570
Event: 76.769 Thread 0x00000232acab15a0 Thread exited: 0x00000232acab15a0
Event: 78.605 Thread 0x00000232acab2040 Thread added: 0x00000232acab2040
Event: 78.605 Thread 0x00000232acab4570 Thread added: 0x00000232acab4570


Dynamic libraries:
0x00007ff6db970000 - 0x00007ff6db980000 	C:\Program Files\Java\jdk-17\bin\java.exe
0x00007ff8c23b0000 - 0x00007ff8c25c7000 	C:\WINDOWS\SYSTEM32\ntdll.dll
0x00007ff8c08a0000 - 0x00007ff8c0964000 	C:\WINDOWS\System32\KERNEL32.DLL
0x00007ff8bf8e0000 - 0x00007ff8bfc87000 	C:\WINDOWS\System32\KERNELBASE.dll
0x00007ff8bfe00000 - 0x00007ff8bff11000 	C:\WINDOWS\System32\ucrtbase.dll
0x00007ff8aacb0000 - 0x00007ff8aacc9000 	C:\Program Files\Java\jdk-17\bin\jli.dll
0x00007ff8a26c0000 - 0x00007ff8a26db000 	C:\Program Files\Java\jdk-17\bin\VCRUNTIME140.dll
0x00007ff8c0980000 - 0x00007ff8c0a32000 	C:\WINDOWS\System32\ADVAPI32.dll
0x00007ff8c2260000 - 0x00007ff8c2307000 	C:\WINDOWS\System32\msvcrt.dll
0x00007ff8c20b0000 - 0x00007ff8c2158000 	C:\WINDOWS\System32\sechost.dll
0x00007ff8c00b0000 - 0x00007ff8c00d8000 	C:\WINDOWS\System32\bcrypt.dll
0x00007ff8c0220000 - 0x00007ff8c0335000 	C:\WINDOWS\System32\RPCRT4.dll
0x00007ff8c0340000 - 0x00007ff8c04ee000 	C:\WINDOWS\System32\USER32.dll
0x00007ff8bf790000 - 0x00007ff8bf7b6000 	C:\WINDOWS\System32\win32u.dll
0x00007ff8c0840000 - 0x00007ff8c0869000 	C:\WINDOWS\System32\GDI32.dll
0x00007ff8bff20000 - 0x00007ff8c0039000 	C:\WINDOWS\System32\gdi32full.dll
0x00007ff8bf7c0000 - 0x00007ff8bf85a000 	C:\WINDOWS\System32\msvcp_win.dll
0x00007ff8b0970000 - 0x00007ff8b0c03000 	C:\WINDOWS\WinSxS\amd64_microsoft.windows.common-controls_6595b64144ccf1df_6.0.22621.3527_none_270e469b73872a76\COMCTL32.dll
0x00007ff8b4e90000 - 0x00007ff8b4e9a000 	C:\WINDOWS\SYSTEM32\VERSION.dll
0x00007ff8c01e0000 - 0x00007ff8c0211000 	C:\WINDOWS\System32\IMM32.DLL
0x00007ff8b0010000 - 0x00007ff8b001c000 	C:\Program Files\Java\jdk-17\bin\vcruntime140_1.dll
0x00007ff8979d0000 - 0x00007ff897a5e000 	C:\Program Files\Java\jdk-17\bin\msvcp140.dll
0x00007ff8189a0000 - 0x00007ff81957f000 	C:\Program Files\Java\jdk-17\bin\server\jvm.dll
0x00007ff8c11c0000 - 0x00007ff8c11c8000 	C:\WINDOWS\System32\PSAPI.DLL
0x00007ff8a7e50000 - 0x00007ff8a7e59000 	C:\WINDOWS\SYSTEM32\WSOCK32.dll
0x00007ff8b7c90000 - 0x00007ff8b7cc4000 	C:\WINDOWS\SYSTEM32\WINMM.dll
0x00007ff8c05f0000 - 0x00007ff8c0661000 	C:\WINDOWS\System32\WS2_32.dll
0x00007ff8be690000 - 0x00007ff8be6a8000 	C:\WINDOWS\SYSTEM32\kernel.appcore.dll
0x00007ff8afb20000 - 0x00007ff8afb2a000 	C:\Program Files\Java\jdk-17\bin\jimage.dll
0x00007ff8bd270000 - 0x00007ff8bd4a2000 	C:\WINDOWS\SYSTEM32\DBGHELP.DLL
0x00007ff8c1d20000 - 0x00007ff8c20a8000 	C:\WINDOWS\System32\combase.dll
0x00007ff8c0ec0000 - 0x00007ff8c0f97000 	C:\WINDOWS\System32\OLEAUT32.dll
0x00007ff8b5190000 - 0x00007ff8b51c2000 	C:\WINDOWS\SYSTEM32\dbgcore.DLL
0x00007ff8bf860000 - 0x00007ff8bf8d9000 	C:\WINDOWS\System32\bcryptPrimitives.dll
0x00007ff8bb820000 - 0x00007ff8bb82e000 	C:\Program Files\Java\jdk-17\bin\instrument.dll
0x00007ff8a2680000 - 0x00007ff8a26a5000 	C:\Program Files\Java\jdk-17\bin\java.dll
0x00007ff8967c0000 - 0x00007ff896897000 	C:\Program Files\Java\jdk-17\bin\jsvml.dll
0x00007ff8c11d0000 - 0x00007ff8c1a2c000 	C:\WINDOWS\System32\SHELL32.dll
0x00007ff8bd610000 - 0x00007ff8bdf06000 	C:\WINDOWS\SYSTEM32\windows.storage.dll
0x00007ff8bd4d0000 - 0x00007ff8bd60e000 	C:\WINDOWS\SYSTEM32\wintypes.dll
0x00007ff8c00e0000 - 0x00007ff8c01d5000 	C:\WINDOWS\System32\SHCORE.dll
0x00007ff8c2310000 - 0x00007ff8c236e000 	C:\WINDOWS\System32\shlwapi.dll
0x00007ff8bf600000 - 0x00007ff8bf621000 	C:\WINDOWS\SYSTEM32\profapi.dll
0x00007ff8a0ea0000 - 0x00007ff8a0eb8000 	C:\Program Files\Java\jdk-17\bin\zip.dll
0x00007ff8a0ee0000 - 0x00007ff8a0ef9000 	C:\Program Files\Java\jdk-17\bin\net.dll
0x00007ff8bbcd0000 - 0x00007ff8bbe06000 	C:\WINDOWS\SYSTEM32\WINHTTP.dll
0x00007ff8beb60000 - 0x00007ff8bebc9000 	C:\WINDOWS\system32\mswsock.dll
0x00007ff8a0ec0000 - 0x00007ff8a0ed6000 	C:\Program Files\Java\jdk-17\bin\nio.dll
0x00007ff8b0550000 - 0x00007ff8b056a000 	C:\Program Files\JetBrains\IntelliJ IDEA Community Edition 2023.3.2\bin\breakgen64.dll
0x00007ff8b4bb0000 - 0x00007ff8b4bbe000 	C:\Program Files\Java\jdk-17\bin\sunmscapi.dll
0x00007ff8bfc90000 - 0x00007ff8bfdf8000 	C:\WINDOWS\System32\CRYPT32.dll
0x00007ff8beff0000 - 0x00007ff8bf01e000 	C:\WINDOWS\SYSTEM32\ncrypt.dll
0x00007ff8befb0000 - 0x00007ff8befe7000 	C:\WINDOWS\SYSTEM32\NTASN1.dll
0x00007ff8bedc0000 - 0x00007ff8beddb000 	C:\WINDOWS\SYSTEM32\CRYPTSP.dll
0x00007ff8be650000 - 0x00007ff8be685000 	C:\WINDOWS\system32\rsaenh.dll
0x00007ff8bec60000 - 0x00007ff8bec88000 	C:\WINDOWS\SYSTEM32\USERENV.dll
0x00007ff8bede0000 - 0x00007ff8bedec000 	C:\WINDOWS\SYSTEM32\CRYPTBASE.dll
0x00007ff8be170000 - 0x00007ff8be19d000 	C:\WINDOWS\SYSTEM32\IPHLPAPI.DLL
0x00007ff8c1d10000 - 0x00007ff8c1d19000 	C:\WINDOWS\System32\NSI.dll
0x00007ff8bbbe0000 - 0x00007ff8bbbf9000 	C:\WINDOWS\SYSTEM32\dhcpcsvc6.DLL
0x00007ff8bbbc0000 - 0x00007ff8bbbdf000 	C:\WINDOWS\SYSTEM32\dhcpcsvc.DLL
0x00007ff8be1a0000 - 0x00007ff8be298000 	C:\WINDOWS\SYSTEM32\DNSAPI.dll
0x00007ff8bb810000 - 0x00007ff8bb81a000 	C:\Program Files\Java\jdk-17\bin\management.dll
0x00007ff8b52e0000 - 0x00007ff8b52eb000 	C:\Program Files\Java\jdk-17\bin\management_ext.dll
0x00007ff8a28b0000 - 0x00007ff8a28c0000 	C:\Program Files\Java\jdk-17\bin\verify.dll
0x00007ff8b7980000 - 0x00007ff8b798a000 	C:\Windows\System32\rasadhlp.dll
0x00007ff8b7990000 - 0x00007ff8b7a13000 	C:\WINDOWS\System32\fwpuclnt.dll
0x00007ff877ae0000 - 0x00007ff877ae8000 	C:\WINDOWS\system32\wshunix.dll

dbghelp: loaded successfully - version: 4.0.5 - missing functions: none
symbol engine: initialized successfully - sym options: 0x614 - pdb path: .;C:\Program Files\Java\jdk-17\bin;C:\WINDOWS\SYSTEM32;C:\WINDOWS\WinSxS\amd64_microsoft.windows.common-controls_6595b64144ccf1df_6.0.22621.3527_none_270e469b73872a76;C:\Program Files\Java\jdk-17\bin\server;C:\Program Files\JetBrains\IntelliJ IDEA Community Edition 2023.3.2\bin

VM Arguments:
jvm_args: -javaagent:C:\Program Files\JetBrains\IntelliJ IDEA Community Edition 2023.3.2\lib\idea_rt.jar=52060:C:\Program Files\JetBrains\IntelliJ IDEA Community Edition 2023.3.2\bin -Dfile.encoding=UTF-8 
java_command: com.restaurant.restaurant_spring.RestaurantSpringApplication
java_class_path (initial): C:\Users\DELOITTE\Desktop\fullstack project\Restaurant-Management\backend\restaurant_spring\target\classes;C:\Users\DELOITTE\.m2\repository\org\springframework\boot\spring-boot-starter-data-jpa\3.2.5\spring-boot-starter-data-jpa-3.2.5.jar;C:\Users\DELOITTE\.m2\repository\org\springframework\boot\spring-boot-starter-aop\3.2.5\spring-boot-starter-aop-3.2.5.jar;C:\Users\DELOITTE\.m2\repository\org\aspectj\aspectjweaver\1.9.22\aspectjweaver-1.9.22.jar;C:\Users\DELOITTE\.m2\repository\org\springframework\boot\spring-boot-starter-jdbc\3.2.5\spring-boot-starter-jdbc-3.2.5.jar;C:\Users\DELOITTE\.m2\repository\com\zaxxer\HikariCP\5.0.1\HikariCP-5.0.1.jar;C:\Users\DELOITTE\.m2\repository\org\springframework\spring-jdbc\6.1.6\spring-jdbc-6.1.6.jar;C:\Users\DELOITTE\.m2\repository\org\hibernate\orm\hibernate-core\6.4.4.Final\hibernate-core-6.4.4.Final.jar;C:\Users\DELOITTE\.m2\repository\jakarta\persistence\jakarta.persistence-api\3.1.0\jakarta.persistence-api-3.1.0.jar;C:\Users\DELOITTE\.m2\repository\jakarta\transaction\jakarta.transaction-api\2.0.1\jakarta.transaction-api-2.0.1.jar;C:\Users\DELOITTE\.m2\repository\org\jboss\logging\jboss-logging\3.5.3.Final\jboss-logging-3.5.3.Final.jar;C:\Users\DELOITTE\.m2\repository\org\hibernate\common\hibernate-commons-annotations\6.0.6.Final\hibernate-commons-annotations-6.0.6.Final.jar;C:\Users\DELOITTE\.m2\repository\io\smallrye\jandex\3.1.2\jandex-3.1.2.jar;C:\Users\DELOITTE\.m2\repository\com\fasterxml\classmate\1.6.0\classmate-1.6.0.jar;C:\Users\DELOITTE\.m2\repository\net\bytebuddy\byte-buddy\1.14.13\byte-buddy-1.14.13.jar;C:\Users\DELOITTE\.m2\repository\org\glassfish\jaxb\jaxb-runtime\4.0.5\jaxb-runtime-4.0.5.jar;C:\Users\DELOITTE\.m2\repository\org\glassfish\jaxb\jaxb-core\4.0.5\jaxb-core-4.0.5.jar;C:\Users\DELOITTE\.m2\repository\org\eclipse\angus\angus-activation\2.0.2\angus-activation-2.0.2.jar;C:\Users\DELOITTE\.m2\repository\org\glassfish\jaxb\txw2\4.0.5\txw2-4.0.5.jar;C:\Users\DELOITTE\.m2\re
Launcher Type: SUN_STANDARD

[Global flags]
     intx CICompilerCount                          = 4                                         {product} {ergonomic}
     uint ConcGCThreads                            = 2                                         {product} {ergonomic}
     uint G1ConcRefinementThreads                  = 8                                         {product} {ergonomic}
   size_t G1HeapRegionSize                         = 2097152                                   {product} {ergonomic}
    uintx GCDrainStackTargetSize                   = 64                                        {product} {ergonomic}
   size_t InitialHeapSize                          = 264241152                                 {product} {ergonomic}
   size_t MarkStackSize                            = 4194304                                   {product} {ergonomic}
   size_t MaxHeapSize                              = 4221566976                                {product} {ergonomic}
   size_t MaxNewSize                               = 2531262464                                {product} {ergonomic}
   size_t MinHeapDeltaBytes                        = 2097152                                   {product} {ergonomic}
   size_t MinHeapSize                              = 8388608                                   {product} {ergonomic}
    uintx NonNMethodCodeHeapSize                   = 5839372                                {pd product} {ergonomic}
    uintx NonProfiledCodeHeapSize                  = 122909434                              {pd product} {ergonomic}
    uintx ProfiledCodeHeapSize                     = 122909434                              {pd product} {ergonomic}
    uintx ReservedCodeCacheSize                    = 251658240                              {pd product} {ergonomic}
     bool SegmentedCodeCache                       = true                                      {product} {ergonomic}
   size_t SoftMaxHeapSize                          = 4221566976                             {manageable} {ergonomic}
     bool UseCompressedClassPointers               = true                           {product lp64_product} {ergonomic}
     bool UseCompressedOops                        = true                           {product lp64_product} {ergonomic}
     bool UseG1GC                                  = true                                      {product} {ergonomic}
     bool UseLargePagesIndividualAllocation        = false                                  {pd product} {ergonomic}

Logging:
Log output configuration:
 #0: stdout all=warning uptime,level,tags
 #1: stderr all=off uptime,level,tags

Environment Variables:
JAVA_HOME=C:\Program Files\Java\jdk1.8.0_202\bin
PATH=C:\Program Files\Common Files\Oracle\Java\javapath;C:\Program Files (x86)\Common Files\Oracle\Java\java8path;C:\Program Files (x86)\Common Files\Oracle\Java\javapath;C:\Users\DELOITTE\Downloads\WINDOWS.X64_193000_db_home\bin;C:\Program Files (x86)\VMware\VMware Workstation\bin\;C:\WINDOWS\system32;C:\WINDOWS;C:\WINDOWS\System32\Wbem;C:\WINDOWS\System32\WindowsPowerShell\v1.0\;C:\WINDOWS\System32\OpenSSH\;C:\Program Files\Git\cmd;C:\Program Files\nodejs\;C:\Windows\System32;C:\Users\DELOITTE\AppData\Local\Microsoft\WindowsApps;;C:\Users\DELOITTE\AppData\Local\Programs\Microsoft VS Code\bin;C:\Program Files\JetBrains\IntelliJ IDEA 2023.3.2\bin;;C:\Users\DELOITTE\AppData\Roaming\npm;C:\Program Files\JetBrains\IntelliJ IDEA Community Edition 2023.3.2\bin;
USERNAME=DELOITTE
OS=Windows_NT
PROCESSOR_IDENTIFIER=Intel64 Family 6 Model 142 Stepping 12, GenuineIntel



---------------  S Y S T E M  ---------------

OS:
 Windows 11 , 64 bit Build 22621 (10.0.22621.3527)
OS uptime: 0 days 5:38 hours

CPU: total 8 (initial active 8) (4 cores per cpu, 2 threads per core) family 6 model 142 stepping 12 microcode 0xf0, cx8, cmov, fxsr, ht, mmx, 3dnowpref, sse, sse2, sse3, ssse3, sse4.1, sse4.2, popcnt, lzcnt, tsc, tscinvbit, avx, avx2, aes, erms, clmul, bmi1, bmi2, adx, fma, vzeroupper, clflush, clflushopt

Memory: 4k page, system-wide physical 16103M (5193M free)
TotalPageFile size 46522M (AvailPageFile size 5M)
current process WorkingSet (physical memory assigned to process): 297M, peak: 327M
current process commit charge ("private bytes"): 334M, peak: 414M

vm_info: Java HotSpot(TM) 64-Bit Server VM (17.0.10+11-LTS-240) for windows-amd64 JRE (17.0.10+11-LTS-240), built on Dec 19 2023 21:47:25 by "mach5one" with MS VC++ 17.1 (VS2022)

END.
