#
# There is insufficient memory for the Java Runtime Environment to continue.
# Native memory allocation (malloc) failed to allocate 1096976 bytes for Chunk::new
# Possible reasons:
#   The system is out of physical RAM or swap space
#   The process is running with CompressedOops enabled, and the Java Heap may be blocking the growth of the native heap
# Possible solutions:
#   Reduce memory load on the system
#   Increase physical memory or swap space
#   Check if swap backing store is full
#   Decrease Java heap size (-Xmx/-Xms)
#   Decrease number of Java threads
#   Decrease Java thread stack sizes (-Xss)
#   Set larger code cache with -XX:ReservedCodeCacheSize=
#   JVM is running with Zero Based Compressed Oops mode in which the Java heap is
#     placed in the first 32GB address space. The Java Heap base address is the
#     maximum limit for the native heap growth. Please use -XX:HeapBaseMinAddress
#     to set the Java Heap base and to place the Java Heap above 32GB virtual address.
# This output file may be truncated or incomplete.
#
#  Out of Memory Error (arena.cpp:189), pid=15332, tid=29452
#
# JRE version: Java(TM) SE Runtime Environment (17.0.10+11) (build 17.0.10+11-LTS-240)
# Java VM: Java HotSpot(TM) 64-Bit Server VM (17.0.10+11-LTS-240, mixed mode, sharing, tiered, compressed oops, compressed class ptrs, g1 gc, windows-amd64)
# No core dump will be written. Minidumps are not enabled by default on client versions of Windows
#

---------------  S U M M A R Y ------------

Command Line: -javaagent:C:\Program Files\JetBrains\IntelliJ IDEA Community Edition 2023.3.2\lib\idea_rt.jar=54314:C:\Program Files\JetBrains\IntelliJ IDEA Community Edition 2023.3.2\bin -Dfile.encoding=UTF-8 com.restaurant.restaurant_spring.RestaurantSpringApplication

Host: Intel(R) Core(TM) i7-10610U CPU @ 1.80GHz, 8 cores, 15G,  Windows 11 , 64 bit Build 22621 (10.0.22621.3374)
Time: Thu Jun 13 17:31:50 2024 Afr. centrale Ouest elapsed time: 183.479946 seconds (0d 0h 3m 3s)

---------------  T H R E A D  ---------------

Current thread (0x00000151e950e730):  JavaThread "C2 CompilerThread0" daemon [_thread_in_native, id=29452, stack(0x0000001a1e100000,0x0000001a1e200000)]


Current CompileTask:
C2: 183480 6168       4       org.springframework.core.ResolvableType::hasGenerics (14 bytes)

Stack: [0x0000001a1e100000,0x0000001a1e200000]
Native frames: (J=compiled Java code, j=interpreted, Vv=VM code, C=native code)
V  [jvm.dll+0x677a5a]
V  [jvm.dll+0x7d8b2d]
V  [jvm.dll+0x7da48e]
V  [jvm.dll+0x7daaf3]
V  [jvm.dll+0x2455ff]
V  [jvm.dll+0xaaafb]
V  [jvm.dll+0xab09c]
V  [jvm.dll+0x2aafef]
V  [jvm.dll+0x57fd55]
V  [jvm.dll+0x220472]
V  [jvm.dll+0x21945f]
V  [jvm.dll+0x216c79]
V  [jvm.dll+0x1a3410]
V  [jvm.dll+0x226aeb]
V  [jvm.dll+0x224cab]
V  [jvm.dll+0x78e45c]
V  [jvm.dll+0x78888a]
V  [jvm.dll+0x676935]
C  [ucrtbase.dll+0x29333]
C  [KERNEL32.DLL+0x1257d]
C  [ntdll.dll+0x5aa48]


---------------  P R O C E S S  ---------------

Threads class SMR info:
_java_thread_list=0x00000151ee3cda80, length=30, elements={
0x00000151e94f0f10, 0x00000151e94f1d90, 0x00000151e9505a30, 0x00000151e95065f0,
0x00000151e95079c0, 0x00000151e950a490, 0x00000151e950e730, 0x00000151e9648480,
0x00000151e9654580, 0x00000151e9742ea0, 0x00000151e97442e0, 0x00000151e9745210,
0x00000151e9743dd0, 0x00000151e97438c0, 0x00000151ef78ad30, 0x00000151ef787fa0,
0x00000151ef78b240, 0x00000151ef786650, 0x00000151ef788ed0, 0x00000151ef786140,
0x00000151ef7847f0, 0x00000151ef7884b0, 0x00000151ef78a310, 0x00000151ef785720,
0x00000151ef786b60, 0x00000151ef78b750, 0x00000151ef787070, 0x00000151ef7893e0,
0x00000151ef787580, 0x00000151ef785c30
}

Java Threads: ( => current thread )
  0x00000151e94f0f10 JavaThread "Reference Handler" daemon [_thread_blocked, id=18540, stack(0x0000001a1db00000,0x0000001a1dc00000)]
  0x00000151e94f1d90 JavaThread "Finalizer" daemon [_thread_blocked, id=29316, stack(0x0000001a1dc00000,0x0000001a1dd00000)]
  0x00000151e9505a30 JavaThread "Signal Dispatcher" daemon [_thread_blocked, id=29236, stack(0x0000001a1dd00000,0x0000001a1de00000)]
  0x00000151e95065f0 JavaThread "Attach Listener" daemon [_thread_blocked, id=22348, stack(0x0000001a1de00000,0x0000001a1df00000)]
  0x00000151e95079c0 JavaThread "Service Thread" daemon [_thread_blocked, id=28068, stack(0x0000001a1df00000,0x0000001a1e000000)]
  0x00000151e950a490 JavaThread "Monitor Deflation Thread" daemon [_thread_blocked, id=24004, stack(0x0000001a1e000000,0x0000001a1e100000)]
=>0x00000151e950e730 JavaThread "C2 CompilerThread0" daemon [_thread_in_native, id=29452, stack(0x0000001a1e100000,0x0000001a1e200000)]
  0x00000151e9648480 JavaThread "C1 CompilerThread0" daemon [_thread_blocked, id=17120, stack(0x0000001a1e200000,0x0000001a1e300000)]
  0x00000151e9654580 JavaThread "Sweeper thread" daemon [_thread_blocked, id=21268, stack(0x0000001a1e300000,0x0000001a1e400000)]
  0x00000151e9742ea0 JavaThread "Common-Cleaner" daemon [_thread_blocked, id=28772, stack(0x0000001a1e400000,0x0000001a1e500000)]
  0x00000151e97442e0 JavaThread "Monitor Ctrl-Break" daemon [_thread_in_native, id=17812, stack(0x0000001a1e600000,0x0000001a1e700000)]
  0x00000151e9745210 JavaThread "Notification Thread" daemon [_thread_blocked, id=1544, stack(0x0000001a1e700000,0x0000001a1e800000)]
  0x00000151e9743dd0 JavaThread "mysql-cj-abandoned-connection-cleanup" daemon [_thread_blocked, id=17756, stack(0x0000001a1f200000,0x0000001a1f300000)]
  0x00000151e97438c0 JavaThread "HikariPool-1 housekeeper" daemon [_thread_blocked, id=29632, stack(0x0000001a1f400000,0x0000001a1f500000)]
  0x00000151ef78ad30 JavaThread "Catalina-utility-1" [_thread_blocked, id=18624, stack(0x0000001a1f600000,0x0000001a1f700000)]
  0x00000151ef787fa0 JavaThread "Catalina-utility-2" [_thread_blocked, id=12412, stack(0x0000001a1f700000,0x0000001a1f800000)]
  0x00000151ef78b240 JavaThread "container-0" [_thread_blocked, id=15164, stack(0x0000001a1f800000,0x0000001a1f900000)]
  0x00000151ef786650 JavaThread "http-nio-8080-exec-1" daemon [_thread_blocked, id=28676, stack(0x0000001a1f900000,0x0000001a1fa00000)]
  0x00000151ef788ed0 JavaThread "http-nio-8080-exec-2" daemon [_thread_blocked, id=27788, stack(0x0000001a1fa00000,0x0000001a1fb00000)]
  0x00000151ef786140 JavaThread "http-nio-8080-exec-3" daemon [_thread_blocked, id=8076, stack(0x0000001a1fb00000,0x0000001a1fc00000)]
  0x00000151ef7847f0 JavaThread "http-nio-8080-exec-4" daemon [_thread_blocked, id=27908, stack(0x0000001a1fc00000,0x0000001a1fd00000)]
  0x00000151ef7884b0 JavaThread "http-nio-8080-exec-5" daemon [_thread_blocked, id=21396, stack(0x0000001a1fd00000,0x0000001a1fe00000)]
  0x00000151ef78a310 JavaThread "http-nio-8080-exec-6" daemon [_thread_blocked, id=11300, stack(0x0000001a1fe00000,0x0000001a1ff00000)]
  0x00000151ef785720 JavaThread "http-nio-8080-exec-7" daemon [_thread_blocked, id=28848, stack(0x0000001a1ff00000,0x0000001a20000000)]
  0x00000151ef786b60 JavaThread "http-nio-8080-exec-8" daemon [_thread_blocked, id=21444, stack(0x0000001a20000000,0x0000001a20100000)]
  0x00000151ef78b750 JavaThread "http-nio-8080-exec-9" daemon [_thread_blocked, id=21560, stack(0x0000001a20100000,0x0000001a20200000)]
  0x00000151ef787070 JavaThread "http-nio-8080-exec-10" daemon [_thread_blocked, id=19336, stack(0x0000001a20200000,0x0000001a20300000)]
  0x00000151ef7893e0 JavaThread "http-nio-8080-Poller" daemon [_thread_in_native, id=5696, stack(0x0000001a20300000,0x0000001a20400000)]
  0x00000151ef787580 JavaThread "http-nio-8080-Acceptor" daemon [_thread_in_native, id=17100, stack(0x0000001a20400000,0x0000001a20500000)]
  0x00000151ef785c30 JavaThread "DestroyJavaVM" [_thread_blocked, id=4424, stack(0x0000001a1d400000,0x0000001a1d500000)]

Other Threads:
  0x00000151e94eaf00 VMThread "VM Thread" [stack: 0x0000001a1da00000,0x0000001a1db00000] [id=21072]
  0x00000151e999dc70 WatcherThread [stack: 0x0000001a1e800000,0x0000001a1e900000] [id=17220]
  0x00000151c69a77e0 GCTaskThread "GC Thread#0" [stack: 0x0000001a1d500000,0x0000001a1d600000] [id=19812]
  0x00000151ee6efc80 GCTaskThread "GC Thread#1" [stack: 0x0000001a1e900000,0x0000001a1ea00000] [id=28180]
  0x00000151ee739a10 GCTaskThread "GC Thread#2" [stack: 0x0000001a1ea00000,0x0000001a1eb00000] [id=27388]
  0x00000151ee739cd0 GCTaskThread "GC Thread#3" [stack: 0x0000001a1eb00000,0x0000001a1ec00000] [id=9852]
  0x00000151ee8098c0 GCTaskThread "GC Thread#4" [stack: 0x0000001a1ec00000,0x0000001a1ed00000] [id=9192]
  0x00000151ee733e30 GCTaskThread "GC Thread#5" [stack: 0x0000001a1ed00000,0x0000001a1ee00000] [id=25856]
  0x00000151eebafc50 GCTaskThread "GC Thread#6" [stack: 0x0000001a1ef00000,0x0000001a1f000000] [id=23220]
  0x00000151eec1f590 GCTaskThread "GC Thread#7" [stack: 0x0000001a1f000000,0x0000001a1f100000] [id=25816]
  0x00000151c69b92d0 ConcurrentGCThread "G1 Main Marker" [stack: 0x0000001a1d600000,0x0000001a1d700000] [id=21512]
  0x00000151c69bb0f0 ConcurrentGCThread "G1 Conc#0" [stack: 0x0000001a1d700000,0x0000001a1d800000] [id=21052]
  0x00000151efe6dcc0 ConcurrentGCThread "G1 Conc#1" [stack: 0x0000001a1ee00000,0x0000001a1ef00000] [id=29436]
  0x00000151c69febd0 ConcurrentGCThread "G1 Refine#0" [stack: 0x0000001a1d800000,0x0000001a1d900000] [id=24328]
  0x00000151e93a4b50 ConcurrentGCThread "G1 Service" [stack: 0x0000001a1d900000,0x0000001a1da00000] [id=12512]

Threads with active compile tasks:
C2 CompilerThread0   183532 6168       4       org.springframework.core.ResolvableType::hasGenerics (14 bytes)

VM state: not at safepoint (normal execution)

VM Mutex/Monitor currently owned by a thread: None

Heap address: 0x0000000704600000, size: 4026 MB, Compressed Oops mode: Zero based, Oop shift amount: 3

CDS archive(s) mapped at: [0x0000015180000000-0x0000015180bd0000-0x0000015180bd0000), size 12386304, SharedBaseAddress: 0x0000015180000000, ArchiveRelocationMode: 1.
Compressed class space mapped at: 0x0000015181000000-0x00000151c1000000, reserved size: 1073741824
Narrow klass base: 0x0000015180000000, Narrow klass shift: 0, Narrow klass range: 0x100000000

GC Precious Log:
 CPUs: 8 total, 8 available
 Memory: 16103M
 Large Page Support: Disabled
 NUMA Support: Disabled
 Compressed Oops: Enabled (Zero based)
 Heap Region Size: 2M
 Heap Min Capacity: 8M
 Heap Initial Capacity: 252M
 Heap Max Capacity: 4026M
 Pre-touch: Disabled
 Parallel Workers: 8
 Concurrent Workers: 2
 Concurrent Refinement Workers: 8
 Periodic GC: Disabled

Heap:
 garbage-first heap   total 75776K, used 35173K [0x0000000704600000, 0x0000000800000000)
  region size 2048K, 7 young (14336K), 3 survivors (6144K)
 Metaspace       used 67025K, committed 67520K, reserved 1114112K
  class space    used 9098K, committed 9344K, reserved 1048576K

Heap Regions: E=young(eden), S=young(survivor), O=old, HS=humongous(starts), HC=humongous(continues), CS=collection set, F=free, OA=open archive, CA=closed archive, TAMS=top-at-mark-start (previous, next)
|   0|0x0000000704600000, 0x0000000704800000, 0x0000000704800000|100%| O|  |TAMS 0x0000000704800000, 0x0000000704600000| Untracked 
|   1|0x0000000704800000, 0x0000000704a00000, 0x0000000704a00000|100%| O|  |TAMS 0x0000000704a00000, 0x0000000704800000| Untracked 
|   2|0x0000000704a00000, 0x0000000704c00000, 0x0000000704c00000|100%| O|  |TAMS 0x0000000704c00000, 0x0000000704a00000| Untracked 
|   3|0x0000000704c00000, 0x0000000704e00000, 0x0000000704e00000|100%| O|  |TAMS 0x0000000704e00000, 0x0000000704c00000| Untracked 
|   4|0x0000000704e00000, 0x0000000705000000, 0x0000000705000000|100%| O|  |TAMS 0x0000000705000000, 0x0000000704e00000| Untracked 
|   5|0x0000000705000000, 0x0000000705200000, 0x0000000705200000|100%| O|  |TAMS 0x0000000705200000, 0x0000000705000000| Untracked 
|   6|0x0000000705200000, 0x0000000705400000, 0x0000000705400000|100%| O|  |TAMS 0x0000000705400000, 0x0000000705200000| Untracked 
|   7|0x0000000705400000, 0x0000000705600000, 0x0000000705600000|100%| O|  |TAMS 0x0000000705600000, 0x0000000705400000| Untracked 
|   8|0x0000000705600000, 0x0000000705769e00, 0x0000000705800000| 70%| O|  |TAMS 0x0000000705600000, 0x0000000705600000| Untracked 
|   9|0x0000000705800000, 0x0000000705a00000, 0x0000000705a00000|100%| O|  |TAMS 0x0000000705a00000, 0x0000000705800000| Untracked 
|  10|0x0000000705a00000, 0x0000000705c00000, 0x0000000705c00000|100%| O|  |TAMS 0x0000000705c00000, 0x0000000705a00000| Untracked 
|  11|0x0000000705c00000, 0x0000000705e00000, 0x0000000705e00000|100%| O|  |TAMS 0x0000000705cf3e00, 0x0000000705c00000| Untracked 
|  12|0x0000000705e00000, 0x0000000705e00000, 0x0000000706000000|  0%| F|  |TAMS 0x0000000705e00000, 0x0000000705e00000| Untracked 
|  13|0x0000000706000000, 0x0000000706000000, 0x0000000706200000|  0%| F|  |TAMS 0x0000000706000000, 0x0000000706000000| Untracked 
|  14|0x0000000706200000, 0x0000000706200000, 0x0000000706400000|  0%| F|  |TAMS 0x0000000706200000, 0x0000000706200000| Untracked 
|  15|0x0000000706400000, 0x0000000706400000, 0x0000000706600000|  0%| F|  |TAMS 0x0000000706400000, 0x0000000706400000| Untracked 
|  16|0x0000000706600000, 0x0000000706600000, 0x0000000706800000|  0%| F|  |TAMS 0x0000000706600000, 0x0000000706600000| Untracked 
|  17|0x0000000706800000, 0x0000000706800000, 0x0000000706a00000|  0%| F|  |TAMS 0x0000000706800000, 0x0000000706800000| Untracked 
|  18|0x0000000706a00000, 0x0000000706a00000, 0x0000000706c00000|  0%| F|  |TAMS 0x0000000706a00000, 0x0000000706a00000| Untracked 
|  19|0x0000000706c00000, 0x0000000706cef970, 0x0000000706e00000| 46%| S|CS|TAMS 0x0000000706c00000, 0x0000000706c00000| Complete 
|  20|0x0000000706e00000, 0x0000000707000000, 0x0000000707000000|100%| S|CS|TAMS 0x0000000706e00000, 0x0000000706e00000| Complete 
|  21|0x0000000707000000, 0x0000000707200000, 0x0000000707200000|100%| S|CS|TAMS 0x0000000707000000, 0x0000000707000000| Complete 
|  22|0x0000000707200000, 0x0000000707200000, 0x0000000707400000|  0%| F|  |TAMS 0x0000000707200000, 0x0000000707200000| Untracked 
|  23|0x0000000707400000, 0x0000000707400000, 0x0000000707600000|  0%| F|  |TAMS 0x0000000707400000, 0x0000000707400000| Untracked 
|  24|0x0000000707600000, 0x0000000707600000, 0x0000000707800000|  0%| F|  |TAMS 0x0000000707600000, 0x0000000707600000| Untracked 
|  25|0x0000000707800000, 0x0000000707800000, 0x0000000707a00000|  0%| F|  |TAMS 0x0000000707800000, 0x0000000707800000| Untracked 
|  26|0x0000000707a00000, 0x0000000707a00000, 0x0000000707c00000|  0%| F|  |TAMS 0x0000000707a00000, 0x0000000707a00000| Untracked 
|  27|0x0000000707c00000, 0x0000000707c00000, 0x0000000707e00000|  0%| F|  |TAMS 0x0000000707c00000, 0x0000000707c00000| Untracked 
|  28|0x0000000707e00000, 0x0000000707e00000, 0x0000000708000000|  0%| F|  |TAMS 0x0000000707e00000, 0x0000000707e00000| Untracked 
|  29|0x0000000708000000, 0x0000000708000000, 0x0000000708200000|  0%| F|  |TAMS 0x0000000708000000, 0x0000000708000000| Untracked 
|  30|0x0000000708200000, 0x0000000708200000, 0x0000000708400000|  0%| F|  |TAMS 0x0000000708200000, 0x0000000708200000| Untracked 
|  31|0x0000000708400000, 0x0000000708400000, 0x0000000708600000|  0%| F|  |TAMS 0x0000000708400000, 0x0000000708400000| Untracked 
|  32|0x0000000708600000, 0x0000000708600000, 0x0000000708800000|  0%| F|  |TAMS 0x0000000708600000, 0x0000000708600000| Untracked 
|  33|0x0000000708800000, 0x00000007088c6fc0, 0x0000000708a00000| 38%| E|  |TAMS 0x0000000708800000, 0x0000000708800000| Complete 
|  34|0x0000000708a00000, 0x0000000708c00000, 0x0000000708c00000|100%| E|CS|TAMS 0x0000000708a00000, 0x0000000708a00000| Complete 
|  35|0x0000000708c00000, 0x0000000708e00000, 0x0000000708e00000|100%| E|CS|TAMS 0x0000000708c00000, 0x0000000708c00000| Complete 
| 125|0x0000000714000000, 0x0000000714200000, 0x0000000714200000|100%| E|CS|TAMS 0x0000000714000000, 0x0000000714000000| Complete 

Card table byte_map: [0x00000151ddcf0000,0x00000151de4d0000] _byte_map_base: 0x00000151da4cd000

Marking Bits (Prev, Next): (CMBitMap*) 0x00000151c69a7e40, (CMBitMap*) 0x00000151c69a7e00
 Prev Bits: [0x00000151e2ba0000, 0x00000151e6a88000)
 Next Bits: [0x00000151decb0000, 0x00000151e2b98000)

Polling page: 0x00000151c4710000

Metaspace:

Usage:
  Non-class:     56.57 MB used.
      Class:      8.89 MB used.
       Both:     65.45 MB used.

Virtual space:
  Non-class space:       64.00 MB reserved,      56.81 MB ( 89%) committed,  1 nodes.
      Class space:        1.00 GB reserved,       9.12 MB ( <1%) committed,  1 nodes.
             Both:        1.06 GB reserved,      65.94 MB (  6%) committed. 

Chunk freelists:
   Non-Class:  6.77 MB
       Class:  6.88 MB
        Both:  13.64 MB

MaxMetaspaceSize: unlimited
CompressedClassSpaceSize: 1.00 GB
Initial GC threshold: 21.00 MB
Current GC threshold: 98.56 MB
CDS: on
MetaspaceReclaimPolicy: balanced
 - commit_granule_bytes: 65536.
 - commit_granule_words: 8192.
 - virtual_space_node_default_size: 8388608.
 - enlarge_chunks_in_place: 1.
 - new_chunks_are_fully_committed: 0.
 - uncommit_free_chunks: 1.
 - use_allocation_guard: 0.
 - handle_deallocations: 1.


Internal statistics:

num_allocs_failed_limit: 9.
num_arena_births: 762.
num_arena_deaths: 0.
num_vsnodes_births: 2.
num_vsnodes_deaths: 0.
num_space_committed: 1055.
num_space_uncommitted: 0.
num_chunks_returned_to_freelist: 9.
num_chunks_taken_from_freelist: 3118.
num_chunk_merges: 9.
num_chunk_splits: 2263.
num_chunks_enlarged: 1773.
num_inconsistent_stats: 0.

CodeHeap 'non-profiled nmethods': size=120000Kb used=3934Kb max_used=3934Kb free=116065Kb
 bounds [0x00000151d5cb0000, 0x00000151d6090000, 0x00000151dd1e0000]
CodeHeap 'profiled nmethods': size=120000Kb used=10454Kb max_used=11261Kb free=109545Kb
 bounds [0x00000151ce1e0000, 0x00000151cece0000, 0x00000151d5710000]
CodeHeap 'non-nmethods': size=5760Kb used=1363Kb max_used=1425Kb free=4396Kb
 bounds [0x00000151d5710000, 0x00000151d5980000, 0x00000151d5cb0000]
 total_blobs=6025 nmethods=5326 adapters=610
 compilation: enabled
              stopped_count=0, restarted_count=0
 full_count=0

Compilation events (20 events):
Event: 183.225 Thread 0x00000151e950e730 nmethod 6167% 0x00000151d6083f10 code [0x00000151d6084140, 0x00000151d6085510]
Event: 183.225 Thread 0x00000151e950e730 6170   !   4       java.util.concurrent.ConcurrentHashMap::putVal (432 bytes)
Event: 183.229 Thread 0x00000151e9648480 6172       3       org.apache.catalina.connector.RequestFacade::checkFacade (25 bytes)
Event: 183.230 Thread 0x00000151e9648480 nmethod 6172 0x00000151ce9d8690 code [0x00000151ce9d8840, 0x00000151ce9d8a98]
Event: 183.231 Thread 0x00000151e9648480 6173       3       org.springframework.core.annotation.AnnotationAwareOrderComparator::sort (20 bytes)
Event: 183.232 Thread 0x00000151e9648480 nmethod 6173 0x00000151ce9d8110 code [0x00000151ce9d82c0, 0x00000151ce9d8578]
Event: 183.232 Thread 0x00000151e9648480 6174       1       org.apache.tomcat.util.http.MimeHeaderField::getName (5 bytes)
Event: 183.233 Thread 0x00000151e9648480 nmethod 6174 0x00000151d5e0bc90 code [0x00000151d5e0be20, 0x00000151d5e0bef8]
Event: 183.242 Thread 0x00000151e9648480 6175       1       jakarta.servlet.ServletRequestWrapper::getRequest (5 bytes)
Event: 183.242 Thread 0x00000151e9648480 nmethod 6175 0x00000151d5e0b990 code [0x00000151d5e0bb20, 0x00000151d5e0bbf8]
Event: 183.243 Thread 0x00000151e9648480 6176       3       java.util.concurrent.atomic.AtomicReferenceArray::lazySet (13 bytes)
Event: 183.245 Thread 0x00000151e9648480 nmethod 6176 0x00000151ceac7d10 code [0x00000151ceac8020, 0x00000151ceac91d8]
Event: 183.245 Thread 0x00000151e9648480 6177       3       java.lang.invoke.VarHandleGuards::guard_LIL_V (137 bytes)
Event: 183.247 Thread 0x00000151e9648480 nmethod 6177 0x00000151ce307310 code [0x00000151ce307760, 0x00000151ce30a398]
Event: 183.247 Thread 0x00000151e9648480 6178       3       java.lang.String::contains (19 bytes)
Event: 183.248 Thread 0x00000151e9648480 nmethod 6178 0x00000151ce306d90 code [0x00000151ce306f40, 0x00000151ce3071b8]
Event: 183.248 Thread 0x00000151e9648480 6179       3       java.lang.String::indexOf (64 bytes)
Event: 183.248 Thread 0x00000151e9648480 nmethod 6179 0x00000151ce9d7690 code [0x00000151ce9d78a0, 0x00000151ce9d7d88]
Event: 183.277 Thread 0x00000151e950e730 nmethod 6170 0x00000151d6086190 code [0x00000151d60863e0, 0x00000151d6087e70]
Event: 183.277 Thread 0x00000151e950e730 6168       4       org.springframework.core.ResolvableType::hasGenerics (14 bytes)

GC Heap History (20 events):
Event: 2.972 GC heap before
{Heap before GC invocations=4 (full 0):
 garbage-first heap   total 61440K, used 42314K [0x0000000704600000, 0x0000000800000000)
  region size 2048K, 18 young (36864K), 4 survivors (8192K)
 Metaspace       used 25527K, committed 25856K, reserved 1114112K
  class space    used 3296K, committed 3456K, reserved 1048576K
}
Event: 2.981 GC heap after
{Heap after GC invocations=5 (full 0):
 garbage-first heap   total 61440K, used 16228K [0x0000000704600000, 0x0000000800000000)
  region size 2048K, 2 young (4096K), 2 survivors (4096K)
 Metaspace       used 25527K, committed 25856K, reserved 1114112K
  class space    used 3296K, committed 3456K, reserved 1048576K
}
Event: 3.097 GC heap before
{Heap before GC invocations=5 (full 0):
 garbage-first heap   total 61440K, used 18276K [0x0000000704600000, 0x0000000800000000)
  region size 2048K, 3 young (6144K), 2 survivors (4096K)
 Metaspace       used 26192K, committed 26560K, reserved 1114112K
  class space    used 3378K, committed 3584K, reserved 1048576K
}
Event: 3.103 GC heap after
{Heap after GC invocations=6 (full 0):
 garbage-first heap   total 61440K, used 16608K [0x0000000704600000, 0x0000000800000000)
  region size 2048K, 1 young (2048K), 1 survivors (2048K)
 Metaspace       used 26192K, committed 26560K, reserved 1114112K
  class space    used 3378K, committed 3584K, reserved 1048576K
}
Event: 3.591 GC heap before
{Heap before GC invocations=6 (full 0):
 garbage-first heap   total 61440K, used 39136K [0x0000000704600000, 0x0000000800000000)
  region size 2048K, 12 young (24576K), 1 survivors (2048K)
 Metaspace       used 30361K, committed 30784K, reserved 1114112K
  class space    used 3889K, committed 4096K, reserved 1048576K
}
Event: 3.597 GC heap after
{Heap after GC invocations=7 (full 0):
 garbage-first heap   total 61440K, used 17764K [0x0000000704600000, 0x0000000800000000)
  region size 2048K, 1 young (2048K), 1 survivors (2048K)
 Metaspace       used 30361K, committed 30784K, reserved 1114112K
  class space    used 3889K, committed 4096K, reserved 1048576K
}
Event: 4.044 GC heap before
{Heap before GC invocations=7 (full 0):
 garbage-first heap   total 61440K, used 36196K [0x0000000704600000, 0x0000000800000000)
  region size 2048K, 12 young (24576K), 1 survivors (2048K)
 Metaspace       used 35580K, committed 35968K, reserved 1114112K
  class space    used 4668K, committed 4864K, reserved 1048576K
}
Event: 4.050 GC heap after
{Heap after GC invocations=8 (full 0):
 garbage-first heap   total 159744K, used 19053K [0x0000000704600000, 0x0000000800000000)
  region size 2048K, 2 young (4096K), 2 survivors (4096K)
 Metaspace       used 35580K, committed 35968K, reserved 1114112K
  class space    used 4668K, committed 4864K, reserved 1048576K
}
Event: 5.019 GC heap before
{Heap before GC invocations=9 (full 0):
 garbage-first heap   total 75776K, used 60013K [0x0000000704600000, 0x0000000800000000)
  region size 2048K, 22 young (45056K), 2 survivors (4096K)
 Metaspace       used 47974K, committed 48384K, reserved 1114112K
  class space    used 6245K, committed 6400K, reserved 1048576K
}
Event: 5.029 GC heap after
{Heap after GC invocations=10 (full 0):
 garbage-first heap   total 75776K, used 22169K [0x0000000704600000, 0x0000000800000000)
  region size 2048K, 3 young (6144K), 3 survivors (6144K)
 Metaspace       used 47974K, committed 48384K, reserved 1114112K
  class space    used 6245K, committed 6400K, reserved 1048576K
}
Event: 5.081 GC heap before
{Heap before GC invocations=10 (full 0):
 garbage-first heap   total 75776K, used 22169K [0x0000000704600000, 0x0000000800000000)
  region size 2048K, 4 young (8192K), 3 survivors (6144K)
 Metaspace       used 49269K, committed 49664K, reserved 1114112K
  class space    used 6504K, committed 6656K, reserved 1048576K
}
Event: 5.091 GC heap after
{Heap after GC invocations=11 (full 0):
 garbage-first heap   total 75776K, used 22499K [0x0000000704600000, 0x0000000800000000)
  region size 2048K, 1 young (2048K), 1 survivors (2048K)
 Metaspace       used 49269K, committed 49664K, reserved 1114112K
  class space    used 6504K, committed 6656K, reserved 1048576K
}
Event: 6.058 GC heap before
{Heap before GC invocations=11 (full 0):
 garbage-first heap   total 75776K, used 53219K [0x0000000704600000, 0x0000000800000000)
  region size 2048K, 17 young (34816K), 1 survivors (2048K)
 Metaspace       used 57364K, committed 57792K, reserved 1114112K
  class space    used 7751K, committed 7936K, reserved 1048576K
}
Event: 6.061 GC heap after
{Heap after GC invocations=12 (full 0):
 garbage-first heap   total 75776K, used 23185K [0x0000000704600000, 0x0000000800000000)
  region size 2048K, 1 young (2048K), 1 survivors (2048K)
 Metaspace       used 57364K, committed 57792K, reserved 1114112K
  class space    used 7751K, committed 7936K, reserved 1048576K
}
Event: 6.298 GC heap before
{Heap before GC invocations=12 (full 0):
 garbage-first heap   total 75776K, used 35473K [0x0000000704600000, 0x0000000800000000)
  region size 2048K, 8 young (16384K), 1 survivors (2048K)
 Metaspace       used 59803K, committed 60288K, reserved 1114112K
  class space    used 8044K, committed 8320K, reserved 1048576K
}
Event: 6.302 GC heap after
{Heap after GC invocations=13 (full 0):
 garbage-first heap   total 75776K, used 24239K [0x0000000704600000, 0x0000000800000000)
  region size 2048K, 2 young (4096K), 2 survivors (4096K)
 Metaspace       used 59803K, committed 60288K, reserved 1114112K
  class space    used 8044K, committed 8320K, reserved 1048576K
}
Event: 6.931 GC heap before
{Heap before GC invocations=14 (full 0):
 garbage-first heap   total 75776K, used 57007K [0x0000000704600000, 0x0000000800000000)
  region size 2048K, 18 young (36864K), 2 survivors (4096K)
 Metaspace       used 63138K, committed 63680K, reserved 1114112K
  class space    used 8579K, committed 8832K, reserved 1048576K
}
Event: 6.935 GC heap after
{Heap after GC invocations=15 (full 0):
 garbage-first heap   total 75776K, used 26583K [0x0000000704600000, 0x0000000800000000)
  region size 2048K, 3 young (6144K), 3 survivors (6144K)
 Metaspace       used 63138K, committed 63680K, reserved 1114112K
  class space    used 8579K, committed 8832K, reserved 1048576K
}
Event: 7.395 GC heap before
{Heap before GC invocations=15 (full 0):
 garbage-first heap   total 75776K, used 57303K [0x0000000704600000, 0x0000000800000000)
  region size 2048K, 18 young (36864K), 3 survivors (6144K)
 Metaspace       used 65285K, committed 65792K, reserved 1114112K
  class space    used 8891K, committed 9152K, reserved 1048576K
}
Event: 7.400 GC heap after
{Heap after GC invocations=16 (full 0):
 garbage-first heap   total 75776K, used 29029K [0x0000000704600000, 0x0000000800000000)
  region size 2048K, 3 young (6144K), 3 survivors (6144K)
 Metaspace       used 65285K, committed 65792K, reserved 1114112K
  class space    used 8891K, committed 9152K, reserved 1048576K
}

Deoptimization events (20 events):
Event: 7.418 Thread 0x00000151c693c460 Uncommon trap: trap_request=0xffffff45 fr.pc=0x00000151d5f45e9c relative=0x00000000000000fc
Event: 7.418 Thread 0x00000151c693c460 Uncommon trap: reason=unstable_if action=reinterpret pc=0x00000151d5f45e9c method=java.util.ArrayList.indexOfRange(Ljava/lang/Object;II)I @ 7 c2
Event: 7.418 Thread 0x00000151c693c460 DEOPT PACKING pc=0x00000151d5f45e9c sp=0x0000001a1d4feaa0
Event: 7.418 Thread 0x00000151c693c460 DEOPT UNPACKING pc=0x00000151d57623a3 sp=0x0000001a1d4fea20 mode 2
Event: 8.380 Thread 0x00000151e9743dd0 Uncommon trap: trap_request=0xffffff45 fr.pc=0x00000151d5f00518 relative=0x0000000000002138
Event: 8.380 Thread 0x00000151e9743dd0 Uncommon trap: reason=unstable_if action=reinterpret pc=0x00000151d5f00518 method=java.net.URL.<init>(Ljava/net/URL;Ljava/lang/String;Ljava/net/URLStreamHandler;)V @ 57 c2
Event: 8.380 Thread 0x00000151e9743dd0 DEOPT PACKING pc=0x00000151d5f00518 sp=0x0000001a1f2ff0e0
Event: 8.380 Thread 0x00000151e9743dd0 DEOPT UNPACKING pc=0x00000151d57623a3 sp=0x0000001a1f2ff0a0 mode 2
Event: 11.417 Thread 0x00000151ef787fa0 Uncommon trap: trap_request=0xffffff45 fr.pc=0x00000151d5fb00c0 relative=0x00000000000001c0
Event: 11.417 Thread 0x00000151ef787fa0 Uncommon trap: reason=unstable_if action=reinterpret pc=0x00000151d5fb00c0 method=java.util.concurrent.locks.ReentrantLock$Sync.lock()V @ 4 c2
Event: 11.417 Thread 0x00000151ef787fa0 DEOPT PACKING pc=0x00000151d5fb00c0 sp=0x0000001a1f7fee70
Event: 11.417 Thread 0x00000151ef787fa0 DEOPT UNPACKING pc=0x00000151d57623a3 sp=0x0000001a1f7fedc0 mode 2
Event: 183.204 Thread 0x00000151ef786650 Uncommon trap: trap_request=0xffffff45 fr.pc=0x00000151d5f45a9c relative=0x00000000000001fc
Event: 183.204 Thread 0x00000151ef786650 Uncommon trap: reason=unstable_if action=reinterpret pc=0x00000151d5f45a9c method=java.lang.String.indexOf(Ljava/lang/String;)I @ 10 c2
Event: 183.204 Thread 0x00000151ef786650 DEOPT PACKING pc=0x00000151d5f45a9c sp=0x0000001a1f9fd990
Event: 183.204 Thread 0x00000151ef786650 DEOPT UNPACKING pc=0x00000151d57623a3 sp=0x0000001a1f9fd8c8 mode 2
Event: 183.204 Thread 0x00000151ef786650 Uncommon trap: trap_request=0xffffff45 fr.pc=0x00000151d5d430dc relative=0x00000000000001dc
Event: 183.204 Thread 0x00000151ef786650 Uncommon trap: reason=unstable_if action=reinterpret pc=0x00000151d5d430dc method=java.lang.String.indexOf(Ljava/lang/String;)I @ 10 c2
Event: 183.204 Thread 0x00000151ef786650 DEOPT PACKING pc=0x00000151d5d430dc sp=0x0000001a1f9fd920
Event: 183.204 Thread 0x00000151ef786650 DEOPT UNPACKING pc=0x00000151d57623a3 sp=0x0000001a1f9fd8c0 mode 2

Classes unloaded (0 events):
No events

Classes redefined (0 events):
No events

Internal exceptions (20 events):
Event: 6.359 Thread 0x00000151c693c460 Exception <a 'java/lang/IncompatibleClassChangeError'{0x0000000708c396e8}: Found class java.lang.Object, but interface was expected> (0x0000000708c396e8) 
thrown [s\open\src\hotspot\share\interpreter\linkResolver.cpp, line 826]
Event: 6.399 Thread 0x00000151c693c460 Exception <a 'java/lang/NoSuchMethodError'{0x0000000708ddf3b0}: 'java.lang.Object java.lang.invoke.DirectMethodHandle$Holder.invokeStatic(java.lang.Object, int, java.lang.Object)'> (0x0000000708ddf3b0) 
thrown [s\open\src\hotspot\share\interpreter\linkResolver.cpp, line 759]
Event: 6.406 Thread 0x00000151c693c460 Exception <a 'java/lang/reflect/InvocationTargetException'{0x0000000708a1c1b8}> (0x0000000708a1c1b8) 
thrown [s\open\src\hotspot\share\runtime\reflection.cpp, line 1121]
Event: 6.465 Thread 0x00000151c693c460 Exception <a 'java/lang/NoSuchMethodError'{0x00000007089ef7a0}: 'long java.lang.invoke.DirectMethodHandle$Holder.invokeVirtual(java.lang.Object, java.lang.Object)'> (0x00000007089ef7a0) 
thrown [s\open\src\hotspot\share\interpreter\linkResolver.cpp, line 759]
Event: 6.512 Thread 0x00000151c693c460 Exception <a 'java/lang/reflect/InvocationTargetException'{0x00000007084e92a0}> (0x00000007084e92a0) 
thrown [s\open\src\hotspot\share\runtime\reflection.cpp, line 1121]
Event: 6.532 Thread 0x00000151c693c460 Exception <a 'java/lang/reflect/InvocationTargetException'{0x00000007082ce850}> (0x00000007082ce850) 
thrown [s\open\src\hotspot\share\runtime\reflection.cpp, line 1121]
Event: 6.540 Thread 0x00000151c693c460 Exception <a 'java/lang/reflect/InvocationTargetException'{0x00000007082eda50}> (0x00000007082eda50) 
thrown [s\open\src\hotspot\share\runtime\reflection.cpp, line 1121]
Event: 6.542 Thread 0x00000151c693c460 Exception <a 'java/lang/reflect/InvocationTargetException'{0x00000007082fcb20}> (0x00000007082fcb20) 
thrown [s\open\src\hotspot\share\runtime\reflection.cpp, line 1121]
Event: 6.635 Thread 0x00000151c693c460 Exception <a 'java/lang/reflect/InvocationTargetException'{0x0000000707bc8228}> (0x0000000707bc8228) 
thrown [s\open\src\hotspot\share\runtime\reflection.cpp, line 1121]
Event: 6.976 Thread 0x00000151c693c460 Exception <a 'sun/nio/fs/WindowsException'{0x0000000708c87680}> (0x0000000708c87680) 
thrown [s\open\src\hotspot\share\prims\jni.cpp, line 516]
Event: 7.037 Thread 0x00000151c693c460 Exception <a 'java/lang/IncompatibleClassChangeError'{0x00000007089398b8}: Found class java.lang.Object, but interface was expected> (0x00000007089398b8) 
thrown [s\open\src\hotspot\share\interpreter\linkResolver.cpp, line 826]
Event: 7.205 Thread 0x00000151c693c460 Exception <a 'java/lang/NoSuchMethodError'{0x0000000707e94210}: 'void java.lang.invoke.DirectMethodHandle$Holder.invokeVirtual(java.lang.Object, java.lang.Object, long)'> (0x0000000707e94210) 
thrown [s\open\src\hotspot\share\interpreter\linkResolver.cpp, line 759]
Event: 7.298 Thread 0x00000151c693c460 Exception <a 'java/lang/IncompatibleClassChangeError'{0x0000000707869690}: Found class java.lang.Object, but interface was expected> (0x0000000707869690) 
thrown [s\open\src\hotspot\share\interpreter\linkResolver.cpp, line 826]
Event: 7.310 Thread 0x00000151c693c460 Implicit null exception at 0x00000151d5dddcc0 to 0x00000151d5dddedc
Event: 7.383 Thread 0x00000151c693c460 Exception <a 'java/lang/NoSuchMethodError'{0x00000007072a8cf0}: 'java.lang.Object java.lang.invoke.DirectMethodHandle$Holder.newInvokeSpecial(java.lang.Object, java.lang.Object, int, java.lang.Object, java.lang.Object)'> (0x00000007072a8cf0) 
thrown [s\open\src\hotspot\share\interpreter\linkResolver.cpp, line 759]
Event: 7.383 Thread 0x00000151c693c460 Exception <a 'java/lang/NoSuchMethodError'{0x00000007072b3f88}: 'java.lang.Object java.lang.invoke.DirectMethodHandle$Holder.invokeSpecial(java.lang.Object, java.lang.Object, int, java.lang.Object, int, java.lang.Object)'> (0x00000007072b3f88) 
thrown [s\open\src\hotspot\share\interpreter\linkResolver.cpp, line 759]
Event: 7.384 Thread 0x00000151c693c460 Exception <a 'java/lang/NoSuchMethodError'{0x00000007072bbd00}: 'java.lang.Object java.lang.invoke.DirectMethodHandle$Holder.newInvokeSpecial(java.lang.Object, java.lang.Object, int, java.lang.Object, int)'> (0x00000007072bbd00) 
thrown [s\open\src\hotspot\share\interpreter\linkResolver.cpp, line 759]
Event: 7.384 Thread 0x00000151c693c460 Exception <a 'java/lang/NoSuchMethodError'{0x00000007072bfe00}: 'java.lang.Object java.lang.invoke.DirectMethodHandle$Holder.invokeSpecial(java.lang.Object, java.lang.Object, java.lang.Object, int, java.lang.Object, int)'> (0x00000007072bfe00) 
thrown [s\open\src\hotspot\share\interpreter\linkResolver.cpp, line 759]
Event: 183.129 Thread 0x00000151ef786650 Exception <a 'java/lang/NoSuchMethodError'{0x0000000708dc5228}: 'java.lang.Object java.lang.invoke.DirectMethodHandle$Holder.invokeSpecial(java.lang.Object, java.lang.Object, java.lang.Object, java.lang.Object, java.lang.Object, long)'> (0x0000000708dc5228) 
thrown [s\open\src\hotspot\share\interpreter\linkResolver.cpp, line 759]
Event: 183.129 Thread 0x00000151ef786650 Exception <a 'java/lang/NoSuchMethodError'{0x0000000708dc8c68}: 'java.lang.Object java.lang.invoke.Invokers$Holder.linkToTargetMethod(java.lang.Object, java.lang.Object, java.lang.Object, long, java.lang.Object)'> (0x0000000708dc8c68) 
thrown [s\open\src\hotspot\share\interpreter\linkResolver.cpp, line 759]

VM Operations (20 events):
Event: 8.411 Executing VM operation: Cleanup
Event: 8.411 Executing VM operation: Cleanup done
Event: 9.425 Executing VM operation: Cleanup
Event: 9.425 Executing VM operation: Cleanup done
Event: 26.593 Executing VM operation: Cleanup
Event: 26.593 Executing VM operation: Cleanup done
Event: 60.181 Executing VM operation: HandshakeAllThreads
Event: 60.181 Executing VM operation: HandshakeAllThreads done
Event: 156.806 Executing VM operation: Cleanup
Event: 156.806 Executing VM operation: Cleanup done
Event: 167.893 Executing VM operation: Cleanup
Event: 167.894 Executing VM operation: Cleanup done
Event: 176.967 Executing VM operation: Cleanup
Event: 176.967 Executing VM operation: Cleanup done
Event: 182.008 Executing VM operation: Cleanup
Event: 182.008 Executing VM operation: Cleanup done
Event: 183.148 Executing VM operation: HandshakeAllThreads
Event: 183.148 Executing VM operation: HandshakeAllThreads done
Event: 183.148 Executing VM operation: Cleanup
Event: 183.149 Executing VM operation: Cleanup done

Events (20 events):
Event: 183.091 loading class java/lang/invoke/ConstantBootstraps
Event: 183.091 loading class java/lang/invoke/ConstantBootstraps done
Event: 183.132 loading class sun/nio/cs/ThreadLocalCoders
Event: 183.132 loading class sun/nio/cs/ThreadLocalCoders done
Event: 183.132 loading class sun/nio/cs/ThreadLocalCoders$1
Event: 183.133 loading class sun/nio/cs/ThreadLocalCoders$Cache
Event: 183.133 loading class sun/nio/cs/ThreadLocalCoders$Cache done
Event: 183.133 loading class sun/nio/cs/ThreadLocalCoders$1 done
Event: 183.133 loading class sun/nio/cs/ThreadLocalCoders$2
Event: 183.133 loading class sun/nio/cs/ThreadLocalCoders$2 done
Event: 183.239 loading class java/util/stream/ReferencePipeline$4
Event: 183.239 loading class java/util/stream/ReferencePipeline$4 done
Event: 183.240 loading class java/util/function/IntBinaryOperator
Event: 183.240 loading class java/util/function/IntBinaryOperator done
Event: 183.240 loading class java/util/stream/ReduceOps$7
Event: 183.240 loading class java/util/stream/ReduceOps$7 done
Event: 183.240 loading class java/util/stream/ReduceOps$6ReducingSink
Event: 183.240 loading class java/util/stream/ReduceOps$6ReducingSink done
Event: 183.241 loading class java/util/stream/ReferencePipeline$4$1
Event: 183.241 loading class java/util/stream/ReferencePipeline$4$1 done


Dynamic libraries:
0x00007ff74b5b0000 - 0x00007ff74b5c0000 	C:\Program Files\Java\jdk-17\bin\java.exe
0x00007ff9017b0000 - 0x00007ff9019c6000 	C:\WINDOWS\SYSTEM32\ntdll.dll
0x00007ff9006f0000 - 0x00007ff9007b4000 	C:\WINDOWS\System32\KERNEL32.DLL
0x00007ff8fefc0000 - 0x00007ff8ff367000 	C:\WINDOWS\System32\KERNELBASE.dll
0x00007ff8febc0000 - 0x00007ff8fecd1000 	C:\WINDOWS\System32\ucrtbase.dll
0x00007ff8f9fb0000 - 0x00007ff8f9fcb000 	C:\Program Files\Java\jdk-17\bin\VCRUNTIME140.dll
0x00007ff8f4e20000 - 0x00007ff8f4e39000 	C:\Program Files\Java\jdk-17\bin\jli.dll
0x00007ff9001e0000 - 0x00007ff900292000 	C:\WINDOWS\System32\ADVAPI32.dll
0x00007ff9016c0000 - 0x00007ff901767000 	C:\WINDOWS\System32\msvcrt.dll
0x00007ff900130000 - 0x00007ff9001d8000 	C:\WINDOWS\System32\sechost.dll
0x00007ff8feb90000 - 0x00007ff8febb8000 	C:\WINDOWS\System32\bcrypt.dll
0x00007ff9002a0000 - 0x00007ff9003b5000 	C:\WINDOWS\System32\RPCRT4.dll
0x00007ff901510000 - 0x00007ff9016be000 	C:\WINDOWS\System32\USER32.dll
0x00007ff8efd50000 - 0x00007ff8effe3000 	C:\WINDOWS\WinSxS\amd64_microsoft.windows.common-controls_6595b64144ccf1df_6.0.22621.3235_none_270f74e173860f98\COMCTL32.dll
0x00007ff8fee70000 - 0x00007ff8fee96000 	C:\WINDOWS\System32\win32u.dll
0x00007ff9000b0000 - 0x00007ff9000d9000 	C:\WINDOWS\System32\GDI32.dll
0x00007ff8fed50000 - 0x00007ff8fee69000 	C:\WINDOWS\System32\gdi32full.dll
0x00007ff8fef20000 - 0x00007ff8fefba000 	C:\WINDOWS\System32\msvcp_win.dll
0x00007ff8f4410000 - 0x00007ff8f441a000 	C:\WINDOWS\SYSTEM32\VERSION.dll
0x00007ff8ffa90000 - 0x00007ff8ffac1000 	C:\WINDOWS\System32\IMM32.DLL
0x00007ff8f9f90000 - 0x00007ff8f9f9c000 	C:\Program Files\Java\jdk-17\bin\vcruntime140_1.dll
0x00007ff8ef130000 - 0x00007ff8ef1be000 	C:\Program Files\Java\jdk-17\bin\msvcp140.dll
0x00007ff8ae070000 - 0x00007ff8aec4f000 	C:\Program Files\Java\jdk-17\bin\server\jvm.dll
0x00007ff8ffa80000 - 0x00007ff8ffa88000 	C:\WINDOWS\System32\PSAPI.DLL
0x00007ff8e3db0000 - 0x00007ff8e3db9000 	C:\WINDOWS\SYSTEM32\WSOCK32.dll
0x00007ff900030000 - 0x00007ff9000a1000 	C:\WINDOWS\System32\WS2_32.dll
0x00007ff8f8730000 - 0x00007ff8f8764000 	C:\WINDOWS\SYSTEM32\WINMM.dll
0x00007ff8fdb10000 - 0x00007ff8fdb28000 	C:\WINDOWS\SYSTEM32\kernel.appcore.dll
0x00007ff8f92b0000 - 0x00007ff8f92ba000 	C:\Program Files\Java\jdk-17\bin\jimage.dll
0x00007ff8fc4c0000 - 0x00007ff8fc6f3000 	C:\WINDOWS\SYSTEM32\DBGHELP.DLL
0x00007ff8ff580000 - 0x00007ff8ff908000 	C:\WINDOWS\System32\combase.dll
0x00007ff8fff50000 - 0x00007ff900027000 	C:\WINDOWS\System32\OLEAUT32.dll
0x00007ff8f48e0000 - 0x00007ff8f4912000 	C:\WINDOWS\SYSTEM32\dbgcore.DLL
0x00007ff8feea0000 - 0x00007ff8fef19000 	C:\WINDOWS\System32\bcryptPrimitives.dll
0x00007ff8f8780000 - 0x00007ff8f878e000 	C:\Program Files\Java\jdk-17\bin\instrument.dll
0x00007ff8f39d0000 - 0x00007ff8f39f5000 	C:\Program Files\Java\jdk-17\bin\java.dll
0x00007ff8cd710000 - 0x00007ff8cd7e7000 	C:\Program Files\Java\jdk-17\bin\jsvml.dll
0x00007ff9007c0000 - 0x00007ff90101c000 	C:\WINDOWS\System32\SHELL32.dll
0x00007ff8fca30000 - 0x00007ff8fd329000 	C:\WINDOWS\SYSTEM32\windows.storage.dll
0x00007ff8fc8f0000 - 0x00007ff8fca2e000 	C:\WINDOWS\SYSTEM32\wintypes.dll
0x00007ff9003c0000 - 0x00007ff9004b3000 	C:\WINDOWS\System32\SHCORE.dll
0x00007ff8ffa20000 - 0x00007ff8ffa7e000 	C:\WINDOWS\System32\shlwapi.dll
0x00007ff8fea00000 - 0x00007ff8fea21000 	C:\WINDOWS\SYSTEM32\profapi.dll
0x00007ff8f3240000 - 0x00007ff8f3258000 	C:\Program Files\Java\jdk-17\bin\zip.dll
0x00007ff8f4950000 - 0x00007ff8f4969000 	C:\Program Files\Java\jdk-17\bin\net.dll
0x00007ff8f99e0000 - 0x00007ff8f9b16000 	C:\WINDOWS\SYSTEM32\WINHTTP.dll
0x00007ff8fdf80000 - 0x00007ff8fdfe9000 	C:\WINDOWS\system32\mswsock.dll
0x00007ff8f39b0000 - 0x00007ff8f39c6000 	C:\Program Files\Java\jdk-17\bin\nio.dll
0x00007ff8ef4c0000 - 0x00007ff8ef4da000 	C:\Program Files\JetBrains\IntelliJ IDEA Community Edition 2023.3.2\bin\breakgen64.dll
0x00007ff8f32a0000 - 0x00007ff8f32ae000 	C:\Program Files\Java\jdk-17\bin\sunmscapi.dll
0x00007ff8ff370000 - 0x00007ff8ff4d7000 	C:\WINDOWS\System32\CRYPT32.dll
0x00007ff8fe3a0000 - 0x00007ff8fe3ce000 	C:\WINDOWS\SYSTEM32\ncrypt.dll
0x00007ff8fe360000 - 0x00007ff8fe397000 	C:\WINDOWS\SYSTEM32\NTASN1.dll
0x00007ff8fe1e0000 - 0x00007ff8fe1fb000 	C:\WINDOWS\SYSTEM32\CRYPTSP.dll
0x00007ff8fda70000 - 0x00007ff8fdaa5000 	C:\WINDOWS\system32\rsaenh.dll
0x00007ff8fe080000 - 0x00007ff8fe0a8000 	C:\WINDOWS\SYSTEM32\USERENV.dll
0x00007ff8fe200000 - 0x00007ff8fe20c000 	C:\WINDOWS\SYSTEM32\CRYPTBASE.dll
0x00007ff8fd5d0000 - 0x00007ff8fd5fd000 	C:\WINDOWS\SYSTEM32\IPHLPAPI.DLL
0x00007ff8ff570000 - 0x00007ff8ff579000 	C:\WINDOWS\System32\NSI.dll
0x00007ff8f9760000 - 0x00007ff8f9779000 	C:\WINDOWS\SYSTEM32\dhcpcsvc6.DLL
0x00007ff8f9330000 - 0x00007ff8f934f000 	C:\WINDOWS\SYSTEM32\dhcpcsvc.DLL
0x00007ff8fd600000 - 0x00007ff8fd6f9000 	C:\WINDOWS\SYSTEM32\DNSAPI.dll
0x00007ff8f3e90000 - 0x00007ff8f3e9a000 	C:\Program Files\Java\jdk-17\bin\management.dll
0x00007ff8f3960000 - 0x00007ff8f396b000 	C:\Program Files\Java\jdk-17\bin\management_ext.dll
0x00007ff8f3230000 - 0x00007ff8f3240000 	C:\Program Files\Java\jdk-17\bin\verify.dll
0x00007ff8f82c0000 - 0x00007ff8f82ca000 	C:\Windows\System32\rasadhlp.dll
0x00007ff8f8520000 - 0x00007ff8f85a3000 	C:\WINDOWS\System32\fwpuclnt.dll
0x00007ff8dd350000 - 0x00007ff8dd358000 	C:\WINDOWS\system32\wshunix.dll

dbghelp: loaded successfully - version: 4.0.5 - missing functions: none
symbol engine: initialized successfully - sym options: 0x614 - pdb path: .;C:\Program Files\Java\jdk-17\bin;C:\WINDOWS\SYSTEM32;C:\WINDOWS\WinSxS\amd64_microsoft.windows.common-controls_6595b64144ccf1df_6.0.22621.3235_none_270f74e173860f98;C:\Program Files\Java\jdk-17\bin\server;C:\Program Files\JetBrains\IntelliJ IDEA Community Edition 2023.3.2\bin

VM Arguments:
jvm_args: -javaagent:C:\Program Files\JetBrains\IntelliJ IDEA Community Edition 2023.3.2\lib\idea_rt.jar=54314:C:\Program Files\JetBrains\IntelliJ IDEA Community Edition 2023.3.2\bin -Dfile.encoding=UTF-8 
java_command: com.restaurant.restaurant_spring.RestaurantSpringApplication
java_class_path (initial): C:\Users\DELOITTE\Desktop\fullstack project\Restaurant-Management\backend\restaurant_spring\target\classes;C:\Users\DELOITTE\.m2\repository\org\springframework\boot\spring-boot-starter-data-jpa\3.2.5\spring-boot-starter-data-jpa-3.2.5.jar;C:\Users\DELOITTE\.m2\repository\org\springframework\boot\spring-boot-starter-aop\3.2.5\spring-boot-starter-aop-3.2.5.jar;C:\Users\DELOITTE\.m2\repository\org\aspectj\aspectjweaver\1.9.22\aspectjweaver-1.9.22.jar;C:\Users\DELOITTE\.m2\repository\org\springframework\boot\spring-boot-starter-jdbc\3.2.5\spring-boot-starter-jdbc-3.2.5.jar;C:\Users\DELOITTE\.m2\repository\com\zaxxer\HikariCP\5.0.1\HikariCP-5.0.1.jar;C:\Users\DELOITTE\.m2\repository\org\springframework\spring-jdbc\6.1.6\spring-jdbc-6.1.6.jar;C:\Users\DELOITTE\.m2\repository\org\hibernate\orm\hibernate-core\6.4.4.Final\hibernate-core-6.4.4.Final.jar;C:\Users\DELOITTE\.m2\repository\jakarta\persistence\jakarta.persistence-api\3.1.0\jakarta.persistence-api-3.1.0.jar;C:\Users\DELOITTE\.m2\repository\jakarta\transaction\jakarta.transaction-api\2.0.1\jakarta.transaction-api-2.0.1.jar;C:\Users\DELOITTE\.m2\repository\org\jboss\logging\jboss-logging\3.5.3.Final\jboss-logging-3.5.3.Final.jar;C:\Users\DELOITTE\.m2\repository\org\hibernate\common\hibernate-commons-annotations\6.0.6.Final\hibernate-commons-annotations-6.0.6.Final.jar;C:\Users\DELOITTE\.m2\repository\io\smallrye\jandex\3.1.2\jandex-3.1.2.jar;C:\Users\DELOITTE\.m2\repository\com\fasterxml\classmate\1.6.0\classmate-1.6.0.jar;C:\Users\DELOITTE\.m2\repository\net\bytebuddy\byte-buddy\1.14.13\byte-buddy-1.14.13.jar;C:\Users\DELOITTE\.m2\repository\org\glassfish\jaxb\jaxb-runtime\4.0.5\jaxb-runtime-4.0.5.jar;C:\Users\DELOITTE\.m2\repository\org\glassfish\jaxb\jaxb-core\4.0.5\jaxb-core-4.0.5.jar;C:\Users\DELOITTE\.m2\repository\org\eclipse\angus\angus-activation\2.0.2\angus-activation-2.0.2.jar;C:\Users\DELOITTE\.m2\repository\org\glassfish\jaxb\txw2\4.0.5\txw2-4.0.5.jar;C:\Users\DELOITTE\.m2\re
Launcher Type: SUN_STANDARD

[Global flags]
     intx CICompilerCount                          = 4                                         {product} {ergonomic}
     uint ConcGCThreads                            = 2                                         {product} {ergonomic}
     uint G1ConcRefinementThreads                  = 8                                         {product} {ergonomic}
   size_t G1HeapRegionSize                         = 2097152                                   {product} {ergonomic}
    uintx GCDrainStackTargetSize                   = 64                                        {product} {ergonomic}
   size_t InitialHeapSize                          = 264241152                                 {product} {ergonomic}
   size_t MarkStackSize                            = 4194304                                   {product} {ergonomic}
   size_t MaxHeapSize                              = 4221566976                                {product} {ergonomic}
   size_t MaxNewSize                               = 2531262464                                {product} {ergonomic}
   size_t MinHeapDeltaBytes                        = 2097152                                   {product} {ergonomic}
   size_t MinHeapSize                              = 8388608                                   {product} {ergonomic}
    uintx NonNMethodCodeHeapSize                   = 5839372                                {pd product} {ergonomic}
    uintx NonProfiledCodeHeapSize                  = 122909434                              {pd product} {ergonomic}
    uintx ProfiledCodeHeapSize                     = 122909434                              {pd product} {ergonomic}
    uintx ReservedCodeCacheSize                    = 251658240                              {pd product} {ergonomic}
     bool SegmentedCodeCache                       = true                                      {product} {ergonomic}
   size_t SoftMaxHeapSize                          = 4221566976                             {manageable} {ergonomic}
     bool UseCompressedClassPointers               = true                           {product lp64_product} {ergonomic}
     bool UseCompressedOops                        = true                           {product lp64_product} {ergonomic}
     bool UseG1GC                                  = true                                      {product} {ergonomic}
     bool UseLargePagesIndividualAllocation        = false                                  {pd product} {ergonomic}

Logging:
Log output configuration:
 #0: stdout all=warning uptime,level,tags
 #1: stderr all=off uptime,level,tags

Environment Variables:
JAVA_HOME=C:\Program Files\Java\jdk1.8.0_202\bin
PATH=C:\Program Files\Common Files\Oracle\Java\javapath;C:\Program Files (x86)\Common Files\Oracle\Java\java8path;C:\Program Files (x86)\Common Files\Oracle\Java\javapath;C:\Users\DELOITTE\Downloads\WINDOWS.X64_193000_db_home\bin;C:\Program Files (x86)\VMware\VMware Workstation\bin\;C:\WINDOWS\system32;C:\WINDOWS;C:\WINDOWS\System32\Wbem;C:\WINDOWS\System32\WindowsPowerShell\v1.0\;C:\WINDOWS\System32\OpenSSH\;C:\Program Files\Git\cmd;C:\Program Files\nodejs\;C:\Windows\System32;C:\Users\DELOITTE\AppData\Local\Microsoft\WindowsApps;;C:\Users\DELOITTE\AppData\Local\Programs\Microsoft VS Code\bin;C:\Program Files\JetBrains\IntelliJ IDEA 2023.3.2\bin;;C:\Users\DELOITTE\AppData\Roaming\npm;C:\Program Files\JetBrains\IntelliJ IDEA Community Edition 2023.3.2\bin;
USERNAME=DELOITTE
OS=Windows_NT
PROCESSOR_IDENTIFIER=Intel64 Family 6 Model 142 Stepping 12, GenuineIntel



---------------  S Y S T E M  ---------------

OS:
 Windows 11 , 64 bit Build 22621 (10.0.22621.3374)
OS uptime: 31 days 7:24 hours

CPU: total 8 (initial active 8) (4 cores per cpu, 2 threads per core) family 6 model 142 stepping 12 microcode 0xf0, cx8, cmov, fxsr, ht, mmx, 3dnowpref, sse, sse2, sse3, ssse3, sse4.1, sse4.2, popcnt, lzcnt, tsc, tscinvbit, avx, avx2, aes, erms, clmul, bmi1, bmi2, adx, fma, vzeroupper, clflush, clflushopt

Memory: 4k page, system-wide physical 16103M (1029M free)
TotalPageFile size 46522M (AvailPageFile size 3M)
current process WorkingSet (physical memory assigned to process): 245M, peak: 283M
current process commit charge ("private bytes"): 285M, peak: 413M

vm_info: Java HotSpot(TM) 64-Bit Server VM (17.0.10+11-LTS-240) for windows-amd64 JRE (17.0.10+11-LTS-240), built on Dec 19 2023 21:47:25 by "mach5one" with MS VC++ 17.1 (VS2022)

END.
