#
# There is insufficient memory for the Java Runtime Environment to continue.
# Native memory allocation (malloc) failed to allocate 1120176 bytes for Chunk::new
# Possible reasons:
#   The system is out of physical RAM or swap space
#   The process is running with CompressedOops enabled, and the Java Heap may be blocking the growth of the native heap
# Possible solutions:
#   Reduce memory load on the system
#   Increase physical memory or swap space
#   Check if swap backing store is full
#   Decrease Java heap size (-Xmx/-Xms)
#   Decrease number of Java threads
#   Decrease Java thread stack sizes (-Xss)
#   Set larger code cache with -XX:ReservedCodeCacheSize=
#   JVM is running with Zero Based Compressed Oops mode in which the Java heap is
#     placed in the first 32GB address space. The Java Heap base address is the
#     maximum limit for the native heap growth. Please use -XX:HeapBaseMinAddress
#     to set the Java Heap base and to place the Java Heap above 32GB virtual address.
# This output file may be truncated or incomplete.
#
#  Out of Memory Error (arena.cpp:189), pid=1056, tid=4064
#
# JRE version: Java(TM) SE Runtime Environment (17.0.10+11) (build 17.0.10+11-LTS-240)
# Java VM: Java HotSpot(TM) 64-Bit Server VM (17.0.10+11-LTS-240, mixed mode, sharing, tiered, compressed oops, compressed class ptrs, g1 gc, windows-amd64)
# No core dump will be written. Minidumps are not enabled by default on client versions of Windows
#

---------------  S U M M A R Y ------------

Command Line: -javaagent:C:\Program Files\JetBrains\IntelliJ IDEA Community Edition 2023.3.2\lib\idea_rt.jar=52429:C:\Program Files\JetBrains\IntelliJ IDEA Community Edition 2023.3.2\bin -Dfile.encoding=UTF-8 com.restaurant.restaurant_spring.RestaurantSpringApplication

Host: Intel(R) Core(TM) i7-10610U CPU @ 1.80GHz, 8 cores, 15G,  Windows 11 , 64 bit Build 22621 (10.0.22621.3527)
Time: Wed Jun 19 17:33:40 2024 Afr. centrale Ouest elapsed time: 61.830861 seconds (0d 0h 1m 1s)

---------------  T H R E A D  ---------------

Current thread (0x0000026149130820):  JavaThread "C2 CompilerThread0" daemon [_thread_in_native, id=4064, stack(0x0000009114500000,0x0000009114600000)]


Current CompileTask:
C2:  61830 13523       4       org.springframework.web.servlet.handler.AbstractHandlerMapping::getHandler (238 bytes)

Stack: [0x0000009114500000,0x0000009114600000]
Native frames: (J=compiled Java code, j=interpreted, Vv=VM code, C=native code)
V  [jvm.dll+0x677a5a]
V  [jvm.dll+0x7d8b2d]
V  [jvm.dll+0x7da48e]
V  [jvm.dll+0x7daaf3]
V  [jvm.dll+0x2455ff]
V  [jvm.dll+0xaaafb]
V  [jvm.dll+0xab09c]
V  [jvm.dll+0x361b5f]
V  [jvm.dll+0x1bb1da]
V  [jvm.dll+0x217aa7]
V  [jvm.dll+0x216d81]
V  [jvm.dll+0x1a3410]
V  [jvm.dll+0x226aeb]
V  [jvm.dll+0x224cab]
V  [jvm.dll+0x78e45c]
V  [jvm.dll+0x78888a]
V  [jvm.dll+0x676935]
C  [ucrtbase.dll+0x29333]
C  [KERNEL32.DLL+0x1257d]
C  [ntdll.dll+0x5aa48]


---------------  P R O C E S S  ---------------

Threads class SMR info:
_java_thread_list=0x000002614ac85ec0, length=30, elements={
0x000002617edfdcf0, 0x000002617edfeb70, 0x000002617ee14a70, 0x000002617ee15630,
0x000002617ee18100, 0x000002617ee18ac0, 0x0000026149130820, 0x00000261491328e0,
0x000002614913e570, 0x0000026149238dd0, 0x0000026149449830, 0x0000026149449d10,
0x000002614b8fd750, 0x000002614c9f2600, 0x000002614c9f1be0, 0x000002614c9f16d0,
0x000002614c9f20f0, 0x000002614e45dd20, 0x000002614e45aa80, 0x000002614e45a570,
0x000002614e45ec50, 0x000002614e45f670, 0x000002614e460ab0, 0x000002614e4605a0,
0x000002614e45b4a0, 0x000002614e45fb80, 0x000002614e45c3d0, 0x000002614e460090,
0x000002614e460fc0, 0x000002614e45bec0
}

Java Threads: ( => current thread )
  0x000002617edfdcf0 JavaThread "Reference Handler" daemon [_thread_blocked, id=14888, stack(0x0000009113f00000,0x0000009114000000)]
  0x000002617edfeb70 JavaThread "Finalizer" daemon [_thread_blocked, id=20112, stack(0x0000009114000000,0x0000009114100000)]
  0x000002617ee14a70 JavaThread "Signal Dispatcher" daemon [_thread_blocked, id=8344, stack(0x0000009114100000,0x0000009114200000)]
  0x000002617ee15630 JavaThread "Attach Listener" daemon [_thread_blocked, id=8296, stack(0x0000009114200000,0x0000009114300000)]
  0x000002617ee18100 JavaThread "Service Thread" daemon [_thread_blocked, id=3368, stack(0x0000009114300000,0x0000009114400000)]
  0x000002617ee18ac0 JavaThread "Monitor Deflation Thread" daemon [_thread_blocked, id=8472, stack(0x0000009114400000,0x0000009114500000)]
=>0x0000026149130820 JavaThread "C2 CompilerThread0" daemon [_thread_in_native, id=4064, stack(0x0000009114500000,0x0000009114600000)]
  0x00000261491328e0 JavaThread "C1 CompilerThread0" daemon [_thread_blocked, id=15920, stack(0x0000009114600000,0x0000009114700000)]
  0x000002614913e570 JavaThread "Sweeper thread" daemon [_thread_blocked, id=16636, stack(0x0000009114700000,0x0000009114800000)]
  0x0000026149238dd0 JavaThread "Common-Cleaner" daemon [_thread_blocked, id=19152, stack(0x0000009114800000,0x0000009114900000)]
  0x0000026149449830 JavaThread "Monitor Ctrl-Break" daemon [_thread_in_native, id=14572, stack(0x0000009114a00000,0x0000009114b00000)]
  0x0000026149449d10 JavaThread "Notification Thread" daemon [_thread_blocked, id=10212, stack(0x0000009114b00000,0x0000009114c00000)]
  0x000002614b8fd750 JavaThread "mysql-cj-abandoned-connection-cleanup" daemon [_thread_blocked, id=20208, stack(0x0000009115600000,0x0000009115700000)]
  0x000002614c9f2600 JavaThread "HikariPool-1 housekeeper" daemon [_thread_blocked, id=16016, stack(0x0000009115800000,0x0000009115900000)]
  0x000002614c9f1be0 JavaThread "Catalina-utility-1" [_thread_blocked, id=7128, stack(0x0000009115a00000,0x0000009115b00000)]
  0x000002614c9f16d0 JavaThread "Catalina-utility-2" [_thread_blocked, id=15172, stack(0x0000009115b00000,0x0000009115c00000)]
  0x000002614c9f20f0 JavaThread "container-0" [_thread_blocked, id=19572, stack(0x0000009115c00000,0x0000009115d00000)]
  0x000002614e45dd20 JavaThread "http-nio-8080-exec-1" daemon [_thread_blocked, id=20016, stack(0x0000009115d00000,0x0000009115e00000)]
  0x000002614e45aa80 JavaThread "http-nio-8080-exec-2" daemon [_thread_blocked, id=15524, stack(0x0000009115e00000,0x0000009115f00000)]
  0x000002614e45a570 JavaThread "http-nio-8080-exec-3" daemon [_thread_blocked, id=19536, stack(0x0000009115f00000,0x0000009116000000)]
  0x000002614e45ec50 JavaThread "http-nio-8080-exec-4" daemon [_thread_blocked, id=18728, stack(0x0000009116000000,0x0000009116100000)]
  0x000002614e45f670 JavaThread "http-nio-8080-exec-5" daemon [_thread_blocked, id=17932, stack(0x0000009116100000,0x0000009116200000)]
  0x000002614e460ab0 JavaThread "http-nio-8080-exec-6" daemon [_thread_blocked, id=13912, stack(0x0000009116200000,0x0000009116300000)]
  0x000002614e4605a0 JavaThread "http-nio-8080-exec-7" daemon [_thread_blocked, id=19968, stack(0x0000009116300000,0x0000009116400000)]
  0x000002614e45b4a0 JavaThread "http-nio-8080-exec-8" daemon [_thread_blocked, id=15184, stack(0x0000009116400000,0x0000009116500000)]
  0x000002614e45fb80 JavaThread "http-nio-8080-exec-9" daemon [_thread_blocked, id=14628, stack(0x0000009116500000,0x0000009116600000)]
  0x000002614e45c3d0 JavaThread "http-nio-8080-exec-10" daemon [_thread_blocked, id=15380, stack(0x0000009116600000,0x0000009116700000)]
  0x000002614e460090 JavaThread "http-nio-8080-Poller" daemon [_thread_in_native, id=6672, stack(0x0000009116700000,0x0000009116800000)]
  0x000002614e460fc0 JavaThread "http-nio-8080-Acceptor" daemon [_thread_in_native, id=6236, stack(0x0000009116800000,0x0000009116900000)]
  0x000002614e45bec0 JavaThread "DestroyJavaVM" [_thread_blocked, id=8956, stack(0x0000009113800000,0x0000009113900000)]

Other Threads:
  0x000002617edf9950 VMThread "VM Thread" [stack: 0x0000009113e00000,0x0000009113f00000] [id=18764]
  0x00000261601beb30 WatcherThread [stack: 0x0000009114c00000,0x0000009114d00000] [id=19428]
  0x0000026160198b20 GCTaskThread "GC Thread#0" [stack: 0x0000009113900000,0x0000009113a00000] [id=15132]
  0x000002614aa53c10 GCTaskThread "GC Thread#1" [stack: 0x0000009114e00000,0x0000009114f00000] [id=1044]
  0x000002614aa53ed0 GCTaskThread "GC Thread#2" [stack: 0x0000009114f00000,0x0000009115000000] [id=19676]
  0x000002614a572180 GCTaskThread "GC Thread#3" [stack: 0x0000009115000000,0x0000009115100000] [id=9372]
  0x000002614a572440 GCTaskThread "GC Thread#4" [stack: 0x0000009115100000,0x0000009115200000] [id=4580]
  0x000002614a572700 GCTaskThread "GC Thread#5" [stack: 0x0000009115200000,0x0000009115300000] [id=11364]
  0x000002614abc99b0 GCTaskThread "GC Thread#6" [stack: 0x0000009115400000,0x0000009115500000] [id=3172]
  0x000002614ae5b6d0 GCTaskThread "GC Thread#7" [stack: 0x0000009115500000,0x0000009115600000] [id=3424]
  0x00000261601a9600 ConcurrentGCThread "G1 Main Marker" [stack: 0x0000009113a00000,0x0000009113b00000] [id=6932]
  0x00000261601abbc0 ConcurrentGCThread "G1 Conc#0" [stack: 0x0000009113b00000,0x0000009113c00000] [id=14116]
  0x000002614ba38030 ConcurrentGCThread "G1 Conc#1" [stack: 0x0000009115300000,0x0000009115400000] [id=12804]
  0x00000261601ee680 ConcurrentGCThread "G1 Refine#0" [stack: 0x0000009113c00000,0x0000009113d00000] [id=8792]
  0x000002614c04f830 ConcurrentGCThread "G1 Refine#1" [stack: 0x0000009115900000,0x0000009115a00000] [id=20380]
  0x000002617ecb6670 ConcurrentGCThread "G1 Service" [stack: 0x0000009113d00000,0x0000009113e00000] [id=13196]

Threads with active compile tasks:
C2 CompilerThread0    61862 13523       4       org.springframework.web.servlet.handler.AbstractHandlerMapping::getHandler (238 bytes)

VM state: not at safepoint (normal execution)

VM Mutex/Monitor currently owned by a thread: None

OutOfMemory and StackOverflow Exception counts:
StackOverflowErrors=11
LinkageErrors=141

Heap address: 0x0000000704600000, size: 4026 MB, Compressed Oops mode: Zero based, Oop shift amount: 3

CDS archive(s) mapped at: [0x0000026104000000-0x0000026104bd0000-0x0000026104bd0000), size 12386304, SharedBaseAddress: 0x0000026104000000, ArchiveRelocationMode: 1.
Compressed class space mapped at: 0x0000026105000000-0x0000026145000000, reserved size: 1073741824
Narrow klass base: 0x0000026104000000, Narrow klass shift: 0, Narrow klass range: 0x100000000

GC Precious Log:
 CPUs: 8 total, 8 available
 Memory: 16103M
 Large Page Support: Disabled
 NUMA Support: Disabled
 Compressed Oops: Enabled (Zero based)
 Heap Region Size: 2M
 Heap Min Capacity: 8M
 Heap Initial Capacity: 252M
 Heap Max Capacity: 4026M
 Pre-touch: Disabled
 Parallel Workers: 8
 Concurrent Workers: 2
 Concurrent Refinement Workers: 8
 Periodic GC: Disabled

Heap:
 garbage-first heap   total 208896K, used 146760K [0x0000000704600000, 0x0000000800000000)
  region size 2048K, 39 young (79872K), 1 survivors (2048K)
 Metaspace       used 77087K, committed 77632K, reserved 1179648K
  class space    used 9918K, committed 10176K, reserved 1048576K

Heap Regions: E=young(eden), S=young(survivor), O=old, HS=humongous(starts), HC=humongous(continues), CS=collection set, F=free, OA=open archive, CA=closed archive, TAMS=top-at-mark-start (previous, next)
|   0|0x0000000704600000, 0x0000000704800000, 0x0000000704800000|100%| O|  |TAMS 0x0000000704800000, 0x0000000704800000| Untracked 
|   1|0x0000000704800000, 0x0000000704a00000, 0x0000000704a00000|100%| O|  |TAMS 0x0000000704a00000, 0x0000000704a00000| Untracked 
|   2|0x0000000704a00000, 0x0000000704c00000, 0x0000000704c00000|100%| O|  |TAMS 0x0000000704c00000, 0x0000000704c00000| Untracked 
|   3|0x0000000704c00000, 0x0000000704e00000, 0x0000000704e00000|100%| O|  |TAMS 0x0000000704e00000, 0x0000000704e00000| Untracked 
|   4|0x0000000704e00000, 0x0000000705000000, 0x0000000705000000|100%| O|  |TAMS 0x0000000705000000, 0x0000000705000000| Untracked 
|   5|0x0000000705000000, 0x0000000705200000, 0x0000000705200000|100%| O|  |TAMS 0x0000000705200000, 0x0000000705200000| Untracked 
|   6|0x0000000705200000, 0x0000000705400000, 0x0000000705400000|100%| O|  |TAMS 0x0000000705400000, 0x0000000705400000| Untracked 
|   7|0x0000000705400000, 0x0000000705600000, 0x0000000705600000|100%| O|  |TAMS 0x0000000705600000, 0x0000000705600000| Untracked 
|   8|0x0000000705600000, 0x0000000705800000, 0x0000000705800000|100%| O|  |TAMS 0x0000000705600000, 0x0000000705800000| Untracked 
|   9|0x0000000705800000, 0x0000000705a00000, 0x0000000705a00000|100%| O|  |TAMS 0x0000000705a00000, 0x0000000705a00000| Untracked 
|  10|0x0000000705a00000, 0x0000000705c00000, 0x0000000705c00000|100%| O|  |TAMS 0x0000000705c00000, 0x0000000705c00000| Untracked 
|  11|0x0000000705c00000, 0x0000000705e00000, 0x0000000705e00000|100%| O|  |TAMS 0x0000000705d21800, 0x0000000705e00000| Untracked 
|  12|0x0000000705e00000, 0x0000000706000000, 0x0000000706000000|100%| O|  |TAMS 0x0000000705e00000, 0x0000000706000000| Untracked 
|  13|0x0000000706000000, 0x0000000706200000, 0x0000000706200000|100%| O|  |TAMS 0x0000000706000000, 0x0000000706200000| Untracked 
|  14|0x0000000706200000, 0x0000000706400000, 0x0000000706400000|100%|HS|  |TAMS 0x0000000706200000, 0x0000000706200000| Complete 
|  15|0x0000000706400000, 0x0000000706600000, 0x0000000706600000|100%|HS|  |TAMS 0x0000000706400000, 0x0000000706400000| Complete 
|  16|0x0000000706600000, 0x0000000706800000, 0x0000000706800000|100%| O|  |TAMS 0x0000000706600000, 0x0000000706800000| Untracked 
|  17|0x0000000706800000, 0x0000000706a00000, 0x0000000706a00000|100%|HS|  |TAMS 0x0000000706800000, 0x0000000706800000| Complete 
|  18|0x0000000706a00000, 0x0000000706c00000, 0x0000000706c00000|100%|HS|  |TAMS 0x0000000706a00000, 0x0000000706a00000| Complete 
|  19|0x0000000706c00000, 0x0000000706e00000, 0x0000000706e00000|100%|HS|  |TAMS 0x0000000706c00000, 0x0000000706c00000| Complete 
|  20|0x0000000706e00000, 0x0000000707000000, 0x0000000707000000|100%|HS|  |TAMS 0x0000000706e00000, 0x0000000706e00000| Complete 
|  21|0x0000000707000000, 0x0000000707200000, 0x0000000707200000|100%|HS|  |TAMS 0x0000000707000000, 0x0000000707000000| Complete 
|  22|0x0000000707200000, 0x0000000707400000, 0x0000000707400000|100%|HS|  |TAMS 0x0000000707200000, 0x0000000707200000| Complete 
|  23|0x0000000707400000, 0x0000000707600000, 0x0000000707600000|100%|HS|  |TAMS 0x0000000707400000, 0x0000000707400000| Complete 
|  24|0x0000000707600000, 0x0000000707800000, 0x0000000707800000|100%|HS|  |TAMS 0x0000000707600000, 0x0000000707600000| Complete 
|  25|0x0000000707800000, 0x0000000707a00000, 0x0000000707a00000|100%|HS|  |TAMS 0x0000000707800000, 0x0000000707800000| Complete 
|  26|0x0000000707a00000, 0x0000000707c00000, 0x0000000707c00000|100%|HS|  |TAMS 0x0000000707a00000, 0x0000000707a00000| Complete 
|  27|0x0000000707c00000, 0x0000000707e00000, 0x0000000707e00000|100%|HS|  |TAMS 0x0000000707c00000, 0x0000000707c00000| Complete 
|  28|0x0000000707e00000, 0x0000000708000000, 0x0000000708000000|100%|HS|  |TAMS 0x0000000707e00000, 0x0000000707e00000| Complete 
|  29|0x0000000708000000, 0x0000000708200000, 0x0000000708200000|100%|HS|  |TAMS 0x0000000708000000, 0x0000000708000000| Complete 
|  30|0x0000000708200000, 0x0000000708400000, 0x0000000708400000|100%|HS|  |TAMS 0x0000000708200000, 0x0000000708200000| Complete 
|  31|0x0000000708400000, 0x0000000708600000, 0x0000000708600000|100%|HS|  |TAMS 0x0000000708400000, 0x0000000708400000| Complete 
|  32|0x0000000708600000, 0x0000000708800000, 0x0000000708800000|100%|HS|  |TAMS 0x0000000708600000, 0x0000000708600000| Complete 
|  33|0x0000000708800000, 0x0000000708a00000, 0x0000000708a00000|100%|HS|  |TAMS 0x0000000708800000, 0x0000000708800000| Complete 
|  34|0x0000000708a00000, 0x0000000708a00000, 0x0000000708c00000|  0%| F|  |TAMS 0x0000000708a00000, 0x0000000708a00000| Untracked 
|  35|0x0000000708c00000, 0x0000000708c00000, 0x0000000708e00000|  0%| F|  |TAMS 0x0000000708c00000, 0x0000000708c00000| Untracked 
|  36|0x0000000708e00000, 0x0000000708e00000, 0x0000000709000000|  0%| F|  |TAMS 0x0000000708e00000, 0x0000000708e00000| Untracked 
|  37|0x0000000709000000, 0x0000000709200000, 0x0000000709200000|100%| O|  |TAMS 0x0000000709000000, 0x000000070903b400| Untracked 
|  38|0x0000000709200000, 0x0000000709200000, 0x0000000709400000|  0%| F|  |TAMS 0x0000000709200000, 0x0000000709200000| Untracked 
|  39|0x0000000709400000, 0x0000000709400000, 0x0000000709600000|  0%| F|  |TAMS 0x0000000709400000, 0x0000000709400000| Untracked 
|  40|0x0000000709600000, 0x0000000709600000, 0x0000000709800000|  0%| F|  |TAMS 0x0000000709600000, 0x0000000709600000| Untracked 
|  41|0x0000000709800000, 0x0000000709800000, 0x0000000709a00000|  0%| F|  |TAMS 0x0000000709800000, 0x0000000709800000| Untracked 
|  42|0x0000000709a00000, 0x0000000709a00000, 0x0000000709c00000|  0%| F|  |TAMS 0x0000000709a00000, 0x0000000709a00000| Untracked 
|  43|0x0000000709c00000, 0x0000000709c00000, 0x0000000709e00000|  0%| F|  |TAMS 0x0000000709c00000, 0x0000000709c00000| Untracked 
|  44|0x0000000709e00000, 0x0000000709e00000, 0x000000070a000000|  0%| F|  |TAMS 0x0000000709e00000, 0x0000000709e00000| Untracked 
|  45|0x000000070a000000, 0x000000070a1423c8, 0x000000070a200000| 62%| S|CS|TAMS 0x000000070a000000, 0x000000070a000000| Complete 
|  46|0x000000070a200000, 0x000000070a200000, 0x000000070a400000|  0%| F|  |TAMS 0x000000070a200000, 0x000000070a200000| Untracked 
|  47|0x000000070a400000, 0x000000070a400000, 0x000000070a600000|  0%| F|  |TAMS 0x000000070a400000, 0x000000070a400000| Untracked 
|  48|0x000000070a600000, 0x000000070a600000, 0x000000070a800000|  0%| F|  |TAMS 0x000000070a600000, 0x000000070a600000| Untracked 
|  49|0x000000070a800000, 0x000000070a800000, 0x000000070aa00000|  0%| F|  |TAMS 0x000000070a800000, 0x000000070a800000| Untracked 
|  50|0x000000070aa00000, 0x000000070aa00000, 0x000000070ac00000|  0%| F|  |TAMS 0x000000070aa00000, 0x000000070aa00000| Untracked 
|  51|0x000000070ac00000, 0x000000070ac00000, 0x000000070ae00000|  0%| F|  |TAMS 0x000000070ac00000, 0x000000070ac00000| Untracked 
|  52|0x000000070ae00000, 0x000000070ae00000, 0x000000070b000000|  0%| F|  |TAMS 0x000000070ae00000, 0x000000070ae00000| Untracked 
|  53|0x000000070b000000, 0x000000070b000000, 0x000000070b200000|  0%| F|  |TAMS 0x000000070b000000, 0x000000070b000000| Untracked 
|  54|0x000000070b200000, 0x000000070b200000, 0x000000070b400000|  0%| F|  |TAMS 0x000000070b200000, 0x000000070b200000| Untracked 
|  55|0x000000070b400000, 0x000000070b400000, 0x000000070b600000|  0%| F|  |TAMS 0x000000070b400000, 0x000000070b400000| Untracked 
|  56|0x000000070b600000, 0x000000070b600000, 0x000000070b800000|  0%| F|  |TAMS 0x000000070b600000, 0x000000070b600000| Untracked 
|  57|0x000000070b800000, 0x000000070b800000, 0x000000070ba00000|  0%| F|  |TAMS 0x000000070b800000, 0x000000070b800000| Untracked 
|  58|0x000000070ba00000, 0x000000070ba00000, 0x000000070bc00000|  0%| F|  |TAMS 0x000000070ba00000, 0x000000070ba00000| Untracked 
|  59|0x000000070bc00000, 0x000000070bc00000, 0x000000070be00000|  0%| F|  |TAMS 0x000000070bc00000, 0x000000070bc00000| Untracked 
|  60|0x000000070be00000, 0x000000070be00000, 0x000000070c000000|  0%| F|  |TAMS 0x000000070be00000, 0x000000070be00000| Untracked 
|  61|0x000000070c000000, 0x000000070c000000, 0x000000070c200000|  0%| F|  |TAMS 0x000000070c000000, 0x000000070c000000| Untracked 
|  62|0x000000070c200000, 0x000000070c200000, 0x000000070c400000|  0%| F|  |TAMS 0x000000070c200000, 0x000000070c200000| Untracked 
|  63|0x000000070c400000, 0x000000070c59beb0, 0x000000070c600000| 80%| E|  |TAMS 0x000000070c400000, 0x000000070c400000| Complete 
|  64|0x000000070c600000, 0x000000070c7f4220, 0x000000070c800000| 97%| E|  |TAMS 0x000000070c600000, 0x000000070c600000| Complete 
|  65|0x000000070c800000, 0x000000070ca00000, 0x000000070ca00000|100%| E|CS|TAMS 0x000000070c800000, 0x000000070c800000| Complete 
|  66|0x000000070ca00000, 0x000000070cc00000, 0x000000070cc00000|100%| E|CS|TAMS 0x000000070ca00000, 0x000000070ca00000| Complete 
|  67|0x000000070cc00000, 0x000000070ce00000, 0x000000070ce00000|100%| E|CS|TAMS 0x000000070cc00000, 0x000000070cc00000| Complete 
|  68|0x000000070ce00000, 0x000000070d000000, 0x000000070d000000|100%| E|CS|TAMS 0x000000070ce00000, 0x000000070ce00000| Complete 
|  69|0x000000070d000000, 0x000000070d200000, 0x000000070d200000|100%| E|CS|TAMS 0x000000070d000000, 0x000000070d000000| Complete 
|  70|0x000000070d200000, 0x000000070d400000, 0x000000070d400000|100%| E|CS|TAMS 0x000000070d200000, 0x000000070d200000| Complete 
|  71|0x000000070d400000, 0x000000070d600000, 0x000000070d600000|100%| E|CS|TAMS 0x000000070d400000, 0x000000070d400000| Complete 
|  72|0x000000070d600000, 0x000000070d800000, 0x000000070d800000|100%| E|CS|TAMS 0x000000070d600000, 0x000000070d600000| Complete 
|  73|0x000000070d800000, 0x000000070da00000, 0x000000070da00000|100%| E|CS|TAMS 0x000000070d800000, 0x000000070d800000| Complete 
|  74|0x000000070da00000, 0x000000070dc00000, 0x000000070dc00000|100%| E|CS|TAMS 0x000000070da00000, 0x000000070da00000| Complete 
|  75|0x000000070dc00000, 0x000000070de00000, 0x000000070de00000|100%| E|CS|TAMS 0x000000070dc00000, 0x000000070dc00000| Complete 
|  76|0x000000070de00000, 0x000000070e000000, 0x000000070e000000|100%| E|CS|TAMS 0x000000070de00000, 0x000000070de00000| Complete 
|  77|0x000000070e000000, 0x000000070e200000, 0x000000070e200000|100%| E|CS|TAMS 0x000000070e000000, 0x000000070e000000| Complete 
|  78|0x000000070e200000, 0x000000070e400000, 0x000000070e400000|100%| E|CS|TAMS 0x000000070e200000, 0x000000070e200000| Complete 
|  79|0x000000070e400000, 0x000000070e600000, 0x000000070e600000|100%| E|CS|TAMS 0x000000070e400000, 0x000000070e400000| Complete 
|  80|0x000000070e600000, 0x000000070e800000, 0x000000070e800000|100%| E|CS|TAMS 0x000000070e600000, 0x000000070e600000| Complete 
|  81|0x000000070e800000, 0x000000070ea00000, 0x000000070ea00000|100%| E|CS|TAMS 0x000000070e800000, 0x000000070e800000| Complete 
|  82|0x000000070ea00000, 0x000000070ec00000, 0x000000070ec00000|100%| E|CS|TAMS 0x000000070ea00000, 0x000000070ea00000| Complete 
|  83|0x000000070ec00000, 0x000000070ee00000, 0x000000070ee00000|100%| E|CS|TAMS 0x000000070ec00000, 0x000000070ec00000| Complete 
|  84|0x000000070ee00000, 0x000000070f000000, 0x000000070f000000|100%| E|CS|TAMS 0x000000070ee00000, 0x000000070ee00000| Complete 
|  85|0x000000070f000000, 0x000000070f200000, 0x000000070f200000|100%| E|CS|TAMS 0x000000070f000000, 0x000000070f000000| Complete 
|  86|0x000000070f200000, 0x000000070f400000, 0x000000070f400000|100%| E|CS|TAMS 0x000000070f200000, 0x000000070f200000| Complete 
|  87|0x000000070f400000, 0x000000070f600000, 0x000000070f600000|100%| E|CS|TAMS 0x000000070f400000, 0x000000070f400000| Complete 
|  88|0x000000070f600000, 0x000000070f800000, 0x000000070f800000|100%| E|CS|TAMS 0x000000070f600000, 0x000000070f600000| Complete 
|  89|0x000000070f800000, 0x000000070fa00000, 0x000000070fa00000|100%| E|CS|TAMS 0x000000070f800000, 0x000000070f800000| Complete 
|  90|0x000000070fa00000, 0x000000070fc00000, 0x000000070fc00000|100%| E|CS|TAMS 0x000000070fa00000, 0x000000070fa00000| Complete 
|  91|0x000000070fc00000, 0x000000070fe00000, 0x000000070fe00000|100%| E|CS|TAMS 0x000000070fc00000, 0x000000070fc00000| Complete 
|  92|0x000000070fe00000, 0x0000000710000000, 0x0000000710000000|100%| E|CS|TAMS 0x000000070fe00000, 0x000000070fe00000| Complete 
|  93|0x0000000710000000, 0x0000000710200000, 0x0000000710200000|100%| E|CS|TAMS 0x0000000710000000, 0x0000000710000000| Complete 
|  94|0x0000000710200000, 0x0000000710400000, 0x0000000710400000|100%| E|CS|TAMS 0x0000000710200000, 0x0000000710200000| Complete 
|  95|0x0000000710400000, 0x0000000710600000, 0x0000000710600000|100%| E|CS|TAMS 0x0000000710400000, 0x0000000710400000| Complete 
|  96|0x0000000710600000, 0x0000000710800000, 0x0000000710800000|100%| E|CS|TAMS 0x0000000710600000, 0x0000000710600000| Complete 
|  97|0x0000000710800000, 0x0000000710a00000, 0x0000000710a00000|100%| E|CS|TAMS 0x0000000710800000, 0x0000000710800000| Complete 
|  98|0x0000000710a00000, 0x0000000710c00000, 0x0000000710c00000|100%| E|CS|TAMS 0x0000000710a00000, 0x0000000710a00000| Complete 
|  99|0x0000000710c00000, 0x0000000710e00000, 0x0000000710e00000|100%| E|CS|TAMS 0x0000000710c00000, 0x0000000710c00000| Complete 
| 125|0x0000000714000000, 0x0000000714200000, 0x0000000714200000|100%| E|CS|TAMS 0x0000000714000000, 0x0000000714000000| Complete 
|2012|0x00000007ffe00000, 0x00000007ffe10000, 0x0000000800000000|  3%| O|  |TAMS 0x00000007ffe00000, 0x00000007ffe00000| Untracked 

Card table byte_map: [0x00000261774e0000,0x0000026177cc0000] _byte_map_base: 0x0000026173cbd000

Marking Bits (Prev, Next): (CMBitMap*) 0x0000026160199180, (CMBitMap*) 0x0000026160199140
 Prev Bits: [0x0000026100000000, 0x0000026103ee8000)
 Next Bits: [0x00000261784a0000, 0x000002617c388000)

Polling page: 0x000002615f8f0000

Metaspace:

Usage:
  Non-class:     65.60 MB used.
      Class:      9.69 MB used.
       Both:     75.28 MB used.

Virtual space:
  Non-class space:      128.00 MB reserved,      65.88 MB ( 51%) committed,  2 nodes.
      Class space:        1.00 GB reserved,       9.94 MB ( <1%) committed,  1 nodes.
             Both:        1.12 GB reserved,      75.81 MB (  7%) committed. 

Chunk freelists:
   Non-Class:  13.26 MB
       Class:  5.95 MB
        Both:  19.21 MB

MaxMetaspaceSize: unlimited
CompressedClassSpaceSize: 1.00 GB
Initial GC threshold: 21.00 MB
Current GC threshold: 98.56 MB
CDS: on
MetaspaceReclaimPolicy: balanced
 - commit_granule_bytes: 65536.
 - commit_granule_words: 8192.
 - virtual_space_node_default_size: 8388608.
 - enlarge_chunks_in_place: 1.
 - new_chunks_are_fully_committed: 0.
 - uncommit_free_chunks: 1.
 - use_allocation_guard: 0.
 - handle_deallocations: 1.


Internal statistics:

num_allocs_failed_limit: 9.
num_arena_births: 818.
num_arena_deaths: 0.
num_vsnodes_births: 3.
num_vsnodes_deaths: 0.
num_space_committed: 1213.
num_space_uncommitted: 0.
num_chunks_returned_to_freelist: 9.
num_chunks_taken_from_freelist: 3575.
num_chunk_merges: 9.
num_chunk_splits: 2593.
num_chunks_enlarged: 2046.
num_inconsistent_stats: 0.

CodeHeap 'non-profiled nmethods': size=120000Kb used=14366Kb max_used=14366Kb free=105633Kb
 bounds [0x000002616f4a0000, 0x00000261702b0000, 0x00000261769d0000]
CodeHeap 'profiled nmethods': size=120000Kb used=17760Kb max_used=22500Kb free=102240Kb
 bounds [0x00000261679d0000, 0x0000026168fd0000, 0x000002616ef00000]
CodeHeap 'non-nmethods': size=5760Kb used=1380Kb max_used=1520Kb free=4380Kb
 bounds [0x000002616ef00000, 0x000002616f170000, 0x000002616f4a0000]
 total_blobs=11303 nmethods=10593 adapters=621
 compilation: enabled
              stopped_count=0, restarted_count=0
 full_count=0

Compilation events (20 events):
Event: 59.948 Thread 0x0000026149130820 nmethod 13513 0x0000026170297f90 code [0x0000026170298120, 0x0000026170298218]
Event: 60.064 Thread 0x0000026149130820 13514       4       org.springframework.util.AntPathMatcher::doMatch (650 bytes)
Event: 60.129 Thread 0x00000261491328e0 13515       3       java.lang.ThreadLocal$ThreadLocalMap$Entry::<init> (11 bytes)
Event: 60.129 Thread 0x00000261491328e0 nmethod 13515 0x00000261679f4a90 code [0x00000261679f4c60, 0x00000261679f5058]
Event: 60.264 Thread 0x00000261491328e0 13516       3       java.lang.ThreadLocal$ThreadLocalMap::cleanSomeSlots (61 bytes)
Event: 60.265 Thread 0x00000261491328e0 nmethod 13516 0x0000026167e3d690 code [0x0000026167e3d860, 0x0000026167e3dd98]
Event: 60.403 Thread 0x00000261491328e0 13517       3       java.lang.ThreadLocal$ThreadLocalMap::set (133 bytes)
Event: 60.404 Thread 0x00000261491328e0 nmethod 13517 0x000002616801d810 code [0x000002616801daa0, 0x000002616801e7c8]
Event: 60.524 Thread 0x0000026149130820 nmethod 13514 0x0000026170298310 code [0x0000026170298aa0, 0x000002617029f348]
Event: 60.752 Thread 0x0000026149130820 13518       4       org.springframework.web.context.request.async.WebAsyncManager::hasConcurrentResult (16 bytes)
Event: 60.753 Thread 0x0000026149130820 nmethod 13518 0x00000261702a3710 code [0x00000261702a3880, 0x00000261702a3918]
Event: 61.105 Thread 0x0000026149130820 13519   !   4       org.apache.coyote.AbstractProcessor::action (1081 bytes)
Event: 61.156 Thread 0x0000026149130820 nmethod 13519 0x00000261702a3a10 code [0x00000261702a4040, 0x00000261702a5d50]
Event: 61.257 Thread 0x00000261491328e0 13520       3       sun.nio.ch.SocketOptionRegistry$RegistryKey::<init> (15 bytes)
Event: 61.257 Thread 0x00000261491328e0 nmethod 13520 0x0000026167b20690 code [0x0000026167b20840, 0x0000026167b20a78]
Event: 61.257 Thread 0x00000261491328e0 13521       3       sun.nio.ch.SocketOptionRegistry$RegistryKey::hashCode (16 bytes)
Event: 61.257 Thread 0x00000261491328e0 nmethod 13521 0x0000026167a0fa90 code [0x0000026167a0fc40, 0x0000026167a0fef8]
Event: 61.403 Thread 0x00000261491328e0 13522       3       java.util.concurrent.ConcurrentHashMap$KeySetView::add (36 bytes)
Event: 61.403 Thread 0x00000261491328e0 nmethod 13522 0x0000026167a2c890 code [0x0000026167a2ca40, 0x0000026167a2ccf8]
Event: 61.479 Thread 0x0000026149130820 13523       4       org.springframework.web.servlet.handler.AbstractHandlerMapping::getHandler (238 bytes)

GC Heap History (20 events):
Event: 56.984 GC heap before
{Heap before GC invocations=101 (full 0):
 garbage-first heap   total 206848K, used 198187K [0x0000000704600000, 0x0000000800000000)
  region size 2048K, 55 young (112640K), 1 survivors (2048K)
 Metaspace       used 77085K, committed 77632K, reserved 1179648K
  class space    used 9918K, committed 10176K, reserved 1048576K
}
Event: 56.985 GC heap after
{Heap after GC invocations=102 (full 0):
 garbage-first heap   total 206848K, used 33483K [0x0000000704600000, 0x0000000800000000)
  region size 2048K, 1 young (2048K), 1 survivors (2048K)
 Metaspace       used 77085K, committed 77632K, reserved 1179648K
  class space    used 9918K, committed 10176K, reserved 1048576K
}
Event: 57.429 GC heap before
{Heap before GC invocations=102 (full 0):
 garbage-first heap   total 206848K, used 199371K [0x0000000704600000, 0x0000000800000000)
  region size 2048K, 56 young (114688K), 1 survivors (2048K)
 Metaspace       used 77085K, committed 77632K, reserved 1179648K
  class space    used 9918K, committed 10176K, reserved 1048576K
}
Event: 57.431 GC heap after
{Heap after GC invocations=103 (full 0):
 garbage-first heap   total 206848K, used 34553K [0x0000000704600000, 0x0000000800000000)
  region size 2048K, 1 young (2048K), 1 survivors (2048K)
 Metaspace       used 77085K, committed 77632K, reserved 1179648K
  class space    used 9918K, committed 10176K, reserved 1048576K
}
Event: 57.977 GC heap before
{Heap before GC invocations=103 (full 0):
 garbage-first heap   total 206848K, used 200441K [0x0000000704600000, 0x0000000800000000)
  region size 2048K, 55 young (112640K), 1 survivors (2048K)
 Metaspace       used 77085K, committed 77632K, reserved 1179648K
  class space    used 9918K, committed 10176K, reserved 1048576K
}
Event: 57.979 GC heap after
{Heap after GC invocations=104 (full 0):
 garbage-first heap   total 208896K, used 35525K [0x0000000704600000, 0x0000000800000000)
  region size 2048K, 1 young (2048K), 1 survivors (2048K)
 Metaspace       used 77085K, committed 77632K, reserved 1179648K
  class space    used 9918K, committed 10176K, reserved 1048576K
}
Event: 58.608 GC heap before
{Heap before GC invocations=104 (full 0):
 garbage-first heap   total 208896K, used 199365K [0x0000000704600000, 0x0000000800000000)
  region size 2048K, 56 young (114688K), 1 survivors (2048K)
 Metaspace       used 77086K, committed 77632K, reserved 1179648K
  class space    used 9918K, committed 10176K, reserved 1048576K
}
Event: 58.609 GC heap after
{Heap after GC invocations=105 (full 0):
 garbage-first heap   total 208896K, used 34599K [0x0000000704600000, 0x0000000800000000)
  region size 2048K, 1 young (2048K), 1 survivors (2048K)
 Metaspace       used 77086K, committed 77632K, reserved 1179648K
  class space    used 9918K, committed 10176K, reserved 1048576K
}
Event: 59.080 GC heap before
{Heap before GC invocations=105 (full 0):
 garbage-first heap   total 208896K, used 198439K [0x0000000704600000, 0x0000000800000000)
  region size 2048K, 55 young (112640K), 1 survivors (2048K)
 Metaspace       used 77086K, committed 77632K, reserved 1179648K
  class space    used 9918K, committed 10176K, reserved 1048576K
}
Event: 59.081 GC heap after
{Heap after GC invocations=106 (full 0):
 garbage-first heap   total 208896K, used 34609K [0x0000000704600000, 0x0000000800000000)
  region size 2048K, 1 young (2048K), 1 survivors (2048K)
 Metaspace       used 77086K, committed 77632K, reserved 1179648K
  class space    used 9918K, committed 10176K, reserved 1048576K
}
Event: 59.594 GC heap before
{Heap before GC invocations=106 (full 0):
 garbage-first heap   total 208896K, used 198449K [0x0000000704600000, 0x0000000800000000)
  region size 2048K, 55 young (112640K), 1 survivors (2048K)
 Metaspace       used 77086K, committed 77632K, reserved 1179648K
  class space    used 9918K, committed 10176K, reserved 1048576K
}
Event: 59.596 GC heap after
{Heap after GC invocations=107 (full 0):
 garbage-first heap   total 208896K, used 33530K [0x0000000704600000, 0x0000000800000000)
  region size 2048K, 1 young (2048K), 1 survivors (2048K)
 Metaspace       used 77086K, committed 77632K, reserved 1179648K
  class space    used 9918K, committed 10176K, reserved 1048576K
}
Event: 60.111 GC heap before
{Heap before GC invocations=107 (full 0):
 garbage-first heap   total 208896K, used 199418K [0x0000000704600000, 0x0000000800000000)
  region size 2048K, 56 young (114688K), 1 survivors (2048K)
 Metaspace       used 77086K, committed 77632K, reserved 1179648K
  class space    used 9918K, committed 10176K, reserved 1048576K
}
Event: 60.113 GC heap after
{Heap after GC invocations=108 (full 0):
 garbage-first heap   total 208896K, used 34366K [0x0000000704600000, 0x0000000800000000)
  region size 2048K, 1 young (2048K), 1 survivors (2048K)
 Metaspace       used 77086K, committed 77632K, reserved 1179648K
  class space    used 9918K, committed 10176K, reserved 1048576K
}
Event: 60.640 GC heap before
{Heap before GC invocations=108 (full 0):
 garbage-first heap   total 208896K, used 200254K [0x0000000704600000, 0x0000000800000000)
  region size 2048K, 56 young (114688K), 1 survivors (2048K)
 Metaspace       used 77086K, committed 77632K, reserved 1179648K
  class space    used 9918K, committed 10176K, reserved 1048576K
}
Event: 60.641 GC heap after
{Heap after GC invocations=109 (full 0):
 garbage-first heap   total 208896K, used 34626K [0x0000000704600000, 0x0000000800000000)
  region size 2048K, 1 young (2048K), 1 survivors (2048K)
 Metaspace       used 77086K, committed 77632K, reserved 1179648K
  class space    used 9918K, committed 10176K, reserved 1048576K
}
Event: 61.102 GC heap before
{Heap before GC invocations=109 (full 0):
 garbage-first heap   total 208896K, used 198466K [0x0000000704600000, 0x0000000800000000)
  region size 2048K, 55 young (112640K), 1 survivors (2048K)
 Metaspace       used 77086K, committed 77632K, reserved 1179648K
  class space    used 9918K, committed 10176K, reserved 1048576K
}
Event: 61.104 GC heap after
{Heap after GC invocations=110 (full 0):
 garbage-first heap   total 208896K, used 34374K [0x0000000704600000, 0x0000000800000000)
  region size 2048K, 1 young (2048K), 1 survivors (2048K)
 Metaspace       used 77086K, committed 77632K, reserved 1179648K
  class space    used 9918K, committed 10176K, reserved 1048576K
}
Event: 61.554 GC heap before
{Heap before GC invocations=110 (full 0):
 garbage-first heap   total 208896K, used 198214K [0x0000000704600000, 0x0000000800000000)
  region size 2048K, 55 young (112640K), 1 survivors (2048K)
 Metaspace       used 77087K, committed 77632K, reserved 1179648K
  class space    used 9918K, committed 10176K, reserved 1048576K
}
Event: 61.555 GC heap after
{Heap after GC invocations=111 (full 0):
 garbage-first heap   total 208896K, used 34120K [0x0000000704600000, 0x0000000800000000)
  region size 2048K, 1 young (2048K), 1 survivors (2048K)
 Metaspace       used 77087K, committed 77632K, reserved 1179648K
  class space    used 9918K, committed 10176K, reserved 1048576K
}

Deoptimization events (20 events):
Event: 58.068 Thread 0x000002614e4605a0 Uncommon trap: trap_request=0xffffff45 fr.pc=0x00000261702532ec relative=0x000000000000188c
Event: 58.068 Thread 0x000002614e460ab0 Uncommon trap: trap_request=0xffffff45 fr.pc=0x00000261702532ec relative=0x000000000000188c
Event: 58.068 Thread 0x000002614e4605a0 Uncommon trap: reason=unstable_if action=reinterpret pc=0x00000261702532ec method=org.apache.catalina.connector.OutputBuffer.close()V @ 4 c2
Event: 58.068 Thread 0x000002614e460ab0 Uncommon trap: reason=unstable_if action=reinterpret pc=0x00000261702532ec method=org.apache.catalina.connector.OutputBuffer.close()V @ 4 c2
Event: 58.068 Thread 0x000002614e460ab0 DEOPT PACKING pc=0x00000261702532ec sp=0x00000091162feed0
Event: 58.068 Thread 0x000002614e4605a0 DEOPT PACKING pc=0x00000261702532ec sp=0x00000091163fee10
Event: 58.068 Thread 0x000002614e4605a0 DEOPT UNPACKING pc=0x000002616ef523a3 sp=0x00000091163fecc8 mode 2
Event: 58.068 Thread 0x000002614e460ab0 DEOPT UNPACKING pc=0x000002616ef523a3 sp=0x00000091162fed88 mode 2
Event: 58.068 Thread 0x000002614e4605a0 Uncommon trap: trap_request=0xffffff45 fr.pc=0x00000261701c8a30 relative=0x0000000000002bb0
Event: 58.068 Thread 0x000002614e4605a0 Uncommon trap: reason=unstable_if action=reinterpret pc=0x00000261701c8a30 method=org.apache.coyote.RequestInfo.updateCounters()V @ 58 c2
Event: 58.068 Thread 0x000002614e4605a0 DEOPT PACKING pc=0x00000261701c8a30 sp=0x00000091163feeb0
Event: 58.068 Thread 0x000002614e460ab0 Uncommon trap: trap_request=0xffffff45 fr.pc=0x00000261701c8a30 relative=0x0000000000002bb0
Event: 58.068 Thread 0x000002614e460ab0 Uncommon trap: reason=unstable_if action=reinterpret pc=0x00000261701c8a30 method=org.apache.coyote.RequestInfo.updateCounters()V @ 58 c2
Event: 58.068 Thread 0x000002614e460ab0 DEOPT PACKING pc=0x00000261701c8a30 sp=0x00000091162fef70
Event: 58.068 Thread 0x000002614e4605a0 DEOPT UNPACKING pc=0x000002616ef523a3 sp=0x00000091163feda8 mode 2
Event: 58.068 Thread 0x000002614e460ab0 DEOPT UNPACKING pc=0x000002616ef523a3 sp=0x00000091162fee68 mode 2
Event: 60.050 Thread 0x000002614e4605a0 Uncommon trap: trap_request=0xffffff45 fr.pc=0x000002616faa6264 relative=0x0000000000000724
Event: 60.051 Thread 0x000002614e4605a0 Uncommon trap: reason=unstable_if action=reinterpret pc=0x000002616faa6264 method=java.lang.ThreadLocal$ThreadLocalMap.set(Ljava/lang/ThreadLocal;Ljava/lang/Object;)V @ 125 c2
Event: 60.051 Thread 0x000002614e4605a0 DEOPT PACKING pc=0x000002616faa6264 sp=0x00000091163fb110
Event: 60.051 Thread 0x000002614e4605a0 DEOPT UNPACKING pc=0x000002616ef523a3 sp=0x00000091163fb0c0 mode 2

Classes unloaded (0 events):
No events

Classes redefined (0 events):
No events

Internal exceptions (20 events):
Event: 25.807 Thread 0x000002614e45a570 Implicit null exception at 0x000002616f6d63c0 to 0x000002616f6d65c0
Event: 25.866 Thread 0x000002614e45aa80 Exception <a 'java/lang/NoSuchMethodError'{0x000000070802dc98}: 'int java.lang.invoke.DirectMethodHandle$Holder.invokeStatic(java.lang.Object, java.lang.Object, int, int)'> (0x000000070802dc98) 
thrown [s\open\src\hotspot\share\interpreter\linkResolver.cpp, line 759]
Event: 25.983 Thread 0x000002614e45aa80 Exception <a 'java/lang/StackOverflowError'{0x000000070cc6a168}> (0x000000070cc6a168) 
thrown [s\open\src\hotspot\share\interpreter\interpreterRuntime.cpp, line 374]
Event: 25.986 Thread 0x000002614e45aa80 StackOverflowError at 0x0000026167e95360
Event: 25.986 Thread 0x000002614e45aa80 Exception <a 'java/lang/StackOverflowError'{0x000000070ccfc850}> (0x000000070ccfc850) 
thrown [s\open\src\hotspot\share\runtime\sharedRuntime.cpp, line 631]
Event: 25.987 Thread 0x000002614e45aa80 Exception <a 'java/lang/StackOverflowError'{0x000000070cd07378}> (0x000000070cd07378) 
thrown [s\open\src\hotspot\share\runtime\javaCalls.cpp, line 400]
Event: 25.989 Thread 0x000002614e45aa80 StackOverflowError at 0x000002616f8938e0
Event: 25.989 Thread 0x000002614e45aa80 Exception <a 'java/lang/StackOverflowError'{0x000000070cd11eb0}> (0x000000070cd11eb0) 
thrown [s\open\src\hotspot\share\runtime\sharedRuntime.cpp, line 631]
Event: 25.990 Thread 0x000002614e45aa80 StackOverflowError at 0x000002616f8938e0
Event: 25.990 Thread 0x000002614e45aa80 Exception <a 'java/lang/StackOverflowError'{0x000000070cd1ca60}> (0x000000070cd1ca60) 
thrown [s\open\src\hotspot\share\runtime\sharedRuntime.cpp, line 631]
Event: 25.991 Thread 0x000002614e45aa80 Exception <a 'java/lang/StackOverflowError'{0x000000070cd2ada0}> (0x000000070cd2ada0) 
thrown [s\open\src\hotspot\share\runtime\javaCalls.cpp, line 400]
Event: 25.993 Thread 0x000002614e45aa80 Exception <a 'java/lang/StackOverflowError'{0x000000070cd390c0}> (0x000000070cd390c0) 
thrown [s\open\src\hotspot\share\runtime\javaCalls.cpp, line 400]
Event: 25.994 Thread 0x000002614e45aa80 Exception <a 'java/lang/StackOverflowError'{0x000000070cda2710}> (0x000000070cda2710) 
thrown [s\open\src\hotspot\share\runtime\javaCalls.cpp, line 400]
Event: 25.995 Thread 0x000002614e45aa80 Exception <a 'java/lang/StackOverflowError'{0x000000070cdb0a30}> (0x000000070cdb0a30) 
thrown [s\open\src\hotspot\share\runtime\javaCalls.cpp, line 400]
Event: 33.919 Thread 0x000002614e4605a0 StackOverflowError at 0x000002616f8080a0
Event: 33.919 Thread 0x000002614e4605a0 Exception <a 'java/lang/StackOverflowError'{0x000000070aec2158}> (0x000000070aec2158) 
thrown [s\open\src\hotspot\share\runtime\sharedRuntime.cpp, line 631]
Event: 33.922 Thread 0x000002614e4605a0 Exception <a 'java/lang/StackOverflowError'{0x000000070aec76b0}> (0x000000070aec76b0) 
thrown [s\open\src\hotspot\share\interpreter\interpreterRuntime.cpp, line 374]
Event: 58.061 Thread 0x000002614e460ab0 Implicit null exception at 0x000002616fe86065 to 0x000002616fe88a84
Event: 58.066 Thread 0x000002614e460ab0 Implicit null exception at 0x000002616fd867b4 to 0x000002616fd8686c
Event: 58.066 Thread 0x000002614e4605a0 Implicit null exception at 0x000002616fd867b4 to 0x000002616fd8686c

VM Operations (20 events):
Event: 57.429 Executing VM operation: G1CollectForAllocation
Event: 57.431 Executing VM operation: G1CollectForAllocation done
Event: 57.977 Executing VM operation: G1CollectForAllocation
Event: 57.979 Executing VM operation: G1CollectForAllocation done
Event: 58.607 Executing VM operation: G1CollectForAllocation
Event: 58.609 Executing VM operation: G1CollectForAllocation done
Event: 59.080 Executing VM operation: G1CollectForAllocation
Event: 59.081 Executing VM operation: G1CollectForAllocation done
Event: 59.594 Executing VM operation: G1CollectForAllocation
Event: 59.596 Executing VM operation: G1CollectForAllocation done
Event: 60.111 Executing VM operation: G1CollectForAllocation
Event: 60.113 Executing VM operation: G1CollectForAllocation done
Event: 60.247 Executing VM operation: HandshakeAllThreads
Event: 60.248 Executing VM operation: HandshakeAllThreads done
Event: 60.640 Executing VM operation: G1CollectForAllocation
Event: 60.641 Executing VM operation: G1CollectForAllocation done
Event: 61.102 Executing VM operation: G1CollectForAllocation
Event: 61.104 Executing VM operation: G1CollectForAllocation done
Event: 61.554 Executing VM operation: G1CollectForAllocation
Event: 61.555 Executing VM operation: G1CollectForAllocation done

Events (20 events):
Event: 55.836 Thread 0x000002614913e570 flushing nmethod 0x0000026168a4bc90
Event: 55.836 Thread 0x000002614913e570 flushing nmethod 0x0000026168a66b90
Event: 55.836 Thread 0x000002614913e570 flushing nmethod 0x0000026168a68f10
Event: 55.836 Thread 0x000002614913e570 flushing nmethod 0x0000026168a7c710
Event: 55.836 Thread 0x000002614913e570 flushing nmethod 0x0000026168a80090
Event: 55.836 Thread 0x000002614913e570 flushing nmethod 0x0000026168a83c90
Event: 55.836 Thread 0x000002614913e570 flushing nmethod 0x0000026168a84a90
Event: 55.836 Thread 0x000002614913e570 flushing nmethod 0x0000026168a85c90
Event: 55.836 Thread 0x000002614913e570 flushing nmethod 0x0000026168a86810
Event: 55.836 Thread 0x000002614913e570 flushing nmethod 0x0000026168a95310
Event: 55.836 Thread 0x000002614913e570 flushing nmethod 0x0000026168a98c10
Event: 55.836 Thread 0x000002614913e570 flushing nmethod 0x0000026168b0bb90
Event: 55.837 Thread 0x000002614913e570 flushing nmethod 0x0000026168c60c10
Event: 55.837 Thread 0x000002614913e570 flushing nmethod 0x0000026168ca4390
Event: 55.900 Thread 0x000002614be4e900 Thread added: 0x000002614be4e900
Event: 55.900 Thread 0x000002614be4f3a0 Thread added: 0x000002614be4f3a0
Event: 56.193 Thread 0x000002614be4f3a0 Thread exited: 0x000002614be4f3a0
Event: 56.377 Thread 0x000002614be4e900 Thread exited: 0x000002614be4e900
Event: 57.765 Thread 0x000002614be53360 Thread added: 0x000002614be53360
Event: 59.947 Thread 0x000002614be53360 Thread exited: 0x000002614be53360


Dynamic libraries:
0x00007ff6db970000 - 0x00007ff6db980000 	C:\Program Files\Java\jdk-17\bin\java.exe
0x00007ff8c23b0000 - 0x00007ff8c25c7000 	C:\WINDOWS\SYSTEM32\ntdll.dll
0x00007ff8c08a0000 - 0x00007ff8c0964000 	C:\WINDOWS\System32\KERNEL32.DLL
0x00007ff8bf8e0000 - 0x00007ff8bfc87000 	C:\WINDOWS\System32\KERNELBASE.dll
0x00007ff8bfe00000 - 0x00007ff8bff11000 	C:\WINDOWS\System32\ucrtbase.dll
0x00007ff8aacb0000 - 0x00007ff8aacc9000 	C:\Program Files\Java\jdk-17\bin\jli.dll
0x00007ff8a26c0000 - 0x00007ff8a26db000 	C:\Program Files\Java\jdk-17\bin\VCRUNTIME140.dll
0x00007ff8c0980000 - 0x00007ff8c0a32000 	C:\WINDOWS\System32\ADVAPI32.dll
0x00007ff8c2260000 - 0x00007ff8c2307000 	C:\WINDOWS\System32\msvcrt.dll
0x00007ff8c20b0000 - 0x00007ff8c2158000 	C:\WINDOWS\System32\sechost.dll
0x00007ff8c00b0000 - 0x00007ff8c00d8000 	C:\WINDOWS\System32\bcrypt.dll
0x00007ff8c0220000 - 0x00007ff8c0335000 	C:\WINDOWS\System32\RPCRT4.dll
0x00007ff8c0340000 - 0x00007ff8c04ee000 	C:\WINDOWS\System32\USER32.dll
0x00007ff8b0970000 - 0x00007ff8b0c03000 	C:\WINDOWS\WinSxS\amd64_microsoft.windows.common-controls_6595b64144ccf1df_6.0.22621.3527_none_270e469b73872a76\COMCTL32.dll
0x00007ff8bf790000 - 0x00007ff8bf7b6000 	C:\WINDOWS\System32\win32u.dll
0x00007ff8c0840000 - 0x00007ff8c0869000 	C:\WINDOWS\System32\GDI32.dll
0x00007ff8bff20000 - 0x00007ff8c0039000 	C:\WINDOWS\System32\gdi32full.dll
0x00007ff8bf7c0000 - 0x00007ff8bf85a000 	C:\WINDOWS\System32\msvcp_win.dll
0x00007ff8b4e90000 - 0x00007ff8b4e9a000 	C:\WINDOWS\SYSTEM32\VERSION.dll
0x00007ff8c01e0000 - 0x00007ff8c0211000 	C:\WINDOWS\System32\IMM32.DLL
0x00007ff8b0010000 - 0x00007ff8b001c000 	C:\Program Files\Java\jdk-17\bin\vcruntime140_1.dll
0x00007ff8979d0000 - 0x00007ff897a5e000 	C:\Program Files\Java\jdk-17\bin\msvcp140.dll
0x00007ff8189a0000 - 0x00007ff81957f000 	C:\Program Files\Java\jdk-17\bin\server\jvm.dll
0x00007ff8c11c0000 - 0x00007ff8c11c8000 	C:\WINDOWS\System32\PSAPI.DLL
0x00007ff8a7e50000 - 0x00007ff8a7e59000 	C:\WINDOWS\SYSTEM32\WSOCK32.dll
0x00007ff8b7c90000 - 0x00007ff8b7cc4000 	C:\WINDOWS\SYSTEM32\WINMM.dll
0x00007ff8c05f0000 - 0x00007ff8c0661000 	C:\WINDOWS\System32\WS2_32.dll
0x00007ff8be690000 - 0x00007ff8be6a8000 	C:\WINDOWS\SYSTEM32\kernel.appcore.dll
0x00007ff8afb20000 - 0x00007ff8afb2a000 	C:\Program Files\Java\jdk-17\bin\jimage.dll
0x00007ff8bd270000 - 0x00007ff8bd4a2000 	C:\WINDOWS\SYSTEM32\DBGHELP.DLL
0x00007ff8c1d20000 - 0x00007ff8c20a8000 	C:\WINDOWS\System32\combase.dll
0x00007ff8c0ec0000 - 0x00007ff8c0f97000 	C:\WINDOWS\System32\OLEAUT32.dll
0x00007ff8b5190000 - 0x00007ff8b51c2000 	C:\WINDOWS\SYSTEM32\dbgcore.DLL
0x00007ff8bf860000 - 0x00007ff8bf8d9000 	C:\WINDOWS\System32\bcryptPrimitives.dll
0x00007ff8bb820000 - 0x00007ff8bb82e000 	C:\Program Files\Java\jdk-17\bin\instrument.dll
0x00007ff8a2680000 - 0x00007ff8a26a5000 	C:\Program Files\Java\jdk-17\bin\java.dll
0x00007ff8967c0000 - 0x00007ff896897000 	C:\Program Files\Java\jdk-17\bin\jsvml.dll
0x00007ff8c11d0000 - 0x00007ff8c1a2c000 	C:\WINDOWS\System32\SHELL32.dll
0x00007ff8bd610000 - 0x00007ff8bdf06000 	C:\WINDOWS\SYSTEM32\windows.storage.dll
0x00007ff8bd4d0000 - 0x00007ff8bd60e000 	C:\WINDOWS\SYSTEM32\wintypes.dll
0x00007ff8c00e0000 - 0x00007ff8c01d5000 	C:\WINDOWS\System32\SHCORE.dll
0x00007ff8c2310000 - 0x00007ff8c236e000 	C:\WINDOWS\System32\shlwapi.dll
0x00007ff8bf600000 - 0x00007ff8bf621000 	C:\WINDOWS\SYSTEM32\profapi.dll
0x00007ff8a0ea0000 - 0x00007ff8a0eb8000 	C:\Program Files\Java\jdk-17\bin\zip.dll
0x00007ff8a0ee0000 - 0x00007ff8a0ef9000 	C:\Program Files\Java\jdk-17\bin\net.dll
0x00007ff8bbcd0000 - 0x00007ff8bbe06000 	C:\WINDOWS\SYSTEM32\WINHTTP.dll
0x00007ff8beb60000 - 0x00007ff8bebc9000 	C:\WINDOWS\system32\mswsock.dll
0x00007ff8a0ec0000 - 0x00007ff8a0ed6000 	C:\Program Files\Java\jdk-17\bin\nio.dll
0x00007ff8b0550000 - 0x00007ff8b056a000 	C:\Program Files\JetBrains\IntelliJ IDEA Community Edition 2023.3.2\bin\breakgen64.dll
0x00007ff8b4bb0000 - 0x00007ff8b4bbe000 	C:\Program Files\Java\jdk-17\bin\sunmscapi.dll
0x00007ff8bfc90000 - 0x00007ff8bfdf8000 	C:\WINDOWS\System32\CRYPT32.dll
0x00007ff8beff0000 - 0x00007ff8bf01e000 	C:\WINDOWS\SYSTEM32\ncrypt.dll
0x00007ff8befb0000 - 0x00007ff8befe7000 	C:\WINDOWS\SYSTEM32\NTASN1.dll
0x00007ff8bedc0000 - 0x00007ff8beddb000 	C:\WINDOWS\SYSTEM32\CRYPTSP.dll
0x00007ff8be650000 - 0x00007ff8be685000 	C:\WINDOWS\system32\rsaenh.dll
0x00007ff8bec60000 - 0x00007ff8bec88000 	C:\WINDOWS\SYSTEM32\USERENV.dll
0x00007ff8bede0000 - 0x00007ff8bedec000 	C:\WINDOWS\SYSTEM32\CRYPTBASE.dll
0x00007ff8be170000 - 0x00007ff8be19d000 	C:\WINDOWS\SYSTEM32\IPHLPAPI.DLL
0x00007ff8c1d10000 - 0x00007ff8c1d19000 	C:\WINDOWS\System32\NSI.dll
0x00007ff8bbbe0000 - 0x00007ff8bbbf9000 	C:\WINDOWS\SYSTEM32\dhcpcsvc6.DLL
0x00007ff8bbbc0000 - 0x00007ff8bbbdf000 	C:\WINDOWS\SYSTEM32\dhcpcsvc.DLL
0x00007ff8be1a0000 - 0x00007ff8be298000 	C:\WINDOWS\SYSTEM32\DNSAPI.dll
0x00007ff8bb810000 - 0x00007ff8bb81a000 	C:\Program Files\Java\jdk-17\bin\management.dll
0x00007ff8b52e0000 - 0x00007ff8b52eb000 	C:\Program Files\Java\jdk-17\bin\management_ext.dll
0x00007ff8a28b0000 - 0x00007ff8a28c0000 	C:\Program Files\Java\jdk-17\bin\verify.dll
0x00007ff8b7980000 - 0x00007ff8b798a000 	C:\Windows\System32\rasadhlp.dll
0x00007ff8b7990000 - 0x00007ff8b7a13000 	C:\WINDOWS\System32\fwpuclnt.dll
0x00007ff877ae0000 - 0x00007ff877ae8000 	C:\WINDOWS\system32\wshunix.dll

dbghelp: loaded successfully - version: 4.0.5 - missing functions: none
symbol engine: initialized successfully - sym options: 0x614 - pdb path: .;C:\Program Files\Java\jdk-17\bin;C:\WINDOWS\SYSTEM32;C:\WINDOWS\WinSxS\amd64_microsoft.windows.common-controls_6595b64144ccf1df_6.0.22621.3527_none_270e469b73872a76;C:\Program Files\Java\jdk-17\bin\server;C:\Program Files\JetBrains\IntelliJ IDEA Community Edition 2023.3.2\bin

VM Arguments:
jvm_args: -javaagent:C:\Program Files\JetBrains\IntelliJ IDEA Community Edition 2023.3.2\lib\idea_rt.jar=52429:C:\Program Files\JetBrains\IntelliJ IDEA Community Edition 2023.3.2\bin -Dfile.encoding=UTF-8 
java_command: com.restaurant.restaurant_spring.RestaurantSpringApplication
java_class_path (initial): C:\Users\DELOITTE\Desktop\fullstack project\Restaurant-Management\backend\restaurant_spring\target\classes;C:\Users\DELOITTE\.m2\repository\org\springframework\boot\spring-boot-starter-data-jpa\3.2.5\spring-boot-starter-data-jpa-3.2.5.jar;C:\Users\DELOITTE\.m2\repository\org\springframework\boot\spring-boot-starter-aop\3.2.5\spring-boot-starter-aop-3.2.5.jar;C:\Users\DELOITTE\.m2\repository\org\aspectj\aspectjweaver\1.9.22\aspectjweaver-1.9.22.jar;C:\Users\DELOITTE\.m2\repository\org\springframework\boot\spring-boot-starter-jdbc\3.2.5\spring-boot-starter-jdbc-3.2.5.jar;C:\Users\DELOITTE\.m2\repository\com\zaxxer\HikariCP\5.0.1\HikariCP-5.0.1.jar;C:\Users\DELOITTE\.m2\repository\org\springframework\spring-jdbc\6.1.6\spring-jdbc-6.1.6.jar;C:\Users\DELOITTE\.m2\repository\org\hibernate\orm\hibernate-core\6.4.4.Final\hibernate-core-6.4.4.Final.jar;C:\Users\DELOITTE\.m2\repository\jakarta\persistence\jakarta.persistence-api\3.1.0\jakarta.persistence-api-3.1.0.jar;C:\Users\DELOITTE\.m2\repository\jakarta\transaction\jakarta.transaction-api\2.0.1\jakarta.transaction-api-2.0.1.jar;C:\Users\DELOITTE\.m2\repository\org\jboss\logging\jboss-logging\3.5.3.Final\jboss-logging-3.5.3.Final.jar;C:\Users\DELOITTE\.m2\repository\org\hibernate\common\hibernate-commons-annotations\6.0.6.Final\hibernate-commons-annotations-6.0.6.Final.jar;C:\Users\DELOITTE\.m2\repository\io\smallrye\jandex\3.1.2\jandex-3.1.2.jar;C:\Users\DELOITTE\.m2\repository\com\fasterxml\classmate\1.6.0\classmate-1.6.0.jar;C:\Users\DELOITTE\.m2\repository\net\bytebuddy\byte-buddy\1.14.13\byte-buddy-1.14.13.jar;C:\Users\DELOITTE\.m2\repository\org\glassfish\jaxb\jaxb-runtime\4.0.5\jaxb-runtime-4.0.5.jar;C:\Users\DELOITTE\.m2\repository\org\glassfish\jaxb\jaxb-core\4.0.5\jaxb-core-4.0.5.jar;C:\Users\DELOITTE\.m2\repository\org\eclipse\angus\angus-activation\2.0.2\angus-activation-2.0.2.jar;C:\Users\DELOITTE\.m2\repository\org\glassfish\jaxb\txw2\4.0.5\txw2-4.0.5.jar;C:\Users\DELOITTE\.m2\re
Launcher Type: SUN_STANDARD

[Global flags]
     intx CICompilerCount                          = 4                                         {product} {ergonomic}
     uint ConcGCThreads                            = 2                                         {product} {ergonomic}
     uint G1ConcRefinementThreads                  = 8                                         {product} {ergonomic}
   size_t G1HeapRegionSize                         = 2097152                                   {product} {ergonomic}
    uintx GCDrainStackTargetSize                   = 64                                        {product} {ergonomic}
   size_t InitialHeapSize                          = 264241152                                 {product} {ergonomic}
   size_t MarkStackSize                            = 4194304                                   {product} {ergonomic}
   size_t MaxHeapSize                              = 4221566976                                {product} {ergonomic}
   size_t MaxNewSize                               = 2531262464                                {product} {ergonomic}
   size_t MinHeapDeltaBytes                        = 2097152                                   {product} {ergonomic}
   size_t MinHeapSize                              = 8388608                                   {product} {ergonomic}
    uintx NonNMethodCodeHeapSize                   = 5839372                                {pd product} {ergonomic}
    uintx NonProfiledCodeHeapSize                  = 122909434                              {pd product} {ergonomic}
    uintx ProfiledCodeHeapSize                     = 122909434                              {pd product} {ergonomic}
    uintx ReservedCodeCacheSize                    = 251658240                              {pd product} {ergonomic}
     bool SegmentedCodeCache                       = true                                      {product} {ergonomic}
   size_t SoftMaxHeapSize                          = 4221566976                             {manageable} {ergonomic}
     bool UseCompressedClassPointers               = true                           {product lp64_product} {ergonomic}
     bool UseCompressedOops                        = true                           {product lp64_product} {ergonomic}
     bool UseG1GC                                  = true                                      {product} {ergonomic}
     bool UseLargePagesIndividualAllocation        = false                                  {pd product} {ergonomic}

Logging:
Log output configuration:
 #0: stdout all=warning uptime,level,tags
 #1: stderr all=off uptime,level,tags

Environment Variables:
JAVA_HOME=C:\Program Files\Java\jdk1.8.0_202\bin
PATH=C:\Program Files\Common Files\Oracle\Java\javapath;C:\Program Files (x86)\Common Files\Oracle\Java\java8path;C:\Program Files (x86)\Common Files\Oracle\Java\javapath;C:\Users\DELOITTE\Downloads\WINDOWS.X64_193000_db_home\bin;C:\Program Files (x86)\VMware\VMware Workstation\bin\;C:\WINDOWS\system32;C:\WINDOWS;C:\WINDOWS\System32\Wbem;C:\WINDOWS\System32\WindowsPowerShell\v1.0\;C:\WINDOWS\System32\OpenSSH\;C:\Program Files\Git\cmd;C:\Program Files\nodejs\;C:\Windows\System32;C:\Users\DELOITTE\AppData\Local\Microsoft\WindowsApps;;C:\Users\DELOITTE\AppData\Local\Programs\Microsoft VS Code\bin;C:\Program Files\JetBrains\IntelliJ IDEA 2023.3.2\bin;;C:\Users\DELOITTE\AppData\Roaming\npm;C:\Program Files\JetBrains\IntelliJ IDEA Community Edition 2023.3.2\bin;
USERNAME=DELOITTE
OS=Windows_NT
PROCESSOR_IDENTIFIER=Intel64 Family 6 Model 142 Stepping 12, GenuineIntel



---------------  S Y S T E M  ---------------

OS:
 Windows 11 , 64 bit Build 22621 (10.0.22621.3527)
OS uptime: 0 days 5:43 hours

CPU: total 8 (initial active 8) (4 cores per cpu, 2 threads per core) family 6 model 142 stepping 12 microcode 0xf0, cx8, cmov, fxsr, ht, mmx, 3dnowpref, sse, sse2, sse3, ssse3, sse4.1, sse4.2, popcnt, lzcnt, tsc, tscinvbit, avx, avx2, aes, erms, clmul, bmi1, bmi2, adx, fma, vzeroupper, clflush, clflushopt

Memory: 4k page, system-wide physical 16103M (5054M free)
TotalPageFile size 46522M (AvailPageFile size 8M)
current process WorkingSet (physical memory assigned to process): 424M, peak: 455M
current process commit charge ("private bytes"): 467M, peak: 495M

vm_info: Java HotSpot(TM) 64-Bit Server VM (17.0.10+11-LTS-240) for windows-amd64 JRE (17.0.10+11-LTS-240), built on Dec 19 2023 21:47:25 by "mach5one" with MS VC++ 17.1 (VS2022)

END.
